TN:
SF:src/App.tsx
FN:11,App
FN:14,(anonymous_2)
FNF:2
FNH:0
FNDA:0,App
FNDA:0,(anonymous_2)
DA:1,0
DA:2,0
DA:3,0
DA:4,0
DA:5,0
DA:6,0
DA:7,0
DA:8,0
DA:9,0
DA:12,0
DA:17,0
DA:18,0
DA:54,0
LF:13
LH:0
BRDA:17,0,0,0
BRF:1
BRH:0
end_of_record
TN:
SF:src/components/AuthModal.tsx
FN:17,(anonymous_10)
FN:28,(anonymous_11)
FN:43,(anonymous_12)
FN:56,(anonymous_13)
FN:62,(anonymous_14)
FN:63,(anonymous_15)
FN:69,(anonymous_16)
FN:72,(anonymous_17)
FN:100,(anonymous_18)
FN:111,(anonymous_19)
FN:155,(anonymous_20)
FN:235,(anonymous_21)
FNF:12
FNH:0
FNDA:0,(anonymous_10)
FNDA:0,(anonymous_11)
FNDA:0,(anonymous_12)
FNDA:0,(anonymous_13)
FNDA:0,(anonymous_14)
FNDA:0,(anonymous_15)
FNDA:0,(anonymous_16)
FNDA:0,(anonymous_17)
FNDA:0,(anonymous_18)
FNDA:0,(anonymous_19)
FNDA:0,(anonymous_20)
FNDA:0,(anonymous_21)
DA:1,0
DA:2,0
DA:3,0
DA:4,0
DA:5,0
DA:6,0
DA:7,0
DA:9,0
DA:17,0
DA:22,0
DA:23,0
DA:24,0
DA:25,0
DA:27,0
DA:30,0
DA:31,0
DA:34,0
DA:35,0
DA:37,0
DA:43,0
DA:44,0
DA:45,0
DA:46,0
DA:47,0
DA:48,0
DA:50,0
DA:53,0
DA:56,0
DA:57,0
DA:62,0
DA:63,0
DA:64,0
DA:65,0
DA:68,0
DA:69,0
DA:72,0
DA:73,0
DA:74,0
DA:76,0
DA:77,0
DA:79,0
DA:80,0
DA:84,0
DA:85,0
DA:86,0
DA:88,0
DA:94,0
DA:96,0
DA:100,0
DA:101,0
DA:104,0
DA:107,0
DA:111,0
DA:155,0
DA:235,0
LF:55
LH:0
BRDA:30,0,0,0
BRDA:30,0,1,0
BRDA:34,1,0,0
BRDA:34,1,1,0
BRDA:44,2,0,0
BRDA:44,2,1,0
BRDA:64,3,0,0
BRDA:64,4,0,0
BRDA:64,4,1,0
BRDA:74,5,0,0
BRDA:74,6,0,0
BRDA:74,6,1,0
BRDA:84,7,0,0
BRDA:84,7,1,0
BRDA:89,8,0,0
BRDA:89,8,1,0
BRDA:104,9,0,0
BRDA:111,10,0,0
BRDA:111,10,1,0
BRDA:119,11,0,0
BRDA:119,11,1,0
BRDA:144,12,0,0
BRDA:144,12,1,0
BRDA:164,13,0,0
BRDA:164,13,1,0
BRDA:172,14,0,0
BRDA:172,14,1,0
BRDA:175,15,0,0
BRDA:175,15,1,0
BRF:29
BRH:0
end_of_record
TN:
SF:src/components/CircularControl.tsx
FN:13,(anonymous_9)
FN:26,(anonymous_10)
FN:31,(anonymous_11)
FN:38,(anonymous_12)
FN:61,(anonymous_13)
FN:76,(anonymous_14)
FN:88,(anonymous_15)
FN:92,(anonymous_16)
FN:94,(anonymous_17)
FN:95,(anonymous_18)
FN:96,(anonymous_19)
FN:103,(anonymous_20)
FNF:12
FNH:0
FNDA:0,(anonymous_9)
FNDA:0,(anonymous_10)
FNDA:0,(anonymous_11)
FNDA:0,(anonymous_12)
FNDA:0,(anonymous_13)
FNDA:0,(anonymous_14)
FNDA:0,(anonymous_15)
FNDA:0,(anonymous_16)
FNDA:0,(anonymous_17)
FNDA:0,(anonymous_18)
FNDA:0,(anonymous_19)
FNDA:0,(anonymous_20)
DA:1,0
DA:13,0
DA:22,0
DA:23,0
DA:26,0
DA:27,0
DA:31,0
DA:32,0
DA:33,0
DA:37,0
DA:39,0
DA:41,0
DA:42,0
DA:43,0
DA:46,0
DA:47,0
DA:48,0
DA:50,0
DA:51,0
DA:55,0
DA:56,0
DA:61,0
DA:62,0
DA:66,0
DA:69,0
DA:72,0
DA:75,0
DA:77,0
DA:79,0
DA:81,0
DA:82,0
DA:83,0
DA:88,0
DA:89,0
DA:92,0
DA:93,0
DA:94,0
DA:95,0
DA:96,0
DA:98,0
DA:99,0
DA:100,0
DA:101,0
DA:103,0
DA:104,0
DA:105,0
DA:106,0
DA:107,0
DA:112,0
DA:113,0
DA:115,0
LF:51
LH:0
BRDA:16,0,0,0
BRDA:17,1,0,0
BRDA:18,2,0,0
BRDA:19,3,0,0
BRDA:20,4,0,0
BRDA:39,5,0,0
BRDA:46,6,0,0
BRDA:46,6,1,0
BRDA:62,7,0,0
BRDA:66,8,0,0
BRDA:66,8,1,0
BRDA:77,9,0,0
BRDA:77,10,0,0
BRDA:77,10,1,0
BRDA:93,11,0,0
BRDA:113,12,0,0
BRDA:113,12,1,0
BRDA:113,13,0,0
BRDA:113,13,1,0
BRDA:121,14,0,0
BRDA:121,14,1,0
BRDA:152,15,0,0
BRDA:152,15,1,0
BRDA:183,16,0,0
BRDA:183,16,1,0
BRDA:186,17,0,0
BRDA:186,17,1,0
BRF:27
BRH:0
end_of_record
TN:
SF:src/components/ErrorBoundary.tsx
FN:14,(anonymous_0)
FN:20,(anonymous_1)
FN:24,(anonymous_2)
FN:36,(anonymous_3)
FN:54,(anonymous_4)
FN:81,(anonymous_5)
FN:87,(anonymous_6)
FN:91,(anonymous_7)
FN:97,(anonymous_8)
FN:119,(anonymous_9)
FNF:10
FNH:0
FNDA:0,(anonymous_0)
FNDA:0,(anonymous_1)
FNDA:0,(anonymous_2)
FNDA:0,(anonymous_3)
FNDA:0,(anonymous_4)
FNDA:0,(anonymous_5)
FNDA:0,(anonymous_6)
FNDA:0,(anonymous_7)
FNDA:0,(anonymous_8)
FNDA:0,(anonymous_9)
DA:1,0
DA:14,0
DA:15,0
DA:21,0
DA:26,0
DA:27,0
DA:31,0
DA:32,0
DA:37,0
DA:39,0
DA:40,0
DA:44,0
DA:54,0
DA:76,0
DA:81,0
DA:82,0
DA:88,0
DA:92,0
DA:93,0
DA:98,0
DA:99,0
DA:119,0
DA:129,0
LF:23
LH:0
BRDA:26,0,0,0
BRDA:31,1,0,0
BRDA:37,2,0,0
BRDA:39,3,0,0
BRDA:59,4,0,0
BRDA:59,4,1,0
BRDA:59,4,2,0
BRDA:92,5,0,0
BRDA:98,6,0,0
BRF:9
BRH:0
end_of_record
TN:
SF:src/components/LandingPage.tsx
FN:6,(anonymous_10)
FN:10,(anonymous_11)
FN:29,(anonymous_12)
FN:90,(anonymous_13)
FNF:4
FNH:0
FNDA:0,(anonymous_10)
FNDA:0,(anonymous_11)
FNDA:0,(anonymous_12)
FNDA:0,(anonymous_13)
DA:1,0
DA:2,0
DA:3,0
DA:4,0
DA:6,0
DA:7,0
DA:8,0
DA:10,0
DA:12,0
DA:15,0
DA:29,0
DA:90,0
DA:96,0
LF:13
LH:0
BRDA:40,0,0,0
BRDA:40,0,1,0
BRDA:52,1,0,0
BRDA:52,1,1,0
BRDA:67,2,0,0
BRDA:67,2,1,0
BRF:6
BRH:0
end_of_record
TN:
SF:src/components/LogbookEntryList.tsx
FN:16,(anonymous_1)
FN:24,(anonymous_2)
FN:30,(anonymous_3)
FN:33,(anonymous_4)
FN:36,(anonymous_5)
FN:66,(anonymous_6)
FN:84,(anonymous_7)
FN:88,(anonymous_8)
FN:99,(anonymous_9)
FN:115,(anonymous_10)
FN:144,(anonymous_11)
FN:150,(anonymous_12)
FN:190,(anonymous_13)
FN:224,(anonymous_14)
FN:239,(anonymous_15)
FN:248,(anonymous_16)
FNF:16
FNH:16
FNDA:18,(anonymous_1)
FNDA:49,(anonymous_2)
FNDA:16,(anonymous_3)
FNDA:14,(anonymous_4)
FNDA:19,(anonymous_5)
FNDA:35,(anonymous_6)
FNDA:9,(anonymous_7)
FNDA:35,(anonymous_8)
FNDA:35,(anonymous_9)
FNDA:35,(anonymous_10)
FNDA:25,(anonymous_11)
FNDA:35,(anonymous_12)
FNDA:48,(anonymous_13)
FNDA:70,(anonymous_14)
FNDA:1,(anonymous_15)
FNDA:1,(anonymous_16)
DA:1,1
DA:16,1
DA:24,18
DA:26,49
DA:27,12
DA:29,12
DA:31,16
DA:34,14
DA:36,19
DA:38,12
DA:42,40
DA:43,2
DA:47,38
DA:48,2
DA:52,36
DA:53,3
DA:54,3
DA:58,1
DA:62,35
DA:66,18
DA:67,35
DA:68,35
DA:75,35
DA:76,25
DA:78,35
DA:79,35
DA:83,18
DA:84,9
DA:88,18
DA:89,35
DA:90,35
DA:92,35
DA:93,14
DA:95,21
DA:99,18
DA:100,35
DA:102,13
DA:104,9
DA:106,13
DA:108,0
DA:110,0
DA:115,18
DA:116,35
DA:118,0
DA:120,9
DA:122,13
DA:124,13
DA:126,0
DA:130,18
DA:131,2
DA:142,16
DA:145,25
DA:151,35
DA:190,48
DA:225,70
DA:239,1
DA:248,1
DA:266,1
LF:58
LH:54
BRDA:20,0,0,14
BRDA:26,1,0,12
BRDA:29,2,0,12
BRDA:29,2,1,12
BRDA:29,2,2,11
BRDA:29,2,3,10
BRDA:38,3,0,9
BRDA:42,4,0,2
BRDA:42,5,0,40
BRDA:42,5,1,3
BRDA:47,6,0,2
BRDA:47,7,0,38
BRDA:47,7,1,3
BRDA:52,8,0,3
BRDA:54,9,0,1
BRDA:55,10,0,3
BRDA:55,10,1,2
BRDA:75,11,0,25
BRDA:92,12,0,14
BRDA:100,13,0,13
BRDA:100,13,1,9
BRDA:100,13,2,13
BRDA:100,13,3,0
BRDA:100,13,4,0
BRDA:116,14,0,0
BRDA:116,14,1,9
BRDA:116,14,2,13
BRDA:116,14,3,13
BRDA:116,14,4,0
BRDA:130,15,0,2
BRDA:134,16,0,1
BRDA:134,16,1,1
BRDA:134,17,0,2
BRDA:134,17,1,1
BRDA:166,18,0,35
BRDA:166,18,1,35
BRDA:178,19,0,35
BRDA:178,19,1,9
BRDA:185,20,0,35
BRDA:185,20,1,35
BRDA:196,21,0,35
BRDA:196,21,1,26
BRDA:207,22,0,35
BRDA:207,22,1,35
BRDA:213,23,0,35
BRDA:213,23,1,13
BRDA:222,24,0,35
BRDA:222,24,1,35
BRDA:237,25,0,35
BRDA:237,25,1,3
BRDA:246,26,0,35
BRDA:246,26,1,3
BRF:52
BRH:48
end_of_record
TN:
SF:src/components/ManualEntryForm.tsx
FN:12,(anonymous_9)
FN:65,(anonymous_10)
FN:76,(anonymous_11)
FN:77,(anonymous_12)
FN:80,(anonymous_13)
FN:82,(anonymous_14)
FN:88,(anonymous_15)
FN:95,(anonymous_16)
FN:96,(anonymous_17)
FN:99,(anonymous_18)
FN:143,(anonymous_19)
FN:147,(anonymous_20)
FN:174,(anonymous_21)
FN:190,(anonymous_22)
FN:211,(anonymous_23)
FN:231,(anonymous_24)
FN:241,(anonymous_25)
FN:263,(anonymous_26)
FN:264,(anonymous_27)
FN:283,(anonymous_28)
FN:291,(anonymous_29)
FN:309,(anonymous_30)
FN:313,(anonymous_31)
FN:337,(anonymous_32)
FN:341,(anonymous_33)
FN:366,(anonymous_34)
FN:383,(anonymous_35)
FN:384,(anonymous_36)
FN:403,(anonymous_37)
FN:411,(anonymous_38)
FNF:30
FNH:0
FNDA:0,(anonymous_9)
FNDA:0,(anonymous_10)
FNDA:0,(anonymous_11)
FNDA:0,(anonymous_12)
FNDA:0,(anonymous_13)
FNDA:0,(anonymous_14)
FNDA:0,(anonymous_15)
FNDA:0,(anonymous_16)
FNDA:0,(anonymous_17)
FNDA:0,(anonymous_18)
FNDA:0,(anonymous_19)
FNDA:0,(anonymous_20)
FNDA:0,(anonymous_21)
FNDA:0,(anonymous_22)
FNDA:0,(anonymous_23)
FNDA:0,(anonymous_24)
FNDA:0,(anonymous_25)
FNDA:0,(anonymous_26)
FNDA:0,(anonymous_27)
FNDA:0,(anonymous_28)
FNDA:0,(anonymous_29)
FNDA:0,(anonymous_30)
FNDA:0,(anonymous_31)
FNDA:0,(anonymous_32)
FNDA:0,(anonymous_33)
FNDA:0,(anonymous_34)
FNDA:0,(anonymous_35)
FNDA:0,(anonymous_36)
FNDA:0,(anonymous_37)
FNDA:0,(anonymous_38)
DA:1,0
DA:12,0
DA:18,0
DA:21,0
DA:22,0
DA:27,0
DA:32,0
DA:35,0
DA:38,0
DA:39,0
DA:42,0
DA:45,0
DA:46,0
DA:47,0
DA:50,0
DA:65,0
DA:66,0
DA:67,0
DA:71,0
DA:72,0
DA:76,0
DA:77,0
DA:80,0
DA:81,0
DA:82,0
DA:84,0
DA:88,0
DA:89,0
DA:90,0
DA:91,0
DA:95,0
DA:96,0
DA:99,0
DA:100,0
DA:103,0
DA:104,0
DA:107,0
DA:110,0
DA:111,0
DA:112,0
DA:115,0
DA:131,0
DA:134,0
DA:144,0
DA:147,0
DA:174,0
DA:190,0
DA:211,0
DA:232,0
DA:242,0
DA:263,0
DA:265,0
DA:266,0
DA:267,0
DA:284,0
DA:291,0
DA:310,0
DA:313,0
DA:338,0
DA:341,0
DA:366,0
DA:383,0
DA:385,0
DA:386,0
DA:387,0
DA:404,0
DA:411,0
DA:443,0
LF:68
LH:0
BRDA:19,0,0,0
BRDA:19,0,1,0
BRDA:23,1,0,0
BRDA:23,1,1,0
BRDA:28,2,0,0
BRDA:28,2,1,0
BRDA:33,3,0,0
BRDA:33,3,1,0
BRDA:36,4,0,0
BRDA:36,4,1,0
BRDA:40,5,0,0
BRDA:40,5,1,0
BRDA:43,6,0,0
BRDA:43,6,1,0
BRDA:45,7,0,0
BRDA:45,7,1,0
BRDA:46,8,0,0
BRDA:46,8,1,0
BRDA:66,9,0,0
BRDA:81,10,0,0
BRDA:81,10,1,0
BRDA:89,11,0,0
BRDA:89,12,0,0
BRDA:89,12,1,0
BRDA:111,13,0,0
BRDA:127,14,0,0
BRDA:127,14,1,0
BRDA:149,15,0,0
BRDA:149,15,1,0
BRDA:211,16,0,0
BRDA:211,16,1,0
BRDA:218,17,0,0
BRDA:218,17,1,0
BRDA:265,18,0,0
BRDA:281,19,0,0
BRDA:281,19,1,0
BRDA:315,20,0,0
BRDA:315,20,1,0
BRDA:343,21,0,0
BRDA:343,21,1,0
BRDA:385,22,0,0
BRDA:401,23,0,0
BRDA:401,23,1,0
BRF:43
BRH:0
end_of_record
TN:
SF:src/components/MultiVoicePlayer.tsx
FN:28,(anonymous_9)
FN:48,(anonymous_10)
FN:54,(anonymous_11)
FN:57,(anonymous_12)
FN:63,(anonymous_13)
FN:69,(anonymous_14)
FN:76,(anonymous_15)
FN:77,(anonymous_16)
FN:78,(anonymous_17)
FN:79,(anonymous_18)
FN:94,(anonymous_19)
FN:97,(anonymous_20)
FN:102,(anonymous_21)
FN:105,(anonymous_22)
FN:121,(anonymous_23)
FN:128,(anonymous_24)
FN:131,(anonymous_25)
FN:140,(anonymous_26)
FN:141,(anonymous_27)
FN:148,(anonymous_28)
FN:163,(anonymous_29)
FN:167,(anonymous_30)
FN:168,(anonymous_31)
FN:175,(anonymous_32)
FN:254,(anonymous_33)
FN:270,(anonymous_34)
FN:279,(anonymous_35)
FN:291,(anonymous_36)
FN:318,(anonymous_37)
FNF:29
FNH:0
FNDA:0,(anonymous_9)
FNDA:0,(anonymous_10)
FNDA:0,(anonymous_11)
FNDA:0,(anonymous_12)
FNDA:0,(anonymous_13)
FNDA:0,(anonymous_14)
FNDA:0,(anonymous_15)
FNDA:0,(anonymous_16)
FNDA:0,(anonymous_17)
FNDA:0,(anonymous_18)
FNDA:0,(anonymous_19)
FNDA:0,(anonymous_20)
FNDA:0,(anonymous_21)
FNDA:0,(anonymous_22)
FNDA:0,(anonymous_23)
FNDA:0,(anonymous_24)
FNDA:0,(anonymous_25)
FNDA:0,(anonymous_26)
FNDA:0,(anonymous_27)
FNDA:0,(anonymous_28)
FNDA:0,(anonymous_29)
FNDA:0,(anonymous_30)
FNDA:0,(anonymous_31)
FNDA:0,(anonymous_32)
FNDA:0,(anonymous_33)
FNDA:0,(anonymous_34)
FNDA:0,(anonymous_35)
FNDA:0,(anonymous_36)
FNDA:0,(anonymous_37)
DA:1,0
DA:3,0
DA:28,0
DA:39,0
DA:40,0
DA:41,0
DA:42,0
DA:43,0
DA:44,0
DA:45,0
DA:48,0
DA:49,0
DA:50,0
DA:52,0
DA:55,0
DA:58,0
DA:59,0
DA:60,0
DA:63,0
DA:64,0
DA:69,0
DA:70,0
DA:71,0
DA:72,0
DA:75,0
DA:76,0
DA:77,0
DA:78,0
DA:79,0
DA:80,0
DA:90,0
DA:94,0
DA:95,0
DA:97,0
DA:98,0
DA:101,0
DA:102,0
DA:105,0
DA:106,0
DA:108,0
DA:109,0
DA:110,0
DA:112,0
DA:114,0
DA:116,0
DA:117,0
DA:121,0
DA:122,0
DA:123,0
DA:124,0
DA:127,0
DA:129,0
DA:131,0
DA:132,0
DA:134,0
DA:135,0
DA:137,0
DA:140,0
DA:141,0
DA:147,0
DA:149,0
DA:151,0
DA:152,0
DA:153,0
DA:155,0
DA:156,0
DA:162,0
DA:164,0
DA:166,0
DA:167,0
DA:168,0
DA:174,0
DA:176,0
DA:178,0
DA:179,0
DA:184,0
DA:186,0
DA:254,0
DA:271,0
DA:279,0
DA:291,0
DA:319,0
LF:82
LH:0
BRDA:36,0,0,0
BRDA:70,1,0,0
BRDA:79,2,0,0
BRDA:82,3,0,0
BRDA:82,3,1,0
BRDA:83,4,0,0
BRDA:83,4,1,0
BRDA:84,5,0,0
BRDA:84,5,1,0
BRDA:95,6,0,0
BRDA:106,7,0,0
BRDA:106,8,0,0
BRDA:106,8,1,0
BRDA:109,9,0,0
BRDA:109,9,1,0
BRDA:122,10,0,0
BRDA:129,11,0,0
BRDA:132,12,0,0
BRDA:134,13,0,0
BRDA:134,13,1,0
BRDA:141,14,0,0
BRDA:141,14,1,0
BRDA:149,15,0,0
BRDA:151,16,0,0
BRDA:151,16,1,0
BRDA:164,17,0,0
BRDA:168,18,0,0
BRDA:168,18,1,0
BRDA:176,19,0,0
BRDA:184,20,0,0
BRDA:184,20,1,0
BRDA:184,20,2,0
BRDA:192,21,0,0
BRDA:192,21,1,0
BRDA:202,22,0,0
BRDA:202,22,1,0
BRDA:215,23,0,0
BRDA:215,23,1,0
BRDA:219,24,0,0
BRDA:219,24,1,0
BRDA:221,25,0,0
BRDA:221,25,1,0
BRDA:228,26,0,0
BRDA:228,26,1,0
BRDA:263,27,0,0
BRDA:263,27,1,0
BRDA:281,28,0,0
BRDA:281,28,1,0
BRDA:285,29,0,0
BRDA:285,29,1,0
BRDA:287,30,0,0
BRDA:287,30,1,0
BRDA:293,31,0,0
BRDA:293,31,1,0
BRF:54
BRH:0
end_of_record
TN:
SF:src/components/MultiVoicePracticeView.tsx
FN:56,(anonymous_9)
FN:67,(anonymous_10)
FN:84,(anonymous_11)
FN:87,(anonymous_12)
FN:88,(anonymous_13)
FN:93,(anonymous_14)
FN:99,(anonymous_15)
FN:100,(anonymous_16)
FN:115,(anonymous_17)
FN:120,(anonymous_18)
FN:121,(anonymous_19)
FN:128,(anonymous_20)
FN:134,(anonymous_21)
FN:146,(anonymous_22)
FN:151,(anonymous_23)
FN:165,(anonymous_24)
FN:181,(anonymous_25)
FN:205,(anonymous_26)
FN:219,(anonymous_27)
FN:230,(anonymous_28)
FN:237,(anonymous_29)
FN:251,(anonymous_30)
FN:330,(anonymous_31)
FN:331,(anonymous_32)
FN:363,extractVoices
FN:367,(anonymous_34)
FN:368,(anonymous_35)
FN:369,(anonymous_36)
FN:387,getHandVoices
FN:390,(anonymous_38)
FN:391,(anonymous_39)
FN:397,(anonymous_40)
FNF:32
FNH:0
FNDA:0,(anonymous_9)
FNDA:0,(anonymous_10)
FNDA:0,(anonymous_11)
FNDA:0,(anonymous_12)
FNDA:0,(anonymous_13)
FNDA:0,(anonymous_14)
FNDA:0,(anonymous_15)
FNDA:0,(anonymous_16)
FNDA:0,(anonymous_17)
FNDA:0,(anonymous_18)
FNDA:0,(anonymous_19)
FNDA:0,(anonymous_20)
FNDA:0,(anonymous_21)
FNDA:0,(anonymous_22)
FNDA:0,(anonymous_23)
FNDA:0,(anonymous_24)
FNDA:0,(anonymous_25)
FNDA:0,(anonymous_26)
FNDA:0,(anonymous_27)
FNDA:0,(anonymous_28)
FNDA:0,(anonymous_29)
FNDA:0,(anonymous_30)
FNDA:0,(anonymous_31)
FNDA:0,(anonymous_32)
FNDA:0,extractVoices
FNDA:0,(anonymous_34)
FNDA:0,(anonymous_35)
FNDA:0,(anonymous_36)
FNDA:0,getHandVoices
FNDA:0,(anonymous_38)
FNDA:0,(anonymous_39)
FNDA:0,(anonymous_40)
DA:8,0
DA:9,0
DA:10,0
DA:11,0
DA:12,0
DA:16,0
DA:22,0
DA:56,0
DA:66,0
DA:67,0
DA:69,0
DA:71,0
DA:72,0
DA:73,0
DA:74,0
DA:77,0
DA:78,0
DA:79,0
DA:80,0
DA:83,0
DA:84,0
DA:87,0
DA:88,0
DA:89,0
DA:93,0
DA:94,0
DA:98,0
DA:100,0
DA:101,0
DA:102,0
DA:103,0
DA:104,0
DA:106,0
DA:107,0
DA:109,0
DA:115,0
DA:116,0
DA:119,0
DA:121,0
DA:122,0
DA:127,0
DA:129,0
DA:130,0
DA:131,0
DA:134,0
DA:135,0
DA:136,0
DA:145,0
DA:147,0
DA:149,0
DA:151,0
DA:152,0
DA:153,0
DA:155,0
DA:159,0
DA:162,0
DA:164,0
DA:165,0
DA:166,0
DA:167,0
DA:169,0
DA:173,0
DA:176,0
DA:177,0
DA:181,0
DA:182,0
DA:183,0
DA:185,0
DA:188,0
DA:191,0
DA:192,0
DA:193,0
DA:197,0
DA:198,0
DA:200,0
DA:205,0
DA:206,0
DA:207,0
DA:210,0
DA:211,0
DA:212,0
DA:219,0
DA:220,0
DA:221,0
DA:222,0
DA:223,0
DA:225,0
DA:226,0
DA:230,0
DA:231,0
DA:232,0
DA:233,0
DA:234,0
DA:237,0
DA:238,0
DA:241,0
DA:251,0
DA:330,0
DA:331,0
DA:364,0
DA:365,0
DA:367,0
DA:368,0
DA:369,0
DA:370,0
DA:371,0
DA:372,0
DA:381,0
DA:388,0
DA:390,0
DA:391,0
DA:393,0
DA:397,0
DA:398,0
DA:399,0
DA:406,0
DA:411,0
DA:511,0
DA:515,0
DA:516,0
DA:517,0
DA:518,0
LF:122
LH:0
BRDA:61,0,0,0
BRDA:62,1,0,0
BRDA:63,2,0,0
BRDA:67,3,0,0
BRDA:67,3,1,0
BRDA:102,4,0,0
BRDA:102,4,1,0
BRDA:130,5,0,0
BRDA:130,5,1,0
BRDA:135,6,0,0
BRDA:147,7,0,0
BRDA:147,7,1,0
BRDA:147,7,2,0
BRDA:147,7,3,0
BRDA:147,7,4,0
BRDA:147,7,5,0
BRDA:147,7,6,0
BRDA:147,7,7,0
BRDA:149,8,0,0
BRDA:152,9,0,0
BRDA:152,9,1,0
BRDA:162,10,0,0
BRDA:162,11,0,0
BRDA:162,11,1,0
BRDA:166,12,0,0
BRDA:166,12,1,0
BRDA:176,13,0,0
BRDA:176,13,1,0
BRDA:182,14,0,0
BRDA:182,14,1,0
BRDA:191,15,0,0
BRDA:191,15,1,0
BRDA:197,16,0,0
BRDA:197,17,0,0
BRDA:197,17,1,0
BRDA:206,18,0,0
BRDA:220,19,0,0
BRDA:220,19,1,0
BRDA:253,20,0,0
BRDA:253,20,1,0
BRDA:255,21,0,0
BRDA:255,21,1,0
BRDA:267,22,0,0
BRDA:267,22,1,0
BRDA:296,23,0,0
BRDA:296,23,1,0
BRDA:306,24,0,0
BRDA:306,24,1,0
BRDA:337,25,0,0
BRDA:337,25,1,0
BRDA:370,26,0,0
BRDA:374,27,0,0
BRDA:374,27,1,0
BRDA:393,28,0,0
BRDA:394,29,0,0
BRDA:394,29,1,0
BRDA:394,29,2,0
BRDA:394,29,3,0
BRDA:398,30,0,0
BRDA:511,31,0,0
BRDA:512,32,0,0
BRDA:512,32,1,0
BRF:62
BRH:0
end_of_record
TN:
SF:src/components/MultiVoiceSheetMusicDisplay.tsx
FN:47,(anonymous_9)
FN:68,(anonymous_10)
FN:75,(anonymous_11)
FN:104,(anonymous_12)
FN:114,(anonymous_13)
FN:131,(anonymous_14)
FN:134,(anonymous_15)
FN:142,(anonymous_16)
FN:177,(anonymous_17)
FN:180,(anonymous_18)
FN:206,(anonymous_19)
FN:212,(anonymous_20)
FNF:12
FNH:0
FNDA:0,(anonymous_9)
FNDA:0,(anonymous_10)
FNDA:0,(anonymous_11)
FNDA:0,(anonymous_12)
FNDA:0,(anonymous_13)
FNDA:0,(anonymous_14)
FNDA:0,(anonymous_15)
FNDA:0,(anonymous_16)
FNDA:0,(anonymous_17)
FNDA:0,(anonymous_18)
FNDA:0,(anonymous_19)
FNDA:0,(anonymous_20)
DA:8,0
DA:9,0
DA:14,0
DA:45,0
DA:47,0
DA:60,0
DA:61,0
DA:62,0
DA:63,0
DA:64,0
DA:65,0
DA:68,0
DA:69,0
DA:70,0
DA:71,0
DA:75,0
DA:76,0
DA:78,0
DA:80,0
DA:82,0
DA:84,0
DA:89,0
DA:96,0
DA:97,0
DA:98,0
DA:99,0
DA:104,0
DA:105,0
DA:106,0
DA:107,0
DA:108,0
DA:114,0
DA:115,0
DA:117,0
DA:118,0
DA:124,0
DA:125,0
DA:126,0
DA:131,0
DA:132,0
DA:134,0
DA:135,0
DA:136,0
DA:137,0
DA:140,0
DA:142,0
DA:145,0
DA:146,0
DA:149,0
DA:153,0
DA:156,0
DA:157,0
DA:161,0
DA:162,0
DA:163,0
DA:164,0
DA:167,0
DA:168,0
DA:173,0
DA:177,0
DA:178,0
DA:180,0
DA:182,0
DA:184,0
DA:185,0
DA:186,0
DA:189,0
DA:190,0
DA:191,0
DA:194,0
DA:197,0
DA:198,0
DA:206,0
DA:207,0
DA:208,0
DA:211,0
DA:212,0
DA:213,0
DA:214,0
DA:218,0
DA:259,0
LF:81
LH:0
BRDA:55,0,0,0
BRDA:56,1,0,0
BRDA:69,2,0,0
BRDA:78,3,0,0
BRDA:82,4,0,0
BRDA:96,5,0,0
BRDA:96,5,1,0
BRDA:97,6,0,0
BRDA:106,7,0,0
BRDA:115,8,0,0
BRDA:115,9,0,0
BRDA:115,9,1,0
BRDA:124,10,0,0
BRDA:124,10,1,0
BRDA:132,11,0,0
BRDA:132,12,0,0
BRDA:132,12,1,0
BRDA:135,13,0,0
BRDA:145,14,0,0
BRDA:145,15,0,0
BRDA:145,15,1,0
BRDA:156,16,0,0
BRDA:161,17,0,0
BRDA:161,17,1,0
BRDA:162,18,0,0
BRDA:167,19,0,0
BRDA:178,20,0,0
BRDA:182,21,0,0
BRDA:184,22,0,0
BRDA:184,23,0,0
BRDA:184,23,1,0
BRDA:186,24,0,0
BRDA:186,24,1,0
BRDA:189,25,0,0
BRDA:189,26,0,0
BRDA:189,26,1,0
BRDA:194,27,0,0
BRDA:194,27,1,0
BRDA:221,28,0,0
BRDA:221,28,1,0
BRDA:228,29,0,0
BRDA:228,29,1,0
BRDA:239,30,0,0
BRDA:239,30,1,0
BRDA:246,31,0,0
BRDA:246,31,1,0
BRDA:248,32,0,0
BRDA:248,32,1,0
BRDA:250,33,0,0
BRDA:250,33,1,0
BRF:50
BRH:0
end_of_record
TN:
SF:src/components/PianoChord.tsx
FN:13,(anonymous_10)
FN:20,(anonymous_11)
FN:74,(anonymous_12)
FN:79,(anonymous_13)
FN:89,(anonymous_14)
FN:90,(anonymous_15)
FN:125,(anonymous_16)
FN:128,(anonymous_17)
FNF:8
FNH:0
FNDA:0,(anonymous_10)
FNDA:0,(anonymous_11)
FNDA:0,(anonymous_12)
FNDA:0,(anonymous_13)
FNDA:0,(anonymous_14)
FNDA:0,(anonymous_15)
FNDA:0,(anonymous_16)
FNDA:0,(anonymous_17)
DA:1,0
DA:2,0
DA:3,0
DA:4,0
DA:5,0
DA:7,0
DA:13,0
DA:14,0
DA:15,0
DA:16,0
DA:17,0
DA:20,0
DA:21,0
DA:22,0
DA:24,0
DA:25,0
DA:28,0
DA:31,0
DA:32,0
DA:33,0
DA:36,0
DA:37,0
DA:38,0
DA:39,0
DA:40,0
DA:41,0
DA:42,0
DA:46,0
DA:47,0
DA:51,0
DA:52,0
DA:53,0
DA:54,0
DA:57,0
DA:59,0
DA:60,0
DA:63,0
DA:64,0
DA:65,0
DA:68,0
DA:69,0
DA:70,0
DA:73,0
DA:75,0
DA:77,0
DA:79,0
DA:82,0
DA:84,0
DA:85,0
DA:89,0
DA:90,0
DA:91,0
DA:92,0
DA:93,0
DA:97,0
DA:103,0
DA:111,0
DA:126,0
DA:128,0
DA:166,0
LF:60
LH:0
BRDA:13,0,0,0
BRDA:22,1,0,0
BRDA:25,2,0,0
BRDA:84,3,0,0
BRDA:133,4,0,0
BRDA:133,4,1,0
BRDA:134,5,0,0
BRDA:134,5,1,0
BRDA:135,6,0,0
BRDA:135,6,1,0
BRDA:136,7,0,0
BRDA:136,7,1,0
BRDA:140,8,0,0
BRDA:140,8,1,0
BRDA:157,9,0,0
BRDA:157,9,1,0
BRF:16
BRH:0
end_of_record
TN:
SF:src/components/PianoKey.tsx
FN:12,(anonymous_9)
FN:18,(anonymous_10)
FN:40,(anonymous_11)
FNF:3
FNH:0
FNDA:0,(anonymous_9)
FNDA:0,(anonymous_10)
FNDA:0,(anonymous_11)
DA:1,0
DA:2,0
DA:3,0
DA:5,0
DA:12,0
DA:13,0
DA:14,0
DA:15,0
DA:16,0
DA:18,0
DA:19,0
DA:21,0
DA:22,0
DA:25,0
DA:26,0
DA:29,0
DA:32,0
DA:35,0
DA:36,0
DA:40,0
DA:41,0
DA:44,0
DA:45,0
DA:47,0
DA:51,0
DA:96,0
LF:26
LH:0
BRDA:12,0,0,0
BRDA:25,1,0,0
BRDA:35,2,0,0
BRDA:61,3,0,0
BRDA:61,3,1,0
BRDA:62,4,0,0
BRDA:62,4,1,0
BRDA:63,5,0,0
BRDA:63,5,1,0
BRDA:74,6,0,0
BRDA:74,6,1,0
BRDA:80,7,0,0
BRDA:80,7,1,0
BRDA:87,8,0,0
BRDA:87,8,1,0
BRF:15
BRH:0
end_of_record
TN:
SF:src/components/PracticeHeader.tsx
FN:11,(anonymous_1)
FNF:1
FNH:0
FNDA:0,(anonymous_1)
DA:1,0
DA:2,0
DA:3,0
DA:11,0
DA:12,0
LF:5
LH:0
BRDA:17,0,0,0
BRDA:17,0,1,0
BRF:2
BRH:0
end_of_record
TN:
SF:src/components/PracticeModeSelector.tsx
FN:13,(anonymous_9)
FN:82,(anonymous_10)
FN:92,(anonymous_11)
FN:108,(anonymous_12)
FN:122,(anonymous_13)
FN:126,(anonymous_14)
FN:136,(anonymous_15)
FN:139,(anonymous_16)
FN:161,(anonymous_17)
FN:172,(anonymous_18)
FN:189,(anonymous_19)
FN:192,(anonymous_20)
FN:208,(anonymous_21)
FN:215,(anonymous_22)
FN:224,(anonymous_23)
FN:254,(anonymous_24)
FN:281,(anonymous_25)
FN:296,(anonymous_26)
FN:326,(anonymous_27)
FN:341,(anonymous_28)
FN:348,(anonymous_29)
FN:363,(anonymous_30)
FN:374,(anonymous_31)
FN:390,(anonymous_32)
FNF:24
FNH:0
FNDA:0,(anonymous_9)
FNDA:0,(anonymous_10)
FNDA:0,(anonymous_11)
FNDA:0,(anonymous_12)
FNDA:0,(anonymous_13)
FNDA:0,(anonymous_14)
FNDA:0,(anonymous_15)
FNDA:0,(anonymous_16)
FNDA:0,(anonymous_17)
FNDA:0,(anonymous_18)
FNDA:0,(anonymous_19)
FNDA:0,(anonymous_20)
FNDA:0,(anonymous_21)
FNDA:0,(anonymous_22)
FNDA:0,(anonymous_23)
FNDA:0,(anonymous_24)
FNDA:0,(anonymous_25)
FNDA:0,(anonymous_26)
FNDA:0,(anonymous_27)
FNDA:0,(anonymous_28)
FNDA:0,(anonymous_29)
FNDA:0,(anonymous_30)
FNDA:0,(anonymous_31)
FNDA:0,(anonymous_32)
DA:8,0
DA:13,0
DA:15,0
DA:17,0
DA:19,0
DA:21,0
DA:23,0
DA:25,0
DA:27,0
DA:82,0
DA:90,0
DA:92,0
DA:94,0
DA:97,0
DA:99,0
DA:100,0
DA:102,0
DA:103,0
DA:105,0
DA:106,0
DA:108,0
DA:109,0
DA:111,0
DA:112,0
DA:114,0
DA:115,0
DA:116,0
DA:119,0
DA:122,0
DA:123,0
DA:126,0
DA:127,0
DA:129,0
DA:136,0
DA:140,0
DA:149,0
DA:161,0
DA:172,0
DA:182,0
DA:189,0
DA:193,0
DA:202,0
DA:209,0
DA:216,0
DA:217,0
DA:218,0
DA:222,0
DA:224,0
DA:239,0
DA:255,0
DA:269,0
DA:282,0
DA:297,0
DA:307,0
DA:311,0
DA:321,0
DA:326,0
DA:341,0
DA:348,0
DA:365,0
DA:366,0
DA:369,0
DA:371,0
DA:375,0
DA:376,0
DA:390,0
DA:410,0
DA:445,0
DA:499,0
DA:500,0
DA:501,0
DA:502,0
LF:72
LH:0
BRDA:13,0,0,0
BRDA:13,0,1,0
BRDA:85,1,0,0
BRDA:86,2,0,0
BRDA:87,3,0,0
BRDA:88,4,0,0
BRDA:97,5,0,0
BRDA:97,5,1,0
BRDA:97,5,2,0
BRDA:97,5,3,0
BRDA:97,5,4,0
BRDA:97,5,5,0
BRDA:127,6,0,0
BRDA:127,6,1,0
BRDA:127,6,2,0
BRDA:127,6,3,0
BRDA:127,6,4,0
BRDA:127,6,5,0
BRDA:127,6,6,0
BRDA:135,7,0,0
BRDA:135,7,1,0
BRDA:188,8,0,0
BRDA:188,8,1,0
BRDA:213,9,0,0
BRDA:213,9,1,0
BRDA:216,10,0,0
BRDA:216,10,1,0
BRDA:217,11,0,0
BRDA:217,11,1,0
BRDA:244,12,0,0
BRDA:244,12,1,0
BRDA:246,13,0,0
BRDA:246,13,1,0
BRDA:253,14,0,0
BRDA:253,14,1,0
BRDA:280,15,0,0
BRDA:280,15,1,0
BRDA:293,16,0,0
BRDA:293,16,1,0
BRDA:295,17,0,0
BRDA:295,17,1,0
BRDA:328,18,0,0
BRDA:328,18,1,0
BRDA:330,19,0,0
BRDA:330,19,1,0
BRDA:360,20,0,0
BRDA:360,20,1,0
BRDA:365,21,0,0
BRDA:365,22,0,0
BRDA:365,22,1,0
BRDA:381,23,0,0
BRDA:381,23,1,0
BRDA:499,24,0,0
BRF:53
BRH:0
end_of_record
TN:
SF:src/components/ProtectedRoute.tsx
FN:10,(anonymous_1)
FNF:1
FNH:0
FNDA:0,(anonymous_1)
DA:1,0
DA:2,0
DA:3,0
DA:10,0
DA:14,0
DA:15,0
DA:17,0
DA:19,0
DA:29,0
DA:31,0
DA:34,0
LF:11
LH:0
BRDA:12,0,0,0
BRDA:17,1,0,0
BRDA:29,2,0,0
BRF:3
BRH:0
end_of_record
TN:
SF:src/components/SaveProgressPrompt.tsx
FN:10,(anonymous_9)
FN:18,(anonymous_10)
FN:23,(anonymous_11)
FN:27,(anonymous_12)
FN:45,(anonymous_13)
FN:52,(anonymous_14)
FNF:6
FNH:0
FNDA:0,(anonymous_9)
FNDA:0,(anonymous_10)
FNDA:0,(anonymous_11)
FNDA:0,(anonymous_12)
FNDA:0,(anonymous_13)
FNDA:0,(anonymous_14)
DA:1,0
DA:2,0
DA:3,0
DA:10,0
DA:14,0
DA:15,0
DA:16,0
DA:17,0
DA:18,0
DA:20,0
DA:23,0
DA:24,0
DA:27,0
DA:28,0
DA:31,0
DA:32,0
DA:37,0
DA:40,0
DA:41,0
DA:45,0
DA:46,0
DA:47,0
DA:49,0
DA:52,0
DA:53,0
DA:56,0
DA:58,0
LF:27
LH:0
BRDA:11,0,0,0
BRDA:12,1,0,0
BRDA:24,2,0,0
BRDA:24,3,0,0
BRDA:24,3,1,0
BRDA:28,4,0,0
BRDA:32,5,0,0
BRDA:40,6,0,0
BRDA:56,7,0,0
BRDA:56,8,0,0
BRDA:56,8,1,0
BRF:11
BRH:0
end_of_record
TN:
SF:src/components/StaffDisplayOptions.tsx
FN:89,(anonymous_9)
FN:99,(anonymous_10)
FN:109,(anonymous_11)
FN:121,(anonymous_12)
FN:130,(anonymous_13)
FN:149,(anonymous_14)
FN:160,(anonymous_15)
FN:172,(anonymous_16)
FN:185,(anonymous_17)
FN:204,(anonymous_18)
FN:215,(anonymous_19)
FN:239,(anonymous_20)
FN:250,(anonymous_21)
FN:270,(anonymous_22)
FN:281,(anonymous_23)
FN:292,(anonymous_24)
FN:312,(anonymous_25)
FN:327,(anonymous_26)
FN:336,(anonymous_27)
FN:353,(anonymous_28)
FNF:20
FNH:0
FNDA:0,(anonymous_9)
FNDA:0,(anonymous_10)
FNDA:0,(anonymous_11)
FNDA:0,(anonymous_12)
FNDA:0,(anonymous_13)
FNDA:0,(anonymous_14)
FNDA:0,(anonymous_15)
FNDA:0,(anonymous_16)
FNDA:0,(anonymous_17)
FNDA:0,(anonymous_18)
FNDA:0,(anonymous_19)
FNDA:0,(anonymous_20)
FNDA:0,(anonymous_21)
FNDA:0,(anonymous_22)
FNDA:0,(anonymous_23)
FNDA:0,(anonymous_24)
FNDA:0,(anonymous_25)
FNDA:0,(anonymous_26)
FNDA:0,(anonymous_27)
FNDA:0,(anonymous_28)
DA:8,0
DA:61,0
DA:89,0
DA:95,0
DA:96,0
DA:98,0
DA:100,0
DA:108,0
DA:110,0
DA:121,0
DA:122,0
DA:125,0
DA:130,0
DA:150,0
DA:161,0
DA:173,0
DA:186,0
DA:205,0
DA:216,0
DA:240,0
DA:251,0
DA:271,0
DA:282,0
DA:293,0
DA:313,0
DA:327,0
DA:337,0
DA:338,0
DA:340,0
DA:354,0
DA:392,0
DA:454,0
DA:504,0
DA:505,0
DA:506,0
DA:507,0
LF:36
LH:0
BRDA:92,0,0,0
BRDA:93,1,0,0
BRDA:133,2,0,0
BRDA:133,2,1,0
BRDA:167,3,0,0
BRDA:167,3,1,0
BRDA:180,4,0,0
BRDA:180,4,1,0
BRDA:227,5,0,0
BRDA:227,5,1,0
BRDA:320,6,0,0
BRDA:320,6,1,0
BRDA:330,7,0,0
BRDA:330,7,1,0
BRDA:334,8,0,0
BRDA:334,8,1,0
BRDA:337,9,0,0
BRDA:337,9,1,0
BRDA:338,10,0,0
BRDA:338,10,1,0
BRDA:504,11,0,0
BRF:21
BRH:0
end_of_record
TN:
SF:src/components/UserStatusIndicator.tsx
FN:6,(anonymous_9)
FN:29,(anonymous_10)
FN:70,(anonymous_11)
FN:71,(anonymous_12)
FNF:4
FNH:0
FNDA:0,(anonymous_9)
FNDA:0,(anonymous_10)
FNDA:0,(anonymous_11)
FNDA:0,(anonymous_12)
DA:1,0
DA:2,0
DA:3,0
DA:4,0
DA:6,0
DA:7,0
DA:8,0
DA:10,0
DA:14,0
DA:15,0
DA:17,0
DA:29,0
DA:70,0
LF:13
LH:0
BRDA:10,0,0,0
BRDA:14,1,0,0
BRDA:14,1,1,0
BRDA:15,2,0,0
BRDA:15,2,1,0
BRDA:19,3,0,0
BRDA:19,3,1,0
BRDA:27,4,0,0
BRDA:27,4,1,0
BRDA:67,5,0,0
BRDA:67,5,1,0
BRF:11
BRH:0
end_of_record
TN:
SF:src/components/VersionInfo.tsx
FN:13,VersionInfo
FN:16,(anonymous_1)
FN:19,(anonymous_2)
FN:20,(anonymous_3)
FN:21,(anonymous_4)
FNF:5
FNH:0
FNDA:0,VersionInfo
FNDA:0,(anonymous_1)
FNDA:0,(anonymous_2)
FNDA:0,(anonymous_3)
FNDA:0,(anonymous_4)
DA:1,0
DA:2,0
DA:4,0
DA:13,0
DA:14,0
DA:16,0
DA:18,0
DA:19,0
DA:20,0
DA:21,0
DA:24,0
DA:26,0
LF:12
LH:0
BRDA:24,0,0,0
BRF:1
BRH:0
end_of_record
TN:
SF:src/components/VoiceControl.tsx
FN:59,(anonymous_9)
FN:78,(anonymous_10)
FN:86,(anonymous_11)
FN:93,(anonymous_12)
FN:94,(anonymous_13)
FN:101,(anonymous_14)
FN:111,(anonymous_15)
FN:112,(anonymous_16)
FN:128,(anonymous_17)
FN:150,(anonymous_18)
FN:167,(anonymous_19)
FN:189,(anonymous_20)
FN:205,(anonymous_21)
FN:208,(anonymous_22)
FN:211,(anonymous_23)
FN:229,(anonymous_24)
FN:248,(anonymous_25)
FN:268,(anonymous_26)
FN:269,(anonymous_27)
FN:276,(anonymous_28)
FN:277,(anonymous_29)
FN:284,(anonymous_30)
FN:300,extractVoiceInfo
FN:315,(anonymous_32)
FN:316,(anonymous_33)
FN:317,(anonymous_34)
FN:319,(anonymous_35)
FN:325,(anonymous_36)
FN:326,(anonymous_37)
FN:327,(anonymous_38)
FN:329,(anonymous_39)
FN:356,getStaffType
FNF:32
FNH:0
FNDA:0,(anonymous_9)
FNDA:0,(anonymous_10)
FNDA:0,(anonymous_11)
FNDA:0,(anonymous_12)
FNDA:0,(anonymous_13)
FNDA:0,(anonymous_14)
FNDA:0,(anonymous_15)
FNDA:0,(anonymous_16)
FNDA:0,(anonymous_17)
FNDA:0,(anonymous_18)
FNDA:0,(anonymous_19)
FNDA:0,(anonymous_20)
FNDA:0,(anonymous_21)
FNDA:0,(anonymous_22)
FNDA:0,(anonymous_23)
FNDA:0,(anonymous_24)
FNDA:0,(anonymous_25)
FNDA:0,(anonymous_26)
FNDA:0,(anonymous_27)
FNDA:0,(anonymous_28)
FNDA:0,(anonymous_29)
FNDA:0,(anonymous_30)
FNDA:0,extractVoiceInfo
FNDA:0,(anonymous_32)
FNDA:0,(anonymous_33)
FNDA:0,(anonymous_34)
FNDA:0,(anonymous_35)
FNDA:0,(anonymous_36)
FNDA:0,(anonymous_37)
FNDA:0,(anonymous_38)
FNDA:0,(anonymous_39)
FNDA:0,getStaffType
DA:8,0
DA:59,0
DA:70,0
DA:72,0
DA:75,0
DA:77,0
DA:79,0
DA:80,0
DA:85,0
DA:87,0
DA:92,0
DA:94,0
DA:95,0
DA:100,0
DA:102,0
DA:103,0
DA:105,0
DA:111,0
DA:112,0
DA:113,0
DA:114,0
DA:115,0
DA:117,0
DA:119,0
DA:123,0
DA:129,0
DA:130,0
DA:131,0
DA:132,0
DA:133,0
DA:134,0
DA:136,0
DA:150,0
DA:167,0
DA:189,0
DA:206,0
DA:209,0
DA:212,0
DA:229,0
DA:249,0
DA:269,0
DA:277,0
DA:284,0
DA:301,0
DA:302,0
DA:312,0
DA:314,0
DA:315,0
DA:316,0
DA:317,0
DA:319,0
DA:320,0
DA:324,0
DA:325,0
DA:326,0
DA:327,0
DA:328,0
DA:329,0
DA:335,0
DA:344,0
DA:350,0
DA:357,0
DA:368,0
DA:373,0
DA:420,0
DA:421,0
DA:422,0
DA:423,0
LF:68
LH:0
BRDA:65,0,0,0
BRDA:66,1,0,0
BRDA:67,2,0,0
BRDA:68,3,0,0
BRDA:102,4,0,0
BRDA:102,4,1,0
BRDA:114,5,0,0
BRDA:114,5,1,0
BRDA:133,6,0,0
BRDA:133,6,1,0
BRDA:134,7,0,0
BRDA:134,7,1,0
BRDA:141,8,0,0
BRDA:141,8,1,0
BRDA:142,9,0,0
BRDA:142,9,1,0
BRDA:154,10,0,0
BRDA:154,10,1,0
BRDA:159,11,0,0
BRDA:159,11,1,0
BRDA:161,12,0,0
BRDA:161,12,1,0
BRDA:193,13,0,0
BRDA:193,13,1,0
BRDA:206,14,0,0
BRDA:206,14,1,0
BRDA:209,15,0,0
BRDA:209,15,1,0
BRDA:212,16,0,0
BRDA:212,16,1,0
BRDA:217,17,0,0
BRDA:217,17,1,0
BRDA:232,18,0,0
BRDA:232,18,1,0
BRDA:238,19,0,0
BRDA:238,19,1,0
BRDA:319,20,0,0
BRDA:328,21,0,0
BRDA:337,22,0,0
BRDA:337,22,1,0
BRDA:368,23,0,0
BRDA:368,23,1,0
BRDA:368,24,0,0
BRDA:368,24,1,0
BRDA:420,25,0,0
BRF:45
BRH:0
end_of_record
TN:
SF:src/components/index.ts
FN:2,(anonymous_1)
FN:3,(anonymous_2)
FN:4,(anonymous_3)
FN:5,(anonymous_4)
FN:6,(anonymous_5)
FN:7,(anonymous_6)
FN:8,(anonymous_7)
FN:9,(anonymous_8)
FN:10,(anonymous_9)
FN:10,(anonymous_10)
FN:11,(anonymous_11)
FN:13,(anonymous_12)
FN:14,(anonymous_13)
FN:17,(anonymous_14)
FN:21,(anonymous_15)
FN:22,(anonymous_16)
FN:23,(anonymous_17)
FN:31,(anonymous_18)
FN:32,(anonymous_19)
FN:33,(anonymous_20)
FN:40,(anonymous_21)
FN:44,(anonymous_22)
FN:45,(anonymous_23)
FNF:23
FNH:0
FNDA:0,(anonymous_1)
FNDA:0,(anonymous_2)
FNDA:0,(anonymous_3)
FNDA:0,(anonymous_4)
FNDA:0,(anonymous_5)
FNDA:0,(anonymous_6)
FNDA:0,(anonymous_7)
FNDA:0,(anonymous_8)
FNDA:0,(anonymous_9)
FNDA:0,(anonymous_10)
FNDA:0,(anonymous_11)
FNDA:0,(anonymous_12)
FNDA:0,(anonymous_13)
FNDA:0,(anonymous_14)
FNDA:0,(anonymous_15)
FNDA:0,(anonymous_16)
FNDA:0,(anonymous_17)
FNDA:0,(anonymous_18)
FNDA:0,(anonymous_19)
FNDA:0,(anonymous_20)
FNDA:0,(anonymous_21)
FNDA:0,(anonymous_22)
FNDA:0,(anonymous_23)
DA:2,0
DA:3,0
DA:4,0
DA:5,0
DA:6,0
DA:7,0
DA:8,0
DA:9,0
DA:10,0
DA:11,0
DA:13,0
DA:14,0
DA:17,0
DA:20,0
DA:21,0
DA:22,0
DA:23,0
DA:30,0
DA:31,0
DA:32,0
DA:33,0
DA:40,0
DA:44,0
DA:45,0
LF:24
LH:0
BRF:0
BRH:0
end_of_record
TN:
SF:src/config/endpoints.ts
FN:23,getEndpoints
FNF:1
FNH:0
FNDA:0,getEndpoints
DA:6,0
DA:10,0
DA:23,0
DA:25,0
DA:26,0
DA:27,0
DA:34,0
DA:41,0
DA:44,0
DA:45,0
LF:10
LH:0
BRDA:25,0,0,0
BRDA:44,1,0,0
BRF:2
BRH:0
end_of_record
TN:
SF:src/config/env.ts
FNF:0
FNH:0
DA:6,0
LF:1
LH:0
BRF:0
BRH:0
end_of_record
TN:
SF:src/config/version.ts
FNF:0
FNH:0
DA:4,0
DA:5,0
DA:6,0
DA:9,0
DA:10,0
DA:11,0
DA:15,0
DA:16,0
DA:22,0
LF:9
LH:0
BRDA:10,0,0,0
BRDA:12,1,0,0
BRDA:12,1,1,0
BRDA:12,1,2,0
BRDA:15,2,0,0
BRDA:15,2,1,0
BRDA:16,3,0,0
BRDA:16,3,1,0
BRF:8
BRH:0
end_of_record
TN:
SF:src/contexts/AudioContext.tsx
FN:21,(anonymous_9)
FN:26,(anonymous_10)
FN:30,(anonymous_11)
FN:40,(anonymous_12)
FNF:4
FNH:0
FNDA:0,(anonymous_9)
FNDA:0,(anonymous_10)
FNDA:0,(anonymous_11)
FNDA:0,(anonymous_12)
DA:1,0
DA:3,0
DA:9,0
DA:21,0
DA:25,0
DA:26,0
DA:30,0
DA:32,0
DA:40,0
DA:41,0
DA:42,0
DA:43,0
DA:45,0
LF:13
LH:0
BRDA:26,0,0,0
BRDA:26,0,1,0
BRDA:42,1,0,0
BRF:3
BRH:0
end_of_record
TN:
SF:src/contexts/AuthContext.tsx
FN:46,(anonymous_9)
FN:58,(anonymous_10)
FN:59,(anonymous_11)
FN:112,(anonymous_12)
FN:158,(anonymous_13)
FN:182,(anonymous_14)
FN:206,(anonymous_15)
FN:223,(anonymous_16)
FN:224,(anonymous_17)
FNF:9
FNH:0
FNDA:0,(anonymous_9)
FNDA:0,(anonymous_10)
FNDA:0,(anonymous_11)
FNDA:0,(anonymous_12)
FNDA:0,(anonymous_13)
FNDA:0,(anonymous_14)
FNDA:0,(anonymous_15)
FNDA:0,(anonymous_16)
FNDA:0,(anonymous_17)
DA:1,0
DA:2,0
DA:3,0
DA:4,0
DA:9,0
DA:10,0
DA:11,0
DA:16,0
DA:18,0
DA:40,0
DA:46,0
DA:47,0
DA:48,0
DA:49,0
DA:50,0
DA:51,0
DA:53,0
DA:54,0
DA:55,0
DA:58,0
DA:59,0
DA:61,0
DA:62,0
DA:63,0
DA:67,0
DA:68,0
DA:73,0
DA:74,0
DA:77,0
DA:79,0
DA:84,0
DA:85,0
DA:88,0
DA:89,0
DA:92,0
DA:95,0
DA:96,0
DA:105,0
DA:108,0
DA:111,0
DA:113,0
DA:114,0
DA:115,0
DA:119,0
DA:124,0
DA:126,0
DA:129,0
DA:130,0
DA:137,0
DA:143,0
DA:144,0
DA:146,0
DA:149,0
DA:150,0
DA:152,0
DA:158,0
DA:159,0
DA:160,0
DA:161,0
DA:164,0
DA:166,0
DA:169,0
DA:170,0
DA:171,0
DA:178,0
DA:182,0
DA:183,0
DA:184,0
DA:185,0
DA:188,0
DA:189,0
DA:193,0
DA:194,0
DA:195,0
DA:198,0
DA:199,0
DA:200,0
DA:201,0
DA:202,0
DA:206,0
DA:207,0
DA:209,0
DA:210,0
DA:213,0
DA:214,0
DA:217,0
DA:223,0
DA:224,0
DA:225,0
DA:227,0
DA:228,0
DA:232,0
DA:244,0
LF:93
LH:0
BRDA:61,0,0,0
BRDA:67,1,0,0
BRDA:84,2,0,0
BRDA:88,3,0,0
BRDA:95,4,0,0
BRDA:98,5,0,0
BRDA:98,5,1,0
BRDA:119,6,0,0
BRDA:129,7,0,0
BRDA:160,8,0,0
BRDA:184,9,0,0
BRDA:193,10,0,0
BRDA:207,11,0,0
BRDA:207,12,0,0
BRDA:207,12,1,0
BRDA:235,13,0,0
BRDA:235,13,1,0
BRF:17
BRH:0
end_of_record
TN:
SF:src/data/sheetMusic/multiVoice/bachMinuetMultiVoice.ts
FNF:0
FNH:0
DA:7,0
DA:13,0
LF:2
LH:0
BRF:0
BRH:0
end_of_record
TN:
SF:src/data/sheetMusic/multiVoice/convertedPieces.ts
FN:74,(anonymous_0)
FN:75,(anonymous_1)
FN:41,getMultiVoicePieceById
FN:43,(anonymous_3)
FN:50,getPianoMultiVoicePieces
FN:51,(anonymous_5)
FN:53,(anonymous_6)
FN:61,getMultiVoicePiecesByDifficulty
FN:65,(anonymous_8)
FNF:9
FNH:0
FNDA:0,(anonymous_0)
FNDA:0,(anonymous_1)
FNDA:0,getMultiVoicePieceById
FNDA:0,(anonymous_3)
FNDA:0,getPianoMultiVoicePieces
FNDA:0,(anonymous_5)
FNDA:0,(anonymous_6)
FNDA:0,getMultiVoicePiecesByDifficulty
FNDA:0,(anonymous_8)
DA:9,0
DA:22,0
DA:23,0
DA:24,0
DA:26,0
DA:27,0
DA:28,0
DA:31,0
DA:41,0
DA:42,0
DA:44,0
DA:50,0
DA:51,0
DA:52,0
DA:54,0
DA:61,0
DA:65,0
DA:66,0
DA:67,0
DA:73,0
DA:74,0
DA:75,0
LF:22
LH:0
BRDA:44,0,0,0
BRDA:44,0,1,0
BRDA:54,1,0,0
BRDA:54,1,1,0
BRDA:66,2,0,0
BRDA:66,2,1,0
BRDA:67,3,0,0
BRDA:67,3,1,0
BRF:8
BRH:0
end_of_record
TN:
SF:src/data/sheetMusic/multiVoice/realScores/bach_minuet_in_g_major_bwv_anh_114.ts
FNF:0
FNH:0
DA:11,0
DA:18,0
LF:2
LH:0
BRF:0
BRH:0
end_of_record
TN:
SF:src/data/sheetMusic/multiVoice/realScores/erik_satie_gymnopedie_no_1.ts
FNF:0
FNH:0
DA:10,0
DA:17,0
LF:2
LH:0
BRF:0
BRH:0
end_of_record
TN:
SF:src/data/sheetMusic/multiVoice/realScores/fur_elise_easy_piano.ts
FNF:0
FNH:0
DA:10,0
DA:17,0
LF:2
LH:0
BRF:0
BRH:0
end_of_record
TN:
SF:src/data/sheetMusic/multiVoice/realScores/greensleeves_for_piano_easy_and_beautiful.ts
FNF:0
FNH:0
DA:10,0
DA:17,0
LF:2
LH:0
BRF:0
BRH:0
end_of_record
TN:
SF:src/data/sheetMusic/multiVoice/realScores/index.ts
FN:19,(anonymous_0)
FN:29,(anonymous_1)
FN:20,(anonymous_2)
FN:30,(anonymous_3)
FN:21,(anonymous_4)
FN:31,(anonymous_5)
FN:22,(anonymous_6)
FN:32,(anonymous_7)
FN:23,(anonymous_8)
FN:33,(anonymous_9)
FN:24,(anonymous_10)
FN:34,(anonymous_11)
FNF:12
FNH:0
FNDA:0,(anonymous_0)
FNDA:0,(anonymous_1)
FNDA:0,(anonymous_2)
FNDA:0,(anonymous_3)
FNDA:0,(anonymous_4)
FNDA:0,(anonymous_5)
FNDA:0,(anonymous_6)
FNDA:0,(anonymous_7)
FNDA:0,(anonymous_8)
FNDA:0,(anonymous_9)
FNDA:0,(anonymous_10)
FNDA:0,(anonymous_11)
DA:10,0
DA:11,0
DA:12,0
DA:13,0
DA:14,0
DA:15,0
DA:19,0
DA:20,0
DA:21,0
DA:22,0
DA:23,0
DA:24,0
DA:29,0
DA:30,0
DA:31,0
DA:32,0
DA:33,0
DA:34,0
DA:38,0
LF:19
LH:0
BRF:0
BRH:0
end_of_record
TN:
SF:src/data/sheetMusic/multiVoice/realScores/mozart_piano_sonata_no_16_allegro.ts
FNF:0
FNH:0
DA:10,0
DA:17,0
LF:2
LH:0
BRF:0
BRH:0
end_of_record
TN:
SF:src/data/sheetMusic/multiVoice/realScores/prlude_opus_28_no_4_in_e_minor_chopin.ts
FNF:0
FNH:0
DA:10,0
DA:17,0
LF:2
LH:0
BRF:0
BRH:0
end_of_record
TN:
SF:src/gql/fragment-masking.ts
FN:70,useFragment
FN:82,makeFragmentData
FN:88,isFragmentReady
FN:110,(anonymous_3)
FNF:4
FNH:0
FNDA:0,useFragment
FNDA:0,makeFragmentData
FNDA:0,isFragmentReady
FNDA:0,(anonymous_3)
DA:70,0
DA:79,0
DA:82,0
DA:86,0
DA:88,0
DA:97,0
DA:102,0
DA:104,0
DA:107,0
DA:109,0
DA:110,0
LF:11
LH:0
BRDA:102,0,0,0
BRDA:109,1,0,0
BRDA:109,1,1,0
BRDA:109,1,2,0
BRDA:110,2,0,0
BRDA:110,2,1,0
BRDA:110,3,0,0
BRDA:110,3,1,0
BRF:8
BRH:0
end_of_record
TN:
SF:src/gql/gql.ts
FN:135,graphql
FNF:1
FNH:0
FNDA:0,graphql
DA:2,0
DA:29,0
DA:135,0
DA:136,0
LF:4
LH:0
BRDA:136,0,0,0
BRDA:136,0,1,0
BRF:2
BRH:0
end_of_record
TN:
SF:src/gql/graphql.ts
FN:34,(anonymous_0)
FN:67,(anonymous_1)
FN:73,(anonymous_2)
FN:139,(anonymous_3)
FN:252,(anonymous_4)
FN:319,(anonymous_5)
FN:335,(anonymous_6)
FNF:7
FNH:0
FNDA:0,(anonymous_0)
FNDA:0,(anonymous_1)
FNDA:0,(anonymous_2)
FNDA:0,(anonymous_3)
FNDA:0,(anonymous_4)
FNDA:0,(anonymous_5)
FNDA:0,(anonymous_6)
DA:34,0
DA:35,0
DA:36,0
DA:37,0
DA:38,0
DA:39,0
DA:40,0
DA:67,0
DA:68,0
DA:69,0
DA:70,0
DA:73,0
DA:74,0
DA:75,0
DA:139,0
DA:140,0
DA:141,0
DA:142,0
DA:252,0
DA:253,0
DA:254,0
DA:255,0
DA:319,0
DA:320,0
DA:321,0
DA:322,0
DA:323,0
DA:324,0
DA:335,0
DA:336,0
DA:337,0
DA:338,0
DA:588,0
DA:643,0
DA:721,0
DA:799,0
DA:825,0
DA:909,0
DA:970,0
DA:1059,0
DA:1126,0
DA:1190,0
DA:1263,0
LF:43
LH:0
BRDA:34,0,0,0
BRDA:34,0,1,0
BRDA:67,1,0,0
BRDA:67,1,1,0
BRDA:73,2,0,0
BRDA:73,2,1,0
BRDA:139,3,0,0
BRDA:139,3,1,0
BRDA:252,4,0,0
BRDA:252,4,1,0
BRDA:319,5,0,0
BRDA:319,5,1,0
BRDA:335,6,0,0
BRDA:335,6,1,0
BRF:14
BRH:0
end_of_record
TN:
SF:src/gql/index.ts
FNF:0
FNH:0
DA:1,0
DA:2,0
LF:2
LH:0
BRF:0
BRH:0
end_of_record
TN:
SF:src/graphql/queries/auth.ts
FNF:0
FNH:0
DA:1,0
DA:3,0
DA:12,0
DA:28,0
DA:44,0
LF:5
LH:0
BRF:0
BRH:0
end_of_record
TN:
SF:src/graphql/queries/user.ts
FNF:0
FNH:0
DA:1,0
DA:3,0
DA:29,0
DA:41,0
LF:4
LH:0
BRF:0
BRH:0
end_of_record
TN:
SF:src/hooks/useAuth.ts
FN:4,(anonymous_0)
FNF:1
FNH:0
FNDA:0,(anonymous_0)
DA:1,0
DA:2,0
DA:4,0
DA:5,0
DA:6,0
DA:7,0
DA:9,0
LF:7
LH:0
BRDA:6,0,0,0
BRF:1
BRH:0
end_of_record
TN:
SF:src/hooks/useViewport.ts
FN:3,(anonymous_0)
FN:6,(anonymous_1)
FN:7,(anonymous_2)
FN:9,(anonymous_3)
FNF:4
FNH:0
FNDA:0,(anonymous_0)
FNDA:0,(anonymous_1)
FNDA:0,(anonymous_2)
FNDA:0,(anonymous_3)
DA:1,0
DA:3,0
DA:4,0
DA:6,0
DA:7,0
DA:8,0
DA:9,0
DA:12,0
DA:13,0
DA:14,0
DA:16,0
LF:11
LH:0
BRDA:13,0,0,0
BRDA:13,0,1,0
BRF:2
BRH:0
end_of_record
TN:
SF:src/lib/apollo/client.ts
FN:19,(anonymous_0)
FN:35,(anonymous_1)
FN:37,(anonymous_2)
FN:90,(anonymous_3)
FN:100,(anonymous_4)
FN:107,(anonymous_5)
FNF:6
FNH:0
FNDA:0,(anonymous_0)
FNDA:0,(anonymous_1)
FNDA:0,(anonymous_2)
FNDA:0,(anonymous_3)
FNDA:0,(anonymous_4)
FNDA:0,(anonymous_5)
DA:1,0
DA:7,0
DA:8,0
DA:9,0
DA:10,0
DA:13,0
DA:19,0
DA:21,0
DA:24,0
DA:35,0
DA:36,0
DA:37,0
DA:38,0
DA:43,0
DA:45,0
DA:46,0
DA:51,0
DA:52,0
DA:55,0
DA:57,0
DA:58,0
DA:60,0
DA:67,0
DA:90,0
DA:95,0
DA:96,0
DA:100,0
DA:101,0
DA:103,0
DA:107,0
DA:108,0
LF:31
LH:0
BRDA:27,0,0,0
BRDA:27,0,1,0
BRDA:29,1,0,0
BRDA:29,1,1,0
BRDA:36,2,0,0
BRDA:43,3,0,0
BRDA:51,4,0,0
BRDA:55,5,0,0
BRDA:55,6,0,0
BRDA:55,6,1,0
BRDA:58,7,0,0
BRF:11
BRH:0
end_of_record
TN:
SF:src/modules/analytics/ProgressAnalyticsModule.ts
FN:59,(anonymous_0)
FN:77,(anonymous_1)
FN:129,(anonymous_2)
FN:144,(anonymous_3)
FN:163,(anonymous_4)
FN:174,(anonymous_5)
FN:176,(anonymous_6)
FN:204,(anonymous_7)
FN:241,(anonymous_8)
FN:244,(anonymous_9)
FN:258,(anonymous_10)
FN:298,(anonymous_11)
FN:317,(anonymous_12)
FN:329,(anonymous_13)
FN:354,(anonymous_14)
FN:370,(anonymous_15)
FN:376,(anonymous_16)
FN:381,(anonymous_17)
FN:391,(anonymous_18)
FN:410,(anonymous_19)
FN:430,(anonymous_20)
FN:461,(anonymous_21)
FN:466,(anonymous_22)
FN:477,(anonymous_23)
FN:481,(anonymous_24)
FN:498,(anonymous_25)
FN:505,(anonymous_26)
FN:507,(anonymous_27)
FN:512,(anonymous_28)
FN:516,(anonymous_29)
FN:524,(anonymous_30)
FN:545,(anonymous_31)
FN:551,(anonymous_32)
FN:557,(anonymous_33)
FN:572,(anonymous_34)
FN:577,(anonymous_35)
FN:580,(anonymous_36)
FN:591,(anonymous_37)
FN:603,(anonymous_38)
FN:604,(anonymous_39)
FN:607,(anonymous_40)
FN:614,(anonymous_41)
FN:615,(anonymous_42)
FN:616,(anonymous_43)
FN:617,(anonymous_44)
FN:626,(anonymous_45)
FN:637,(anonymous_46)
FN:646,(anonymous_47)
FN:683,(anonymous_48)
FN:690,(anonymous_49)
FN:691,(anonymous_50)
FN:704,(anonymous_51)
FN:709,(anonymous_52)
FN:710,(anonymous_53)
FNF:54
FNH:0
FNDA:0,(anonymous_0)
FNDA:0,(anonymous_1)
FNDA:0,(anonymous_2)
FNDA:0,(anonymous_3)
FNDA:0,(anonymous_4)
FNDA:0,(anonymous_5)
FNDA:0,(anonymous_6)
FNDA:0,(anonymous_7)
FNDA:0,(anonymous_8)
FNDA:0,(anonymous_9)
FNDA:0,(anonymous_10)
FNDA:0,(anonymous_11)
FNDA:0,(anonymous_12)
FNDA:0,(anonymous_13)
FNDA:0,(anonymous_14)
FNDA:0,(anonymous_15)
FNDA:0,(anonymous_16)
FNDA:0,(anonymous_17)
FNDA:0,(anonymous_18)
FNDA:0,(anonymous_19)
FNDA:0,(anonymous_20)
FNDA:0,(anonymous_21)
FNDA:0,(anonymous_22)
FNDA:0,(anonymous_23)
FNDA:0,(anonymous_24)
FNDA:0,(anonymous_25)
FNDA:0,(anonymous_26)
FNDA:0,(anonymous_27)
FNDA:0,(anonymous_28)
FNDA:0,(anonymous_29)
FNDA:0,(anonymous_30)
FNDA:0,(anonymous_31)
FNDA:0,(anonymous_32)
FNDA:0,(anonymous_33)
FNDA:0,(anonymous_34)
FNDA:0,(anonymous_35)
FNDA:0,(anonymous_36)
FNDA:0,(anonymous_37)
FNDA:0,(anonymous_38)
FNDA:0,(anonymous_39)
FNDA:0,(anonymous_40)
FNDA:0,(anonymous_41)
FNDA:0,(anonymous_42)
FNDA:0,(anonymous_43)
FNDA:0,(anonymous_44)
FNDA:0,(anonymous_45)
FNDA:0,(anonymous_46)
FNDA:0,(anonymous_47)
FNDA:0,(anonymous_48)
FNDA:0,(anonymous_49)
FNDA:0,(anonymous_50)
FNDA:0,(anonymous_51)
FNDA:0,(anonymous_52)
FNDA:0,(anonymous_53)
DA:1,0
DA:43,0
DA:46,0
DA:47,0
DA:49,0
DA:54,0
DA:55,0
DA:57,0
DA:60,0
DA:64,0
DA:65,0
DA:78,0
DA:79,0
DA:87,0
DA:93,0
DA:99,0
DA:106,0
DA:107,0
DA:109,0
DA:116,0
DA:117,0
DA:120,0
DA:131,0
DA:133,0
DA:134,0
DA:136,0
DA:145,0
DA:167,0
DA:168,0
DA:170,0
DA:171,0
DA:174,0
DA:176,0
DA:177,0
DA:178,0
DA:179,0
DA:181,0
DA:193,0
DA:194,0
DA:205,0
DA:206,0
DA:210,0
DA:211,0
DA:214,0
DA:215,0
DA:217,0
DA:218,0
DA:219,0
DA:228,0
DA:230,0
DA:231,0
DA:242,0
DA:244,0
DA:259,0
DA:262,0
DA:263,0
DA:264,0
DA:265,0
DA:266,0
DA:271,0
DA:272,0
DA:279,0
DA:285,0
DA:286,0
DA:287,0
DA:295,0
DA:299,0
DA:300,0
DA:303,0
DA:305,0
DA:306,0
DA:318,0
DA:319,0
DA:321,0
DA:322,0
DA:329,0
DA:334,0
DA:335,0
DA:337,0
DA:339,0
DA:340,0
DA:355,0
DA:356,0
DA:360,0
DA:361,0
DA:370,0
DA:371,0
DA:373,0
DA:375,0
DA:376,0
DA:380,0
DA:381,0
DA:386,0
DA:391,0
DA:398,0
DA:399,0
DA:411,0
DA:412,0
DA:415,0
DA:416,0
DA:419,0
DA:420,0
DA:427,0
DA:431,0
DA:432,0
DA:435,0
DA:445,0
DA:448,0
DA:453,0
DA:463,0
DA:470,0
DA:474,0
DA:476,0
DA:477,0
DA:485,0
DA:499,0
DA:501,0
DA:502,0
DA:505,0
DA:507,0
DA:509,0
DA:514,0
DA:516,0
DA:518,0
DA:519,0
DA:521,0
DA:525,0
DA:527,0
DA:529,0
DA:530,0
DA:531,0
DA:533,0
DA:534,0
DA:535,0
DA:537,0
DA:538,0
DA:539,0
DA:542,0
DA:546,0
DA:547,0
DA:548,0
DA:552,0
DA:553,0
DA:554,0
DA:558,0
DA:569,0
DA:576,0
DA:577,0
DA:584,0
DA:585,0
DA:586,0
DA:588,0
DA:595,0
DA:596,0
DA:600,0
DA:602,0
DA:603,0
DA:604,0
DA:610,0
DA:613,0
DA:614,0
DA:615,0
DA:616,0
DA:617,0
DA:619,0
DA:621,0
DA:622,0
DA:623,0
DA:629,0
DA:631,0
DA:632,0
DA:634,0
DA:641,0
DA:642,0
DA:646,0
DA:648,0
DA:649,0
DA:650,0
DA:652,0
DA:653,0
DA:654,0
DA:655,0
DA:659,0
DA:660,0
DA:661,0
DA:662,0
DA:663,0
DA:666,0
DA:670,0
DA:671,0
DA:672,0
DA:676,0
DA:677,0
DA:680,0
DA:685,0
DA:686,0
DA:688,0
DA:690,0
DA:691,0
DA:694,0
DA:695,0
DA:696,0
DA:697,0
DA:701,0
DA:707,0
DA:709,0
DA:710,0
DA:711,0
DA:716,0
LF:209
LH:0
BRDA:64,0,0,0
BRDA:64,0,1,0
BRDA:118,1,0,0
BRDA:118,1,1,0
BRDA:170,2,0,0
BRDA:170,3,0,0
BRDA:170,3,1,0
BRDA:210,4,0,0
BRDA:210,5,0,0
BRDA:210,5,1,0
BRDA:218,6,0,0
BRDA:222,7,0,0
BRDA:222,7,1,0
BRDA:222,7,2,0
BRDA:262,8,0,0
BRDA:262,8,1,0
BRDA:264,9,0,0
BRDA:271,10,0,0
BRDA:271,11,0,0
BRDA:271,11,1,0
BRDA:303,12,0,0
BRDA:303,12,1,0
BRDA:321,13,0,0
BRDA:321,14,0,0
BRDA:321,14,1,0
BRDA:360,15,0,0
BRDA:371,16,0,0
BRDA:371,16,1,0
BRDA:377,17,0,0
BRDA:377,17,1,0
BRDA:382,18,0,0
BRDA:382,18,1,0
BRDA:392,19,0,0
BRDA:392,19,1,0
BRDA:416,20,0,0
BRDA:416,20,1,0
BRDA:419,21,0,0
BRDA:419,22,0,0
BRDA:419,22,1,0
BRDA:419,22,2,0
BRDA:439,23,0,0
BRDA:439,23,1,0
BRDA:474,24,0,0
BRDA:477,25,0,0
BRDA:477,25,1,0
BRDA:499,26,0,0
BRDA:518,27,0,0
BRDA:519,28,0,0
BRDA:527,29,0,0
BRDA:527,29,1,0
BRDA:527,29,2,0
BRDA:546,30,0,0
BRDA:547,31,0,0
BRDA:552,32,0,0
BRDA:553,33,0,0
BRDA:569,34,0,0
BRDA:569,34,1,0
BRDA:577,35,0,0
BRDA:577,35,1,0
BRDA:600,36,0,0
BRDA:610,37,0,0
BRDA:621,38,0,0
BRDA:622,39,0,0
BRDA:629,40,0,0
BRDA:641,41,0,0
BRDA:641,42,0,0
BRDA:641,42,1,0
BRDA:659,43,0,0
BRDA:659,43,1,0
BRDA:662,44,0,0
BRDA:676,45,0,0
BRDA:696,46,0,0
BRDA:707,47,0,0
BRDA:707,48,0,0
BRDA:707,48,1,0
BRF:75
BRH:0
end_of_record
TN:
SF:src/modules/analytics/index.ts
FN:1,(anonymous_0)
FNF:1
FNH:0
FNDA:0,(anonymous_0)
DA:1,0
LF:1
LH:0
BRF:0
BRH:0
end_of_record
TN:
SF:src/modules/core/EventBus.ts
FN:41,(anonymous_0)
FN:50,(anonymous_1)
FN:63,(anonymous_2)
FN:92,(anonymous_3)
FN:113,(anonymous_4)
FN:137,(anonymous_5)
FN:139,(anonymous_6)
FN:180,(anonymous_7)
FN:218,(anonymous_8)
FN:256,(anonymous_9)
FN:265,(anonymous_10)
FN:270,(anonymous_11)
FN:275,(anonymous_12)
FN:295,(anonymous_13)
FN:310,(anonymous_14)
FNF:15
FNH:0
FNDA:0,(anonymous_0)
FNDA:0,(anonymous_1)
FNDA:0,(anonymous_2)
FNDA:0,(anonymous_3)
FNDA:0,(anonymous_4)
FNDA:0,(anonymous_5)
FNDA:0,(anonymous_6)
FNDA:0,(anonymous_7)
FNDA:0,(anonymous_8)
FNDA:0,(anonymous_9)
FNDA:0,(anonymous_10)
FNDA:0,(anonymous_11)
FNDA:0,(anonymous_12)
FNDA:0,(anonymous_13)
FNDA:0,(anonymous_14)
DA:1,0
DA:34,0
DA:35,0
DA:36,0
DA:37,0
DA:38,0
DA:39,0
DA:51,0
DA:52,0
DA:54,0
DA:64,0
DA:100,0
DA:108,0
DA:109,0
DA:112,0
DA:114,0
DA:118,0
DA:120,0
DA:138,0
DA:139,0
DA:140,0
DA:141,0
DA:142,0
DA:143,0
DA:145,0
DA:148,0
DA:183,0
DA:190,0
DA:191,0
DA:192,0
DA:196,0
DA:198,0
DA:199,0
DA:200,0
DA:201,0
DA:202,0
DA:209,0
DA:210,0
DA:211,0
DA:213,0
DA:219,0
DA:222,0
DA:223,0
DA:224,0
DA:227,0
DA:262,0
DA:264,0
DA:265,0
DA:268,0
DA:269,0
DA:270,0
DA:273,0
DA:274,0
DA:275,0
DA:278,0
DA:279,0
DA:282,0
DA:296,0
DA:311,0
DA:312,0
DA:313,0
DA:315,0
LF:62
LH:0
BRDA:51,0,0,0
BRDA:104,1,0,0
BRDA:104,1,1,0
BRDA:108,2,0,0
BRDA:108,2,1,0
BRDA:114,3,0,0
BRDA:114,3,1,0
BRDA:115,4,0,0
BRDA:115,4,1,0
BRDA:140,5,0,0
BRDA:142,6,0,0
BRDA:191,7,0,0
BRDA:199,8,0,0
BRDA:201,9,0,0
BRDA:201,10,0,0
BRDA:201,10,1,0
BRDA:219,11,0,0
BRDA:222,12,0,0
BRDA:264,13,0,0
BRDA:268,14,0,0
BRDA:273,15,0,0
BRDA:278,16,0,0
BRF:22
BRH:0
end_of_record
TN:
SF:src/modules/core/MockEventDrivenStorage.ts
FN:11,(anonymous_0)
FN:16,(anonymous_1)
FN:22,(anonymous_2)
FN:30,(anonymous_3)
FN:32,(anonymous_4)
FN:36,(anonymous_5)
FN:40,(anonymous_6)
FN:44,(anonymous_7)
FN:50,(anonymous_8)
FN:55,(anonymous_9)
FN:56,(anonymous_10)
FNF:11
FNH:0
FNDA:0,(anonymous_0)
FNDA:0,(anonymous_1)
FNDA:0,(anonymous_2)
FNDA:0,(anonymous_3)
FNDA:0,(anonymous_4)
FNDA:0,(anonymous_5)
FNDA:0,(anonymous_6)
FNDA:0,(anonymous_7)
FNDA:0,(anonymous_8)
FNDA:0,(anonymous_9)
FNDA:0,(anonymous_10)
DA:5,0
DA:7,0
DA:8,0
DA:9,0
DA:12,0
DA:17,0
DA:18,0
DA:23,0
DA:24,0
DA:25,0
DA:31,0
DA:32,0
DA:37,0
DA:38,0
DA:40,0
DA:45,0
DA:46,0
DA:51,0
DA:56,0
DA:57,0
DA:58,0
DA:59,0
LF:22
LH:0
BRDA:18,0,0,0
BRDA:18,0,1,0
BRDA:18,0,2,0
BRDA:24,1,0,0
BRDA:37,2,0,0
BRDA:58,3,0,0
BRF:6
BRH:0
end_of_record
TN:
SF:src/modules/core/eventDrivenStorage.ts
FN:36,(anonymous_0)
FN:43,(anonymous_1)
FN:64,(anonymous_2)
FN:67,(anonymous_3)
FN:71,(anonymous_4)
FN:95,(anonymous_5)
FN:108,(anonymous_6)
FN:111,(anonymous_7)
FN:115,(anonymous_8)
FN:140,(anonymous_9)
FN:153,(anonymous_10)
FN:156,(anonymous_11)
FN:160,(anonymous_12)
FN:183,(anonymous_13)
FN:196,(anonymous_14)
FN:199,(anonymous_15)
FN:203,(anonymous_16)
FN:226,(anonymous_17)
FN:239,(anonymous_18)
FN:262,(anonymous_19)
FNF:20
FNH:0
FNDA:0,(anonymous_0)
FNDA:0,(anonymous_1)
FNDA:0,(anonymous_2)
FNDA:0,(anonymous_3)
FNDA:0,(anonymous_4)
FNDA:0,(anonymous_5)
FNDA:0,(anonymous_6)
FNDA:0,(anonymous_7)
FNDA:0,(anonymous_8)
FNDA:0,(anonymous_9)
FNDA:0,(anonymous_10)
FNDA:0,(anonymous_11)
FNDA:0,(anonymous_12)
FNDA:0,(anonymous_13)
FNDA:0,(anonymous_14)
FNDA:0,(anonymous_15)
FNDA:0,(anonymous_16)
FNDA:0,(anonymous_17)
FNDA:0,(anonymous_18)
FNDA:0,(anonymous_19)
DA:8,0
DA:9,0
DA:23,0
DA:24,0
DA:25,0
DA:26,0
DA:34,0
DA:37,0
DA:44,0
DA:45,0
DA:46,0
DA:48,0
DA:52,0
DA:54,0
DA:65,0
DA:67,0
DA:68,0
DA:71,0
DA:72,0
DA:73,0
DA:77,0
DA:84,0
DA:90,0
DA:96,0
DA:97,0
DA:98,0
DA:109,0
DA:111,0
DA:112,0
DA:115,0
DA:116,0
DA:117,0
DA:121,0
DA:128,0
DA:135,0
DA:141,0
DA:142,0
DA:143,0
DA:154,0
DA:156,0
DA:157,0
DA:160,0
DA:161,0
DA:162,0
DA:166,0
DA:173,0
DA:178,0
DA:184,0
DA:185,0
DA:186,0
DA:197,0
DA:199,0
DA:200,0
DA:203,0
DA:204,0
DA:205,0
DA:209,0
DA:216,0
DA:221,0
DA:227,0
DA:228,0
DA:229,0
DA:240,0
DA:241,0
DA:243,0
DA:245,0
DA:249,0
DA:250,0
DA:252,0
DA:253,0
DA:255,0
DA:263,0
DA:264,0
DA:265,0
DA:267,0
DA:272,0
LF:76
LH:0
BRDA:36,0,0,0
BRDA:44,1,0,0
BRDA:243,2,0,0
BRDA:252,3,0,0
BRDA:252,3,1,0
BRDA:253,4,0,0
BRDA:253,4,1,0
BRDA:255,5,0,0
BRDA:255,5,1,0
BRF:9
BRH:0
end_of_record
TN:
SF:src/modules/core/index.ts
FN:1,(anonymous_4)
FN:2,(anonymous_5)
FN:2,(anonymous_6)
FN:3,(anonymous_7)
FNF:4
FNH:0
FNDA:0,(anonymous_4)
FNDA:0,(anonymous_5)
FNDA:0,(anonymous_6)
FNDA:0,(anonymous_7)
DA:1,0
DA:2,0
DA:3,0
DA:4,0
DA:5,0
DA:6,0
LF:6
LH:0
BRF:0
BRH:0
end_of_record
TN:
SF:src/modules/core/sharedTypes.ts
FN:9,(anonymous_0)
FN:36,(anonymous_1)
FN:44,(anonymous_2)
FN:56,(anonymous_3)
FN:84,(anonymous_4)
FN:100,(anonymous_5)
FN:121,(anonymous_6)
FN:131,(anonymous_7)
FN:153,(anonymous_8)
FN:162,(anonymous_9)
FN:166,(anonymous_10)
FN:170,(anonymous_11)
FN:174,(anonymous_12)
FN:178,(anonymous_13)
FNF:14
FNH:0
FNDA:0,(anonymous_0)
FNDA:0,(anonymous_1)
FNDA:0,(anonymous_2)
FNDA:0,(anonymous_3)
FNDA:0,(anonymous_4)
FNDA:0,(anonymous_5)
FNDA:0,(anonymous_6)
FNDA:0,(anonymous_7)
FNDA:0,(anonymous_8)
FNDA:0,(anonymous_9)
FNDA:0,(anonymous_10)
FNDA:0,(anonymous_11)
FNDA:0,(anonymous_12)
FNDA:0,(anonymous_13)
DA:6,0
DA:9,0
DA:36,0
DA:37,0
DA:38,0
DA:39,0
DA:40,0
DA:44,0
DA:45,0
DA:46,0
DA:47,0
DA:48,0
DA:49,0
DA:50,0
DA:51,0
DA:52,0
DA:56,0
DA:57,0
DA:58,0
DA:59,0
DA:60,0
DA:61,0
DA:62,0
DA:84,0
DA:85,0
DA:86,0
DA:87,0
DA:88,0
DA:100,0
DA:101,0
DA:102,0
DA:103,0
DA:104,0
DA:121,0
DA:122,0
DA:123,0
DA:124,0
DA:125,0
DA:126,0
DA:127,0
DA:131,0
DA:132,0
DA:133,0
DA:134,0
DA:135,0
DA:136,0
DA:153,0
DA:154,0
DA:155,0
DA:156,0
DA:157,0
DA:161,0
DA:163,0
DA:167,0
DA:171,0
DA:175,0
DA:179,0
LF:57
LH:0
BRDA:36,0,0,0
BRDA:36,0,1,0
BRDA:44,1,0,0
BRDA:44,1,1,0
BRDA:56,2,0,0
BRDA:56,2,1,0
BRDA:84,3,0,0
BRDA:84,3,1,0
BRDA:100,4,0,0
BRDA:100,4,1,0
BRDA:121,5,0,0
BRDA:121,5,1,0
BRDA:131,6,0,0
BRDA:131,6,1,0
BRDA:153,7,0,0
BRDA:153,7,1,0
BRDA:163,8,0,0
BRDA:163,8,1,0
BRDA:163,8,2,0
BRDA:180,9,0,0
BRDA:180,9,1,0
BRDA:180,9,2,0
BRF:22
BRH:0
end_of_record
TN:
SF:src/modules/core/types.ts
FN:16,(anonymous_0)
FNF:1
FNH:0
FNDA:0,(anonymous_0)
DA:16,0
DA:17,0
DA:18,0
DA:19,0
DA:20,0
LF:5
LH:0
BRDA:16,0,0,0
BRDA:16,0,1,0
BRF:2
BRH:0
end_of_record
TN:
SF:src/modules/curriculum/CurriculumModule.ts
FN:58,(anonymous_0)
FN:554,(anonymous_1)
FN:590,(anonymous_2)
FN:608,(anonymous_3)
FN:615,(anonymous_4)
FN:69,(anonymous_5)
FN:102,(anonymous_6)
FN:125,(anonymous_7)
FN:131,(anonymous_8)
FN:164,(anonymous_9)
FN:170,(anonymous_10)
FN:171,(anonymous_11)
FN:177,(anonymous_12)
FN:180,(anonymous_13)
FN:186,(anonymous_14)
FN:229,(anonymous_15)
FN:243,(anonymous_16)
FN:248,(anonymous_17)
FN:255,(anonymous_18)
FN:259,(anonymous_19)
FN:264,(anonymous_20)
FN:271,(anonymous_21)
FN:274,(anonymous_22)
FN:280,(anonymous_23)
FN:286,(anonymous_24)
FN:287,(anonymous_25)
FN:294,(anonymous_26)
FN:307,(anonymous_27)
FN:314,(anonymous_28)
FN:347,(anonymous_29)
FN:351,(anonymous_30)
FN:358,(anonymous_31)
FN:367,(anonymous_32)
FN:375,(anonymous_33)
FN:392,(anonymous_34)
FN:397,(anonymous_35)
FN:398,(anonymous_36)
FN:415,(anonymous_37)
FN:417,(anonymous_38)
FN:429,(anonymous_39)
FN:434,(anonymous_40)
FN:437,(anonymous_41)
FN:437,(anonymous_42)
FN:441,(anonymous_43)
FN:444,(anonymous_44)
FN:445,(anonymous_45)
FN:461,(anonymous_46)
FN:479,(anonymous_47)
FN:496,(anonymous_48)
FN:539,(anonymous_49)
FN:629,(anonymous_50)
FN:643,(anonymous_51)
FN:652,(anonymous_52)
FN:712,(anonymous_53)
FN:747,(anonymous_54)
FN:782,(anonymous_55)
FN:794,(anonymous_56)
FN:801,(anonymous_57)
FN:810,(anonymous_58)
FN:823,(anonymous_59)
FN:825,(anonymous_60)
FN:832,(anonymous_61)
FN:833,(anonymous_62)
FN:840,(anonymous_63)
FN:845,(anonymous_64)
FN:851,(anonymous_65)
FN:856,(anonymous_66)
FN:866,(anonymous_67)
FN:879,(anonymous_68)
FN:904,(anonymous_69)
FN:917,(anonymous_70)
FN:929,(anonymous_71)
FN:937,(anonymous_72)
FN:959,(anonymous_73)
FN:1008,(anonymous_74)
FN:1053,(anonymous_75)
FN:1082,(anonymous_76)
FN:1128,(anonymous_77)
FN:1186,(anonymous_78)
FN:1258,(anonymous_79)
FN:1267,(anonymous_80)
FN:1343,(anonymous_81)
FN:1360,(anonymous_82)
FN:1394,(anonymous_83)
FN:1448,(anonymous_84)
FN:1488,(anonymous_85)
FN:1522,(anonymous_86)
FN:1529,(anonymous_87)
FN:1538,(anonymous_88)
FN:1547,(anonymous_89)
FN:1557,(anonymous_90)
FN:1566,(anonymous_91)
FN:1575,(anonymous_92)
FN:1584,(anonymous_93)
FN:1592,(anonymous_94)
FN:1600,(anonymous_95)
FN:1608,(anonymous_96)
FN:1617,(anonymous_97)
FN:1626,(anonymous_98)
FN:1634,(anonymous_99)
FN:1640,(anonymous_100)
FN:1646,(anonymous_101)
FN:1652,(anonymous_102)
FN:1659,(anonymous_103)
FN:1677,(anonymous_104)
FN:1687,(anonymous_105)
FN:1693,(anonymous_106)
FN:1707,(anonymous_107)
FN:1723,(anonymous_108)
FN:1739,(anonymous_109)
FN:1744,(anonymous_110)
FN:1755,(anonymous_111)
FN:1761,(anonymous_112)
FN:1771,(anonymous_113)
FN:1785,(anonymous_114)
FNF:115
FNH:0
FNDA:0,(anonymous_0)
FNDA:0,(anonymous_1)
FNDA:0,(anonymous_2)
FNDA:0,(anonymous_3)
FNDA:0,(anonymous_4)
FNDA:0,(anonymous_5)
FNDA:0,(anonymous_6)
FNDA:0,(anonymous_7)
FNDA:0,(anonymous_8)
FNDA:0,(anonymous_9)
FNDA:0,(anonymous_10)
FNDA:0,(anonymous_11)
FNDA:0,(anonymous_12)
FNDA:0,(anonymous_13)
FNDA:0,(anonymous_14)
FNDA:0,(anonymous_15)
FNDA:0,(anonymous_16)
FNDA:0,(anonymous_17)
FNDA:0,(anonymous_18)
FNDA:0,(anonymous_19)
FNDA:0,(anonymous_20)
FNDA:0,(anonymous_21)
FNDA:0,(anonymous_22)
FNDA:0,(anonymous_23)
FNDA:0,(anonymous_24)
FNDA:0,(anonymous_25)
FNDA:0,(anonymous_26)
FNDA:0,(anonymous_27)
FNDA:0,(anonymous_28)
FNDA:0,(anonymous_29)
FNDA:0,(anonymous_30)
FNDA:0,(anonymous_31)
FNDA:0,(anonymous_32)
FNDA:0,(anonymous_33)
FNDA:0,(anonymous_34)
FNDA:0,(anonymous_35)
FNDA:0,(anonymous_36)
FNDA:0,(anonymous_37)
FNDA:0,(anonymous_38)
FNDA:0,(anonymous_39)
FNDA:0,(anonymous_40)
FNDA:0,(anonymous_41)
FNDA:0,(anonymous_42)
FNDA:0,(anonymous_43)
FNDA:0,(anonymous_44)
FNDA:0,(anonymous_45)
FNDA:0,(anonymous_46)
FNDA:0,(anonymous_47)
FNDA:0,(anonymous_48)
FNDA:0,(anonymous_49)
FNDA:0,(anonymous_50)
FNDA:0,(anonymous_51)
FNDA:0,(anonymous_52)
FNDA:0,(anonymous_53)
FNDA:0,(anonymous_54)
FNDA:0,(anonymous_55)
FNDA:0,(anonymous_56)
FNDA:0,(anonymous_57)
FNDA:0,(anonymous_58)
FNDA:0,(anonymous_59)
FNDA:0,(anonymous_60)
FNDA:0,(anonymous_61)
FNDA:0,(anonymous_62)
FNDA:0,(anonymous_63)
FNDA:0,(anonymous_64)
FNDA:0,(anonymous_65)
FNDA:0,(anonymous_66)
FNDA:0,(anonymous_67)
FNDA:0,(anonymous_68)
FNDA:0,(anonymous_69)
FNDA:0,(anonymous_70)
FNDA:0,(anonymous_71)
FNDA:0,(anonymous_72)
FNDA:0,(anonymous_73)
FNDA:0,(anonymous_74)
FNDA:0,(anonymous_75)
FNDA:0,(anonymous_76)
FNDA:0,(anonymous_77)
FNDA:0,(anonymous_78)
FNDA:0,(anonymous_79)
FNDA:0,(anonymous_80)
FNDA:0,(anonymous_81)
FNDA:0,(anonymous_82)
FNDA:0,(anonymous_83)
FNDA:0,(anonymous_84)
FNDA:0,(anonymous_85)
FNDA:0,(anonymous_86)
FNDA:0,(anonymous_87)
FNDA:0,(anonymous_88)
FNDA:0,(anonymous_89)
FNDA:0,(anonymous_90)
FNDA:0,(anonymous_91)
FNDA:0,(anonymous_92)
FNDA:0,(anonymous_93)
FNDA:0,(anonymous_94)
FNDA:0,(anonymous_95)
FNDA:0,(anonymous_96)
FNDA:0,(anonymous_97)
FNDA:0,(anonymous_98)
FNDA:0,(anonymous_99)
FNDA:0,(anonymous_100)
FNDA:0,(anonymous_101)
FNDA:0,(anonymous_102)
FNDA:0,(anonymous_103)
FNDA:0,(anonymous_104)
FNDA:0,(anonymous_105)
FNDA:0,(anonymous_106)
FNDA:0,(anonymous_107)
FNDA:0,(anonymous_108)
FNDA:0,(anonymous_109)
FNDA:0,(anonymous_110)
FNDA:0,(anonymous_111)
FNDA:0,(anonymous_112)
FNDA:0,(anonymous_113)
FNDA:0,(anonymous_114)
DA:5,0
DA:6,0
DA:44,0
DA:45,0
DA:46,0
DA:48,0
DA:49,0
DA:50,0
DA:51,0
DA:55,0
DA:56,0
DA:59,0
DA:60,0
DA:61,0
DA:70,0
DA:71,0
DA:81,0
DA:84,0
DA:86,0
DA:88,0
DA:95,0
DA:96,0
DA:98,0
DA:103,0
DA:105,0
DA:106,0
DA:107,0
DA:110,0
DA:112,0
DA:114,0
DA:121,0
DA:126,0
DA:134,0
DA:136,0
DA:138,0
DA:142,0
DA:151,0
DA:152,0
DA:154,0
DA:161,0
DA:165,0
DA:166,0
DA:167,0
DA:169,0
DA:170,0
DA:171,0
DA:172,0
DA:174,0
DA:175,0
DA:178,0
DA:180,0
DA:182,0
DA:183,0
DA:187,0
DA:189,0
DA:190,0
DA:191,0
DA:194,0
DA:197,0
DA:198,0
DA:202,0
DA:203,0
DA:207,0
DA:210,0
DA:211,0
DA:214,0
DA:215,0
DA:217,0
DA:224,0
DA:230,0
DA:231,0
DA:233,0
DA:240,0
DA:247,0
DA:248,0
DA:250,0
DA:251,0
DA:254,0
DA:255,0
DA:256,0
DA:258,0
DA:259,0
DA:262,0
DA:263,0
DA:265,0
DA:269,0
DA:270,0
DA:272,0
DA:274,0
DA:278,0
DA:279,0
DA:281,0
DA:285,0
DA:286,0
DA:287,0
DA:291,0
DA:298,0
DA:300,0
DA:301,0
DA:306,0
DA:308,0
DA:311,0
DA:314,0
DA:317,0
DA:321,0
DA:324,0
DA:328,0
DA:329,0
DA:330,0
DA:333,0
DA:342,0
DA:346,0
DA:347,0
DA:351,0
DA:352,0
DA:355,0
DA:362,0
DA:368,0
DA:369,0
DA:376,0
DA:379,0
DA:381,0
DA:389,0
DA:391,0
DA:392,0
DA:394,0
DA:395,0
DA:396,0
DA:397,0
DA:398,0
DA:400,0
DA:401,0
DA:408,0
DA:416,0
DA:417,0
DA:418,0
DA:421,0
DA:422,0
DA:423,0
DA:424,0
DA:425,0
DA:429,0
DA:431,0
DA:434,0
DA:437,0
DA:442,0
DA:445,0
DA:458,0
DA:470,0
DA:485,0
DA:486,0
DA:488,0
DA:510,0
DA:517,0
DA:518,0
DA:519,0
DA:520,0
DA:521,0
DA:523,0
DA:524,0
DA:525,0
DA:529,0
DA:530,0
DA:531,0
DA:534,0
DA:540,0
DA:544,0
DA:548,0
DA:554,0
DA:557,0
DA:558,0
DA:559,0
DA:562,0
DA:564,0
DA:565,0
DA:566,0
DA:567,0
DA:570,0
DA:572,0
DA:574,0
DA:582,0
DA:590,0
DA:593,0
DA:594,0
DA:595,0
DA:608,0
DA:609,0
DA:610,0
DA:611,0
DA:614,0
DA:615,0
DA:622,0
DA:632,0
DA:633,0
DA:635,0
DA:636,0
DA:638,0
DA:639,0
DA:644,0
DA:645,0
DA:647,0
DA:648,0
DA:656,0
DA:658,0
DA:662,0
DA:685,0
DA:709,0
DA:717,0
DA:719,0
DA:720,0
DA:744,0
DA:751,0
DA:753,0
DA:754,0
DA:755,0
DA:756,0
DA:757,0
DA:759,0
DA:760,0
DA:761,0
DA:762,0
DA:763,0
DA:764,0
DA:765,0
DA:770,0
DA:774,0
DA:779,0
DA:786,0
DA:788,0
DA:789,0
DA:791,0
DA:792,0
DA:793,0
DA:794,0
DA:800,0
DA:801,0
DA:804,0
DA:805,0
DA:806,0
DA:809,0
DA:810,0
DA:812,0
DA:813,0
DA:814,0
DA:820,0
DA:824,0
DA:825,0
DA:829,0
DA:831,0
DA:833,0
DA:837,0
DA:841,0
DA:844,0
DA:845,0
DA:848,0
DA:850,0
DA:851,0
DA:855,0
DA:856,0
DA:857,0
DA:858,0
DA:863,0
DA:870,0
DA:876,0
DA:883,0
DA:885,0
DA:886,0
DA:889,0
DA:890,0
DA:894,0
DA:897,0
DA:898,0
DA:901,0
DA:905,0
DA:906,0
DA:907,0
DA:911,0
DA:918,0
DA:919,0
DA:921,0
DA:922,0
DA:923,0
DA:926,0
DA:930,0
DA:938,0
DA:939,0
DA:940,0
DA:943,0
DA:944,0
DA:945,0
DA:963,0
DA:964,0
DA:966,0
DA:985,0
DA:988,0
DA:991,0
DA:998,0
DA:1000,0
DA:1001,0
DA:1012,0
DA:1013,0
DA:1017,0
DA:1018,0
DA:1022,0
DA:1028,0
DA:1032,0
DA:1043,0
DA:1044,0
DA:1049,0
DA:1051,0
DA:1053,0
DA:1055,0
DA:1064,0
DA:1067,0
DA:1074,0
DA:1075,0
DA:1086,0
DA:1087,0
DA:1088,0
DA:1091,0
DA:1108,0
DA:1109,0
DA:1110,0
DA:1113,0
DA:1116,0
DA:1118,0
DA:1120,0
DA:1121,0
DA:1131,0
DA:1132,0
DA:1150,0
DA:1159,0
DA:1160,0
DA:1161,0
DA:1165,0
DA:1166,0
DA:1167,0
DA:1171,0
DA:1176,0
DA:1178,0
DA:1179,0
DA:1190,0
DA:1192,0
DA:1196,0
DA:1197,0
DA:1217,0
DA:1225,0
DA:1234,0
DA:1235,0
DA:1240,0
DA:1250,0
DA:1251,0
DA:1261,0
DA:1262,0
DA:1265,0
DA:1266,0
DA:1267,0
DA:1270,0
DA:1271,0
DA:1272,0
DA:1274,0
DA:1278,0
DA:1279,0
DA:1280,0
DA:1282,0
DA:1285,0
DA:1286,0
DA:1287,0
DA:1288,0
DA:1289,0
DA:1290,0
DA:1294,0
DA:1295,0
DA:1296,0
DA:1297,0
DA:1302,0
DA:1306,0
DA:1307,0
DA:1312,0
DA:1313,0
DA:1314,0
DA:1315,0
DA:1319,0
DA:1324,0
DA:1343,0
DA:1344,0
DA:1345,0
DA:1351,0
DA:1353,0
DA:1354,0
DA:1361,0
DA:1362,0
DA:1365,0
DA:1366,0
DA:1371,0
DA:1375,0
DA:1376,0
DA:1380,0
DA:1384,0
DA:1388,0
DA:1395,0
DA:1409,0
DA:1411,0
DA:1451,0
DA:1452,0
DA:1454,0
DA:1491,0
DA:1523,0
DA:1532,0
DA:1541,0
DA:1550,0
DA:1560,0
DA:1569,0
DA:1578,0
DA:1585,0
DA:1593,0
DA:1601,0
DA:1609,0
DA:1618,0
DA:1621,0
DA:1622,0
DA:1624,0
DA:1626,0
DA:1628,0
DA:1631,0
DA:1636,0
DA:1637,0
DA:1642,0
DA:1643,0
DA:1648,0
DA:1649,0
DA:1654,0
DA:1655,0
DA:1663,0
DA:1664,0
DA:1666,0
DA:1667,0
DA:1671,0
DA:1674,0
DA:1682,0
DA:1683,0
DA:1684,0
DA:1692,0
DA:1694,0
DA:1701,0
DA:1704,0
DA:1712,0
DA:1717,0
DA:1720,0
DA:1728,0
DA:1733,0
DA:1736,0
DA:1742,0
DA:1744,0
DA:1745,0
DA:1746,0
DA:1750,0
DA:1759,0
DA:1761,0
DA:1762,0
DA:1763,0
DA:1765,0
DA:1768,0
DA:1775,0
DA:1782,0
DA:1789,0
DA:1795,0
LF:467
LH:0
BRDA:558,0,0,0
BRDA:567,1,0,0
BRDA:579,2,0,0
BRDA:579,2,1,0
BRDA:594,3,0,0
BRDA:610,4,0,0
BRDA:615,5,0,0
BRDA:615,5,1,0
BRDA:60,6,0,0
BRDA:60,6,1,0
BRDA:63,7,0,0
BRDA:63,7,1,0
BRDA:64,8,0,0
BRDA:64,8,1,0
BRDA:65,9,0,0
BRDA:65,9,1,0
BRDA:97,10,0,0
BRDA:97,10,1,0
BRDA:138,11,0,0
BRDA:138,11,1,0
BRDA:146,12,0,0
BRDA:146,12,1,0
BRDA:167,13,0,0
BRDA:178,14,0,0
BRDA:178,14,1,0
BRDA:178,14,2,0
BRDA:190,15,0,0
BRDA:197,16,0,0
BRDA:202,17,0,0
BRDA:210,18,0,0
BRDA:250,19,0,0
BRDA:250,19,1,0
BRDA:251,20,0,0
BRDA:251,20,1,0
BRDA:262,21,0,0
BRDA:265,22,0,0
BRDA:265,22,1,0
BRDA:269,23,0,0
BRDA:272,24,0,0
BRDA:272,24,1,0
BRDA:278,25,0,0
BRDA:281,26,0,0
BRDA:281,26,1,0
BRDA:285,27,0,0
BRDA:300,28,0,0
BRDA:311,29,0,0
BRDA:312,30,0,0
BRDA:312,30,1,0
BRDA:324,31,0,0
BRDA:324,31,1,0
BRDA:325,32,0,0
BRDA:325,32,1,0
BRDA:329,33,0,0
BRDA:389,34,0,0
BRDA:396,35,0,0
BRDA:400,36,0,0
BRDA:424,37,0,0
BRDA:424,38,0,0
BRDA:424,38,1,0
BRDA:519,39,0,0
BRDA:519,40,0,0
BRDA:519,40,1,0
BRDA:632,41,0,0
BRDA:635,42,0,0
BRDA:638,43,0,0
BRDA:644,44,0,0
BRDA:644,45,0,0
BRDA:644,45,1,0
BRDA:647,46,0,0
BRDA:658,47,0,0
BRDA:659,48,0,0
BRDA:659,48,1,0
BRDA:719,49,0,0
BRDA:755,50,0,0
BRDA:757,51,0,0
BRDA:757,51,1,0
BRDA:759,52,0,0
BRDA:759,52,1,0
BRDA:762,53,0,0
BRDA:764,54,0,0
BRDA:770,55,0,0
BRDA:789,56,0,0
BRDA:792,57,0,0
BRDA:804,58,0,0
BRDA:804,59,0,0
BRDA:804,59,1,0
BRDA:812,60,0,0
BRDA:829,61,0,0
BRDA:848,62,0,0
BRDA:855,63,0,0
BRDA:857,64,0,0
BRDA:885,65,0,0
BRDA:890,66,0,0
BRDA:891,67,0,0
BRDA:891,67,1,0
BRDA:897,68,0,0
BRDA:907,69,0,0
BRDA:919,70,0,0
BRDA:921,71,0,0
BRDA:933,72,0,0
BRDA:933,72,1,0
BRDA:938,73,0,0
BRDA:944,74,0,0
BRDA:977,75,0,0
BRDA:977,75,1,0
BRDA:1017,76,0,0
BRDA:1028,77,0,0
BRDA:1029,78,0,0
BRDA:1029,78,1,0
BRDA:1036,79,0,0
BRDA:1036,79,1,0
BRDA:1038,80,0,0
BRDA:1038,80,1,0
BRDA:1039,81,0,0
BRDA:1039,81,1,0
BRDA:1040,82,0,0
BRDA:1040,82,1,0
BRDA:1049,83,0,0
BRDA:1056,84,0,0
BRDA:1056,84,1,0
BRDA:1058,85,0,0
BRDA:1058,85,1,0
BRDA:1087,86,0,0
BRDA:1087,87,0,0
BRDA:1087,87,1,0
BRDA:1109,88,0,0
BRDA:1159,89,0,0
BRDA:1159,89,1,0
BRDA:1165,90,0,0
BRDA:1196,91,0,0
BRDA:1267,92,0,0
BRDA:1267,92,1,0
BRDA:1272,93,0,0
BRDA:1285,94,0,0
BRDA:1285,94,1,0
BRDA:1290,95,0,0
BRDA:1291,96,0,0
BRDA:1291,96,1,0
BRDA:1306,97,0,0
BRDA:1312,98,0,0
BRDA:1346,99,0,0
BRDA:1346,99,1,0
BRDA:1361,100,0,0
BRDA:1361,101,0,0
BRDA:1361,101,1,0
BRDA:1365,102,0,0
BRDA:1366,103,0,0
BRDA:1367,104,0,0
BRDA:1367,104,1,0
BRDA:1367,104,2,0
BRDA:1375,105,0,0
BRDA:1376,106,0,0
BRDA:1377,107,0,0
BRDA:1377,107,1,0
BRDA:1384,108,0,0
BRDA:1385,109,0,0
BRDA:1385,109,1,0
BRDA:1419,110,0,0
BRDA:1419,110,1,0
BRDA:1443,111,0,0
BRDA:1443,111,1,0
BRDA:1462,112,0,0
BRDA:1462,112,1,0
BRDA:1483,113,0,0
BRDA:1483,113,1,0
BRDA:1516,114,0,0
BRDA:1516,114,1,0
BRDA:1621,115,0,0
BRDA:1622,116,0,0
BRDA:1624,117,0,0
BRDA:1624,118,0,0
BRDA:1624,118,1,0
BRDA:1666,119,0,0
BRDA:1667,120,0,0
BRDA:1683,121,0,0
BRDA:1683,121,1,0
BRDA:1692,122,0,0
BRDA:1692,122,1,0
BRDA:1694,123,0,0
BRDA:1694,123,1,0
BRDA:1701,124,0,0
BRDA:1701,124,1,0
BRDA:1712,125,0,0
BRDA:1712,125,1,0
BRDA:1717,126,0,0
BRDA:1717,126,1,0
BRDA:1728,127,0,0
BRDA:1728,127,1,0
BRDA:1733,128,0,0
BRDA:1733,128,1,0
BRDA:1745,129,0,0
BRDA:1750,130,0,0
BRDA:1750,130,1,0
BRDA:1759,131,0,0
BRDA:1762,132,0,0
BRF:195
BRH:0
end_of_record
TN:
SF:src/modules/curriculum/index.ts
FN:1,(anonymous_4)
FNF:1
FNH:0
FNDA:0,(anonymous_4)
DA:1,0
DA:2,0
LF:2
LH:0
BRF:0
BRH:0
end_of_record
TN:
SF:src/modules/curriculum/types.ts
FN:15,(anonymous_0)
FN:15,(anonymous_1)
FN:15,(anonymous_2)
FNF:3
FNH:0
FNDA:0,(anonymous_0)
FNDA:0,(anonymous_1)
FNDA:0,(anonymous_2)
DA:15,0
LF:1
LH:0
BRF:0
BRH:0
end_of_record
TN:
SF:src/modules/infrastructure/StorageModule.ts
FN:19,(anonymous_0)
FN:23,(anonymous_1)
FN:27,(anonymous_2)
FN:54,(anonymous_3)
FN:80,(anonymous_4)
FN:85,(anonymous_5)
FN:92,(anonymous_6)
FN:106,(anonymous_7)
FN:132,(anonymous_8)
FN:150,(anonymous_9)
FN:223,(anonymous_10)
FN:238,(anonymous_11)
FN:243,(anonymous_12)
FN:302,(anonymous_13)
FN:326,(anonymous_14)
FN:354,(anonymous_15)
FN:378,(anonymous_16)
FN:401,(anonymous_17)
FN:406,(anonymous_18)
FN:416,(anonymous_19)
FN:427,(anonymous_20)
FN:438,(anonymous_21)
FN:466,(anonymous_22)
FN:493,(anonymous_23)
FN:519,(anonymous_24)
FN:545,(anonymous_25)
FN:552,(anonymous_26)
FNF:27
FNH:0
FNDA:0,(anonymous_0)
FNDA:0,(anonymous_1)
FNDA:0,(anonymous_2)
FNDA:0,(anonymous_3)
FNDA:0,(anonymous_4)
FNDA:0,(anonymous_5)
FNDA:0,(anonymous_6)
FNDA:0,(anonymous_7)
FNDA:0,(anonymous_8)
FNDA:0,(anonymous_9)
FNDA:0,(anonymous_10)
FNDA:0,(anonymous_11)
FNDA:0,(anonymous_12)
FNDA:0,(anonymous_13)
FNDA:0,(anonymous_14)
FNDA:0,(anonymous_15)
FNDA:0,(anonymous_16)
FNDA:0,(anonymous_17)
FNDA:0,(anonymous_18)
FNDA:0,(anonymous_19)
FNDA:0,(anonymous_20)
FNDA:0,(anonymous_21)
FNDA:0,(anonymous_22)
FNDA:0,(anonymous_23)
FNDA:0,(anonymous_24)
FNDA:0,(anonymous_25)
FNDA:0,(anonymous_26)
DA:1,0
DA:16,0
DA:17,0
DA:20,0
DA:24,0
DA:28,0
DA:29,0
DA:30,0
DA:32,0
DA:33,0
DA:36,0
DA:37,0
DA:38,0
DA:42,0
DA:43,0
DA:44,0
DA:47,0
DA:49,0
DA:50,0
DA:55,0
DA:56,0
DA:57,0
DA:59,0
DA:71,0
DA:73,0
DA:74,0
DA:76,0
DA:81,0
DA:82,0
DA:86,0
DA:87,0
DA:88,0
DA:93,0
DA:94,0
DA:96,0
DA:97,0
DA:98,0
DA:99,0
DA:103,0
DA:107,0
DA:108,0
DA:109,0
DA:110,0
DA:112,0
DA:113,0
DA:115,0
DA:120,0
DA:121,0
DA:122,0
DA:124,0
DA:125,0
DA:126,0
DA:127,0
DA:133,0
DA:139,0
DA:142,0
DA:143,0
DA:146,0
DA:151,0
DA:152,0
DA:160,0
DA:166,0
DA:167,0
DA:171,0
DA:175,0
DA:181,0
DA:182,0
DA:183,0
DA:184,0
DA:186,0
DA:187,0
DA:190,0
DA:196,0
DA:203,0
DA:209,0
DA:219,0
DA:224,0
DA:231,0
DA:239,0
DA:244,0
DA:247,0
DA:248,0
DA:250,0
DA:252,0
DA:253,0
DA:254,0
DA:257,0
DA:258,0
DA:259,0
DA:262,0
DA:263,0
DA:264,0
DA:265,0
DA:268,0
DA:269,0
DA:272,0
DA:273,0
DA:276,0
DA:279,0
DA:285,0
DA:293,0
DA:303,0
DA:304,0
DA:306,0
DA:313,0
DA:322,0
DA:327,0
DA:328,0
DA:330,0
DA:331,0
DA:339,0
DA:341,0
DA:350,0
DA:355,0
DA:356,0
DA:358,0
DA:365,0
DA:374,0
DA:379,0
DA:380,0
DA:382,0
DA:389,0
DA:397,0
DA:402,0
DA:408,0
DA:418,0
DA:424,0
DA:429,0
DA:443,0
DA:449,0
DA:450,0
DA:458,0
DA:467,0
DA:470,0
DA:471,0
DA:472,0
DA:478,0
DA:485,0
DA:494,0
DA:497,0
DA:498,0
DA:499,0
DA:504,0
DA:511,0
DA:520,0
DA:523,0
DA:524,0
DA:525,0
DA:530,0
DA:537,0
DA:546,0
DA:549,0
DA:550,0
DA:551,0
DA:552,0
DA:555,0
DA:561,0
DA:568,0
LF:158
LH:0
BRDA:19,0,0,0
BRDA:30,1,0,0
BRDA:36,2,0,0
BRDA:36,3,0,0
BRDA:36,3,1,0
BRDA:42,4,0,0
BRDA:67,5,0,0
BRDA:67,5,1,0
BRDA:73,6,0,0
BRDA:73,7,0,0
BRDA:73,7,1,0
BRDA:98,8,0,0
BRDA:98,9,0,0
BRDA:98,9,1,0
BRDA:110,10,0,0
BRDA:113,11,0,0
BRDA:113,11,1,0
BRDA:142,12,0,0
BRDA:142,12,1,0
BRDA:186,13,0,0
BRDA:205,14,0,0
BRDA:205,14,1,0
BRDA:214,15,0,0
BRDA:214,15,1,0
BRDA:250,16,0,0
BRDA:250,16,1,0
BRDA:250,16,2,0
BRDA:250,16,3,0
BRDA:250,16,4,0
BRDA:250,16,5,0
BRDA:252,17,0,0
BRDA:257,18,0,0
BRDA:262,19,0,0
BRDA:288,20,0,0
BRDA:288,20,1,0
BRDA:318,21,0,0
BRDA:318,21,1,0
BRDA:330,22,0,0
BRDA:346,23,0,0
BRDA:346,23,1,0
BRDA:370,24,0,0
BRDA:370,24,1,0
BRDA:393,25,0,0
BRDA:393,25,1,0
BRDA:443,26,0,0
BRDA:444,27,0,0
BRDA:444,27,1,0
BRDA:444,27,2,0
BRDA:444,27,3,0
BRDA:451,28,0,0
BRDA:451,28,1,0
BRDA:452,29,0,0
BRDA:452,29,1,0
BRDA:452,30,0,0
BRDA:452,30,1,0
BRDA:453,31,0,0
BRDA:453,31,1,0
BRDA:475,32,0,0
BRDA:475,32,1,0
BRDA:481,33,0,0
BRDA:481,33,1,0
BRDA:507,34,0,0
BRDA:507,34,1,0
BRDA:533,35,0,0
BRDA:533,35,1,0
BRDA:551,36,0,0
BRDA:551,36,1,0
BRDA:564,37,0,0
BRDA:564,37,1,0
BRF:69
BRH:0
end_of_record
TN:
SF:src/modules/infrastructure/SyncModule.ts
FN:22,(anonymous_0)
FN:43,(anonymous_1)
FN:94,(anonymous_2)
FN:118,(anonymous_3)
FN:122,(anonymous_4)
FN:126,(anonymous_5)
FN:147,(anonymous_6)
FN:153,(anonymous_7)
FN:154,(anonymous_8)
FN:161,(anonymous_9)
FN:173,(anonymous_10)
FN:180,(anonymous_11)
FN:190,(anonymous_12)
FN:207,(anonymous_13)
FN:242,(anonymous_14)
FN:243,(anonymous_15)
FN:251,(anonymous_16)
FN:253,(anonymous_17)
FN:261,(anonymous_18)
FN:294,(anonymous_19)
FN:303,(anonymous_20)
FN:305,(anonymous_21)
FN:308,(anonymous_22)
FN:312,(anonymous_23)
FN:325,(anonymous_24)
FN:335,(anonymous_25)
FN:341,(anonymous_26)
FN:345,(anonymous_27)
FN:349,(anonymous_28)
FNF:29
FNH:0
FNDA:0,(anonymous_0)
FNDA:0,(anonymous_1)
FNDA:0,(anonymous_2)
FNDA:0,(anonymous_3)
FNDA:0,(anonymous_4)
FNDA:0,(anonymous_5)
FNDA:0,(anonymous_6)
FNDA:0,(anonymous_7)
FNDA:0,(anonymous_8)
FNDA:0,(anonymous_9)
FNDA:0,(anonymous_10)
FNDA:0,(anonymous_11)
FNDA:0,(anonymous_12)
FNDA:0,(anonymous_13)
FNDA:0,(anonymous_14)
FNDA:0,(anonymous_15)
FNDA:0,(anonymous_16)
FNDA:0,(anonymous_17)
FNDA:0,(anonymous_18)
FNDA:0,(anonymous_19)
FNDA:0,(anonymous_20)
FNDA:0,(anonymous_21)
FNDA:0,(anonymous_22)
FNDA:0,(anonymous_23)
FNDA:0,(anonymous_24)
FNDA:0,(anonymous_25)
FNDA:0,(anonymous_26)
FNDA:0,(anonymous_27)
FNDA:0,(anonymous_28)
DA:1,0
DA:5,0
DA:6,0
DA:7,0
DA:9,0
DA:10,0
DA:11,0
DA:12,0
DA:17,0
DA:18,0
DA:19,0
DA:20,0
DA:27,0
DA:28,0
DA:30,0
DA:38,0
DA:44,0
DA:45,0
DA:53,0
DA:56,0
DA:59,0
DA:61,0
DA:67,0
DA:74,0
DA:80,0
DA:90,0
DA:96,0
DA:97,0
DA:98,0
DA:102,0
DA:104,0
DA:111,0
DA:119,0
DA:124,0
DA:127,0
DA:132,0
DA:145,0
DA:148,0
DA:154,0
DA:155,0
DA:156,0
DA:162,0
DA:163,0
DA:165,0
DA:174,0
DA:176,0
DA:178,0
DA:179,0
DA:180,0
DA:183,0
DA:184,0
DA:187,0
DA:189,0
DA:190,0
DA:193,0
DA:203,0
DA:208,0
DA:210,0
DA:212,0
DA:214,0
DA:215,0
DA:217,0
DA:224,0
DA:225,0
DA:227,0
DA:228,0
DA:230,0
DA:237,0
DA:241,0
DA:242,0
DA:243,0
DA:244,0
DA:253,0
DA:256,0
DA:257,0
DA:265,0
DA:267,0
DA:271,0
DA:275,0
DA:281,0
DA:284,0
DA:285,0
DA:287,0
DA:290,0
DA:300,0
DA:302,0
DA:303,0
DA:305,0
DA:308,0
DA:314,0
DA:315,0
DA:316,0
DA:317,0
DA:318,0
DA:322,0
DA:327,0
DA:330,0
DA:331,0
DA:336,0
DA:337,0
DA:342,0
DA:346,0
DA:350,0
LF:103
LH:0
BRDA:38,0,0,0
BRDA:38,0,1,0
BRDA:76,1,0,0
BRDA:76,1,1,0
BRDA:85,2,0,0
BRDA:85,2,1,0
BRDA:96,3,0,0
BRDA:134,4,0,0
BRDA:134,4,1,0
BRDA:155,5,0,0
BRDA:155,6,0,0
BRDA:155,6,1,0
BRDA:174,7,0,0
BRDA:225,8,0,0
BRDA:225,8,1,0
BRDA:227,9,0,0
BRDA:227,9,1,0
BRDA:256,10,0,0
BRDA:256,11,0,0
BRDA:256,11,1,0
BRDA:265,12,0,0
BRDA:265,12,1,0
BRDA:265,12,2,0
BRDA:265,12,3,0
BRDA:265,12,4,0
BRDA:267,13,0,0
BRDA:267,13,1,0
BRDA:267,14,0,0
BRDA:267,14,1,0
BRDA:267,15,0,0
BRDA:267,15,1,0
BRDA:284,16,0,0
BRDA:308,17,0,0
BRDA:308,17,1,0
BRDA:315,18,0,0
BRDA:330,19,0,0
BRF:36
BRH:0
end_of_record
TN:
SF:src/modules/infrastructure/index.ts
FN:1,(anonymous_4)
FN:1,(anonymous_5)
FN:2,(anonymous_6)
FNF:3
FNH:0
FNDA:0,(anonymous_4)
FNDA:0,(anonymous_5)
FNDA:0,(anonymous_6)
DA:1,0
DA:2,0
DA:3,0
LF:3
LH:0
BRF:0
BRH:0
end_of_record
TN:
SF:src/modules/logger/PracticeLoggerModule.ts
FN:37,(anonymous_0)
FN:427,(anonymous_1)
FN:451,(anonymous_2)
FN:45,(anonymous_3)
FN:75,(anonymous_4)
FN:94,(anonymous_5)
FN:100,(anonymous_6)
FN:120,(anonymous_7)
FN:147,(anonymous_8)
FN:158,(anonymous_9)
FN:168,(anonymous_10)
FN:169,(anonymous_11)
FN:173,(anonymous_12)
FN:177,(anonymous_13)
FN:181,(anonymous_14)
FN:186,(anonymous_15)
FN:190,(anonymous_16)
FN:195,(anonymous_17)
FN:196,(anonymous_18)
FN:201,(anonymous_19)
FN:207,(anonymous_20)
FN:218,(anonymous_21)
FN:241,(anonymous_22)
FN:280,(anonymous_23)
FN:292,(anonymous_24)
FN:305,(anonymous_25)
FN:322,(anonymous_26)
FN:324,(anonymous_27)
FN:325,(anonymous_28)
FN:331,(anonymous_29)
FN:334,(anonymous_30)
FN:339,(anonymous_31)
FN:378,(anonymous_32)
FN:391,(anonymous_33)
FN:394,(anonymous_34)
FN:416,(anonymous_35)
FN:470,(anonymous_36)
FN:482,(anonymous_37)
FN:490,(anonymous_38)
FN:491,(anonymous_39)
FN:495,(anonymous_40)
FN:508,(anonymous_41)
FN:518,(anonymous_42)
FN:522,(anonymous_43)
FN:529,(anonymous_44)
FN:540,(anonymous_45)
FN:544,(anonymous_46)
FN:552,(anonymous_47)
FN:556,(anonymous_48)
FN:569,(anonymous_49)
FN:581,(anonymous_50)
FN:582,(anonymous_51)
FN:597,(anonymous_52)
FN:601,(anonymous_53)
FN:604,(anonymous_54)
FN:622,(anonymous_55)
FN:624,(anonymous_56)
FN:629,(anonymous_57)
FNF:58
FNH:0
FNDA:0,(anonymous_0)
FNDA:0,(anonymous_1)
FNDA:0,(anonymous_2)
FNDA:0,(anonymous_3)
FNDA:0,(anonymous_4)
FNDA:0,(anonymous_5)
FNDA:0,(anonymous_6)
FNDA:0,(anonymous_7)
FNDA:0,(anonymous_8)
FNDA:0,(anonymous_9)
FNDA:0,(anonymous_10)
FNDA:0,(anonymous_11)
FNDA:0,(anonymous_12)
FNDA:0,(anonymous_13)
FNDA:0,(anonymous_14)
FNDA:0,(anonymous_15)
FNDA:0,(anonymous_16)
FNDA:0,(anonymous_17)
FNDA:0,(anonymous_18)
FNDA:0,(anonymous_19)
FNDA:0,(anonymous_20)
FNDA:0,(anonymous_21)
FNDA:0,(anonymous_22)
FNDA:0,(anonymous_23)
FNDA:0,(anonymous_24)
FNDA:0,(anonymous_25)
FNDA:0,(anonymous_26)
FNDA:0,(anonymous_27)
FNDA:0,(anonymous_28)
FNDA:0,(anonymous_29)
FNDA:0,(anonymous_30)
FNDA:0,(anonymous_31)
FNDA:0,(anonymous_32)
FNDA:0,(anonymous_33)
FNDA:0,(anonymous_34)
FNDA:0,(anonymous_35)
FNDA:0,(anonymous_36)
FNDA:0,(anonymous_37)
FNDA:0,(anonymous_38)
FNDA:0,(anonymous_39)
FNDA:0,(anonymous_40)
FNDA:0,(anonymous_41)
FNDA:0,(anonymous_42)
FNDA:0,(anonymous_43)
FNDA:0,(anonymous_44)
FNDA:0,(anonymous_45)
FNDA:0,(anonymous_46)
FNDA:0,(anonymous_47)
FNDA:0,(anonymous_48)
FNDA:0,(anonymous_49)
FNDA:0,(anonymous_50)
FNDA:0,(anonymous_51)
FNDA:0,(anonymous_52)
FNDA:0,(anonymous_53)
FNDA:0,(anonymous_54)
FNDA:0,(anonymous_55)
FNDA:0,(anonymous_56)
FNDA:0,(anonymous_57)
DA:5,0
DA:20,0
DA:21,0
DA:22,0
DA:24,0
DA:25,0
DA:26,0
DA:30,0
DA:38,0
DA:39,0
DA:40,0
DA:41,0
DA:46,0
DA:47,0
DA:57,0
DA:59,0
DA:61,0
DA:68,0
DA:69,0
DA:71,0
DA:76,0
DA:78,0
DA:79,0
DA:81,0
DA:83,0
DA:90,0
DA:95,0
DA:101,0
DA:103,0
DA:108,0
DA:110,0
DA:117,0
DA:124,0
DA:125,0
DA:126,0
DA:129,0
DA:135,0
DA:137,0
DA:144,0
DA:148,0
DA:150,0
DA:159,0
DA:164,0
DA:167,0
DA:168,0
DA:169,0
DA:170,0
DA:172,0
DA:173,0
DA:176,0
DA:177,0
DA:179,0
DA:180,0
DA:181,0
DA:184,0
DA:185,0
DA:186,0
DA:189,0
DA:190,0
DA:191,0
DA:194,0
DA:195,0
DA:196,0
DA:199,0
DA:200,0
DA:201,0
DA:206,0
DA:207,0
DA:211,0
DA:212,0
DA:213,0
DA:221,0
DA:222,0
DA:229,0
DA:231,0
DA:238,0
DA:242,0
DA:243,0
DA:244,0
DA:247,0
DA:254,0
DA:255,0
DA:256,0
DA:259,0
DA:261,0
DA:268,0
DA:269,0
DA:277,0
DA:285,0
DA:286,0
DA:287,0
DA:290,0
DA:293,0
DA:300,0
DA:302,0
DA:306,0
DA:307,0
DA:308,0
DA:311,0
DA:317,0
DA:319,0
DA:323,0
DA:324,0
DA:325,0
DA:326,0
DA:328,0
DA:329,0
DA:332,0
DA:334,0
DA:340,0
DA:341,0
DA:344,0
DA:346,0
DA:347,0
DA:349,0
DA:350,0
DA:353,0
DA:357,0
DA:359,0
DA:362,0
DA:369,0
DA:371,0
DA:382,0
DA:387,0
DA:391,0
DA:394,0
DA:404,0
DA:411,0
DA:417,0
DA:421,0
DA:427,0
DA:428,0
DA:429,0
DA:430,0
DA:431,0
DA:447,0
DA:451,0
DA:454,0
DA:455,0
DA:456,0
DA:457,0
DA:458,0
DA:460,0
DA:461,0
DA:471,0
DA:472,0
DA:474,0
DA:475,0
DA:477,0
DA:478,0
DA:486,0
DA:488,0
DA:489,0
DA:490,0
DA:491,0
DA:492,0
DA:494,0
DA:495,0
DA:498,0
DA:499,0
DA:501,0
DA:509,0
DA:518,0
DA:522,0
DA:528,0
DA:529,0
DA:531,0
DA:533,0
DA:543,0
DA:545,0
DA:546,0
DA:555,0
DA:560,0
DA:561,0
DA:563,0
DA:572,0
DA:581,0
DA:582,0
DA:583,0
DA:588,0
DA:596,0
DA:597,0
DA:602,0
DA:604,0
DA:605,0
DA:606,0
DA:607,0
DA:609,0
DA:610,0
DA:611,0
DA:612,0
DA:613,0
DA:614,0
DA:615,0
DA:619,0
DA:623,0
DA:624,0
DA:625,0
DA:630,0
DA:633,0
DA:634,0
DA:636,0
DA:637,0
DA:640,0
LF:204
LH:0
BRDA:429,0,0,0
BRDA:436,1,0,0
BRDA:436,1,1,0
BRDA:441,2,0,0
BRDA:441,2,1,0
BRDA:455,3,0,0
BRDA:458,4,0,0
BRDA:458,5,0,0
BRDA:458,5,1,0
BRDA:460,6,0,0
BRDA:460,6,1,0
BRDA:39,7,0,0
BRDA:39,7,1,0
BRDA:40,8,0,0
BRDA:70,9,0,0
BRDA:70,9,1,0
BRDA:125,10,0,0
BRDA:159,11,0,0
BRDA:160,12,0,0
BRDA:160,12,1,0
BRDA:160,12,2,0
BRDA:176,13,0,0
BRDA:179,14,0,0
BRDA:184,15,0,0
BRDA:189,16,0,0
BRDA:194,17,0,0
BRDA:199,18,0,0
BRDA:201,19,0,0
BRDA:201,19,1,0
BRDA:211,20,0,0
BRDA:211,20,1,0
BRDA:212,21,0,0
BRDA:212,21,1,0
BRDA:243,22,0,0
BRDA:254,23,0,0
BRDA:254,24,0,0
BRDA:254,24,1,0
BRDA:268,25,0,0
BRDA:268,26,0,0
BRDA:268,26,1,0
BRDA:286,27,0,0
BRDA:293,28,0,0
BRDA:293,28,1,0
BRDA:294,29,0,0
BRDA:294,29,1,0
BRDA:307,30,0,0
BRDA:332,31,0,0
BRDA:332,31,1,0
BRDA:332,31,2,0
BRDA:344,32,0,0
BRDA:344,32,1,0
BRDA:344,32,2,0
BRDA:344,32,3,0
BRDA:373,33,0,0
BRDA:373,33,1,0
BRDA:388,34,0,0
BRDA:388,34,1,0
BRDA:393,35,0,0
BRDA:393,35,1,0
BRDA:471,36,0,0
BRDA:474,37,0,0
BRDA:477,38,0,0
BRDA:488,39,0,0
BRDA:524,40,0,0
BRDA:524,40,1,0
BRDA:545,41,0,0
BRDA:545,41,1,0
BRDA:560,42,0,0
BRDA:561,43,0,0
BRDA:561,43,1,0
BRDA:583,44,0,0
BRDA:583,44,1,0
BRDA:602,45,0,0
BRDA:611,46,0,0
BRDA:611,46,1,0
BRDA:614,47,0,0
BRDA:623,48,0,0
BRDA:625,49,0,0
BRDA:625,49,1,0
BRDA:633,50,0,0
BRDA:633,51,0,0
BRDA:633,51,1,0
BRDA:636,52,0,0
BRF:83
BRH:0
end_of_record
TN:
SF:src/modules/logger/index.ts
FN:1,(anonymous_4)
FNF:1
FNH:0
FNDA:0,(anonymous_4)
DA:1,0
DA:2,0
LF:2
LH:0
BRF:0
BRH:0
end_of_record
TN:
SF:src/modules/performance/PerformanceTrackingModule.ts
FN:43,(anonymous_0)
FN:61,(anonymous_1)
FN:106,(anonymous_2)
FN:129,(anonymous_3)
FN:133,(anonymous_4)
FN:137,(anonymous_5)
FN:145,(anonymous_6)
FN:154,(anonymous_7)
FN:161,(anonymous_8)
FN:167,(anonymous_9)
FN:180,(anonymous_10)
FN:208,(anonymous_11)
FN:239,(anonymous_12)
FN:285,(anonymous_13)
FN:286,(anonymous_14)
FN:300,(anonymous_15)
FN:325,(anonymous_16)
FN:338,(anonymous_17)
FN:353,(anonymous_18)
FN:366,(anonymous_19)
FN:382,(anonymous_20)
FN:390,(anonymous_21)
FN:400,(anonymous_22)
FN:405,(anonymous_23)
FN:425,(anonymous_24)
FN:429,(anonymous_25)
FN:431,(anonymous_26)
FN:434,(anonymous_27)
FN:437,(anonymous_28)
FN:442,(anonymous_29)
FN:443,(anonymous_30)
FN:446,(anonymous_31)
FN:455,(anonymous_32)
FN:477,(anonymous_33)
FN:486,(anonymous_34)
FN:488,(anonymous_35)
FN:503,(anonymous_36)
FN:509,(anonymous_37)
FN:518,(anonymous_38)
FN:529,(anonymous_39)
FN:538,(anonymous_40)
FN:549,(anonymous_41)
FN:557,(anonymous_42)
FN:569,(anonymous_43)
FN:576,(anonymous_44)
FN:647,(anonymous_45)
FN:669,(anonymous_46)
FN:670,(anonymous_47)
FN:674,(anonymous_48)
FN:693,(anonymous_49)
FN:696,(anonymous_50)
FN:699,(anonymous_51)
FN:704,(anonymous_52)
FN:707,(anonymous_53)
FN:710,(anonymous_54)
FN:714,(anonymous_55)
FN:718,(anonymous_56)
FN:721,(anonymous_57)
FN:725,(anonymous_58)
FN:731,(anonymous_59)
FN:753,(anonymous_60)
FN:764,(anonymous_61)
FN:769,(anonymous_62)
FNF:63
FNH:0
FNDA:0,(anonymous_0)
FNDA:0,(anonymous_1)
FNDA:0,(anonymous_2)
FNDA:0,(anonymous_3)
FNDA:0,(anonymous_4)
FNDA:0,(anonymous_5)
FNDA:0,(anonymous_6)
FNDA:0,(anonymous_7)
FNDA:0,(anonymous_8)
FNDA:0,(anonymous_9)
FNDA:0,(anonymous_10)
FNDA:0,(anonymous_11)
FNDA:0,(anonymous_12)
FNDA:0,(anonymous_13)
FNDA:0,(anonymous_14)
FNDA:0,(anonymous_15)
FNDA:0,(anonymous_16)
FNDA:0,(anonymous_17)
FNDA:0,(anonymous_18)
FNDA:0,(anonymous_19)
FNDA:0,(anonymous_20)
FNDA:0,(anonymous_21)
FNDA:0,(anonymous_22)
FNDA:0,(anonymous_23)
FNDA:0,(anonymous_24)
FNDA:0,(anonymous_25)
FNDA:0,(anonymous_26)
FNDA:0,(anonymous_27)
FNDA:0,(anonymous_28)
FNDA:0,(anonymous_29)
FNDA:0,(anonymous_30)
FNDA:0,(anonymous_31)
FNDA:0,(anonymous_32)
FNDA:0,(anonymous_33)
FNDA:0,(anonymous_34)
FNDA:0,(anonymous_35)
FNDA:0,(anonymous_36)
FNDA:0,(anonymous_37)
FNDA:0,(anonymous_38)
FNDA:0,(anonymous_39)
FNDA:0,(anonymous_40)
FNDA:0,(anonymous_41)
FNDA:0,(anonymous_42)
FNDA:0,(anonymous_43)
FNDA:0,(anonymous_44)
FNDA:0,(anonymous_45)
FNDA:0,(anonymous_46)
FNDA:0,(anonymous_47)
FNDA:0,(anonymous_48)
FNDA:0,(anonymous_49)
FNDA:0,(anonymous_50)
FNDA:0,(anonymous_51)
FNDA:0,(anonymous_52)
FNDA:0,(anonymous_53)
FNDA:0,(anonymous_54)
FNDA:0,(anonymous_55)
FNDA:0,(anonymous_56)
FNDA:0,(anonymous_57)
FNDA:0,(anonymous_58)
FNDA:0,(anonymous_59)
FNDA:0,(anonymous_60)
FNDA:0,(anonymous_61)
FNDA:0,(anonymous_62)
DA:1,0
DA:25,0
DA:26,0
DA:27,0
DA:29,0
DA:30,0
DA:31,0
DA:32,0
DA:37,0
DA:38,0
DA:39,0
DA:40,0
DA:47,0
DA:48,0
DA:50,0
DA:62,0
DA:63,0
DA:71,0
DA:73,0
DA:79,0
DA:86,0
DA:92,0
DA:102,0
DA:108,0
DA:109,0
DA:113,0
DA:115,0
DA:122,0
DA:130,0
DA:135,0
DA:138,0
DA:139,0
DA:143,0
DA:146,0
DA:147,0
DA:152,0
DA:155,0
DA:159,0
DA:162,0
DA:168,0
DA:169,0
DA:170,0
DA:172,0
DA:181,0
DA:182,0
DA:188,0
DA:191,0
DA:194,0
DA:195,0
DA:196,0
DA:198,0
DA:205,0
DA:209,0
DA:210,0
DA:213,0
DA:224,0
DA:227,0
DA:228,0
DA:231,0
DA:244,0
DA:248,0
DA:250,0
DA:273,0
DA:274,0
DA:275,0
DA:276,0
DA:277,0
DA:282,0
DA:285,0
DA:286,0
DA:295,0
DA:297,0
DA:301,0
DA:326,0
DA:327,0
DA:329,0
DA:339,0
DA:340,0
DA:341,0
DA:342,0
DA:344,0
DA:354,0
DA:369,0
DA:370,0
DA:374,0
DA:375,0
DA:376,0
DA:377,0
DA:378,0
DA:379,0
DA:383,0
DA:384,0
DA:387,0
DA:391,0
DA:392,0
DA:394,0
DA:395,0
DA:397,0
DA:402,0
DA:406,0
DA:409,0
DA:410,0
DA:411,0
DA:414,0
DA:415,0
DA:416,0
DA:419,0
DA:420,0
DA:422,0
DA:428,0
DA:429,0
DA:430,0
DA:431,0
DA:433,0
DA:434,0
DA:436,0
DA:437,0
DA:440,0
DA:441,0
DA:442,0
DA:443,0
DA:445,0
DA:446,0
DA:452,0
DA:455,0
DA:462,0
DA:464,0
DA:480,0
DA:481,0
DA:483,0
DA:484,0
DA:486,0
DA:488,0
DA:489,0
DA:491,0
DA:500,0
DA:504,0
DA:505,0
DA:508,0
DA:509,0
DA:511,0
DA:513,0
DA:518,0
DA:528,0
DA:529,0
DA:531,0
DA:533,0
DA:538,0
DA:548,0
DA:549,0
DA:551,0
DA:552,0
DA:557,0
DA:566,0
DA:573,0
DA:580,0
DA:581,0
DA:584,0
DA:585,0
DA:587,0
DA:599,0
DA:602,0
DA:614,0
DA:617,0
DA:629,0
DA:634,0
DA:635,0
DA:644,0
DA:650,0
DA:652,0
DA:660,0
DA:661,0
DA:662,0
DA:664,0
DA:665,0
DA:669,0
DA:670,0
DA:675,0
DA:676,0
DA:679,0
[...]
BRDA:460,39,1,0
BRDA:467,40,0,0
BRDA:471,41,0,0
BRDA:475,42,0,0
BRDA:483,43,0,0
BRDA:495,44,0,0
BRDA:495,44,1,0
BRDA:497,45,0,0
BRDA:512,46,0,0
BRDA:522,47,0,0
BRDA:536,48,0,0
BRDA:545,49,0,0
BRDA:569,50,0,0
BRDA:583,51,0,0
BRDA:583,52,0,0
BRDA:583,52,1,0
BRDA:583,52,2,0
BRDA:591,53,0,0
BRDA:598,54,0,0
BRDA:624,55,0,0
BRDA:642,56,0,0
BRDA:662,57,0,0
BRDA:662,57,1,0
BRDA:664,58,0,0
BRDA:664,58,1,0
BRDA:685,59,0,0
BRDA:685,59,1,0
BRDA:699,60,0,0
BRDA:699,60,1,0
BRF:79
BRH:0
end_of_record
TN:
SF:src/utils/multiVoiceAudioManagerExtensions.ts
FN:82,(anonymous_9)
FN:104,(anonymous_10)
FN:145,(anonymous_11)
FN:151,(anonymous_12)
FN:156,(anonymous_13)
FN:163,(anonymous_14)
FN:175,(anonymous_15)
FN:189,(anonymous_16)
FN:194,(anonymous_17)
FN:199,(anonymous_18)
FN:208,(anonymous_19)
FN:214,(anonymous_20)
FN:224,(anonymous_21)
FN:243,(anonymous_22)
FN:251,(anonymous_23)
FN:258,(anonymous_24)
FN:269,(anonymous_25)
FN:275,(anonymous_26)
FN:287,(anonymous_27)
FN:293,(anonymous_28)
FN:295,(anonymous_29)
FN:301,(anonymous_30)
FN:307,(anonymous_31)
FN:326,(anonymous_32)
FN:329,(anonymous_33)
FN:332,(anonymous_34)
FN:337,(anonymous_35)
FN:352,(anonymous_36)
FN:366,(anonymous_37)
FN:385,(anonymous_38)
FN:402,(anonymous_39)
FN:406,(anonymous_40)
FN:416,(anonymous_41)
FN:426,(anonymous_42)
FN:433,(anonymous_43)
FN:443,(anonymous_44)
FN:453,(anonymous_45)
FN:455,(anonymous_46)
FN:466,(anonymous_47)
FN:471,(anonymous_48)
FN:480,(anonymous_49)
FN:489,(anonymous_50)
FN:491,(anonymous_51)
FN:498,(anonymous_52)
FN:511,(anonymous_53)
FNF:45
FNH:0
FNDA:0,(anonymous_9)
FNDA:0,(anonymous_10)
FNDA:0,(anonymous_11)
FNDA:0,(anonymous_12)
FNDA:0,(anonymous_13)
FNDA:0,(anonymous_14)
FNDA:0,(anonymous_15)
FNDA:0,(anonymous_16)
FNDA:0,(anonymous_17)
FNDA:0,(anonymous_18)
FNDA:0,(anonymous_19)
FNDA:0,(anonymous_20)
FNDA:0,(anonymous_21)
FNDA:0,(anonymous_22)
FNDA:0,(anonymous_23)
FNDA:0,(anonymous_24)
FNDA:0,(anonymous_25)
FNDA:0,(anonymous_26)
FNDA:0,(anonymous_27)
FNDA:0,(anonymous_28)
FNDA:0,(anonymous_29)
FNDA:0,(anonymous_30)
FNDA:0,(anonymous_31)
FNDA:0,(anonymous_32)
FNDA:0,(anonymous_33)
FNDA:0,(anonymous_34)
FNDA:0,(anonymous_35)
FNDA:0,(anonymous_36)
FNDA:0,(anonymous_37)
FNDA:0,(anonymous_38)
FNDA:0,(anonymous_39)
FNDA:0,(anonymous_40)
FNDA:0,(anonymous_41)
FNDA:0,(anonymous_42)
FNDA:0,(anonymous_43)
FNDA:0,(anonymous_44)
FNDA:0,(anonymous_45)
FNDA:0,(anonymous_46)
FNDA:0,(anonymous_47)
FNDA:0,(anonymous_48)
FNDA:0,(anonymous_49)
FNDA:0,(anonymous_50)
FNDA:0,(anonymous_51)
FNDA:0,(anonymous_52)
FNDA:0,(anonymous_53)
DA:8,0
DA:11,0
DA:68,0
DA:72,0
DA:73,0
DA:74,0
DA:76,0
DA:77,0
DA:78,0
DA:80,0
DA:83,0
DA:86,0
DA:87,0
DA:99,0
DA:105,0
DA:108,0
DA:111,0
DA:112,0
DA:116,0
DA:117,0
DA:118,0
DA:122,0
DA:123,0
DA:124,0
DA:125,0
DA:127,0
DA:128,0
DA:134,0
DA:135,0
DA:136,0
DA:137,0
DA:141,0
DA:146,0
DA:147,0
DA:152,0
DA:157,0
DA:164,0
DA:167,0
DA:170,0
DA:171,0
DA:172,0
DA:173,0
DA:175,0
DA:176,0
DA:178,0
DA:179,0
DA:181,0
DA:183,0
DA:190,0
DA:191,0
DA:195,0
DA:196,0
DA:200,0
DA:203,0
DA:204,0
DA:209,0
DA:215,0
DA:218,0
DA:219,0
DA:221,0
DA:223,0
DA:224,0
DA:226,0
DA:227,0
DA:229,0
DA:236,0
DA:239,0
DA:240,0
DA:244,0
DA:245,0
DA:246,0
DA:247,0
DA:253,0
DA:259,0
DA:260,0
DA:262,0
DA:263,0
DA:264,0
DA:265,0
DA:270,0
DA:271,0
DA:272,0
DA:276,0
DA:278,0
DA:279,0
DA:280,0
DA:281,0
DA:288,0
DA:294,0
DA:295,0
DA:296,0
DA:298,0
DA:303,0
DA:306,0
DA:307,0
DA:308,0
DA:309,0
DA:318,0
DA:320,0
DA:323,0
DA:327,0
DA:329,0
DA:332,0
DA:333,0
DA:334,0
DA:335,0
DA:337,0
DA:338,0
DA:349,0
DA:354,0
DA:363,0
DA:367,0
DA:382,0
DA:387,0
DA:388,0
DA:390,0
DA:391,0
DA:399,0
DA:400,0
DA:407,0
DA:408,0
DA:410,0
DA:411,0
DA:412,0
DA:417,0
DA:418,0
DA:420,0
DA:421,0
DA:422,0
DA:427,0
DA:428,0
DA:434,0
DA:435,0
DA:437,0
DA:438,0
DA:439,0
DA:444,0
DA:445,0
DA:447,0
DA:448,0
DA:449,0
DA:455,0
DA:456,0
DA:457,0
DA:458,0
DA:460,0
DA:461,0
DA:466,0
DA:467,0
DA:472,0
DA:473,0
DA:476,0
DA:477,0
DA:481,0
DA:482,0
DA:483,0
DA:484,0
DA:486,0
DA:490,0
DA:491,0
DA:492,0
DA:493,0
DA:494,0
DA:499,0
DA:500,0
DA:502,0
DA:503,0
DA:504,0
DA:505,0
DA:508,0
DA:512,0
DA:513,0
DA:521,0
LF:173
LH:0
BRDA:111,0,0,0
BRDA:117,1,0,0
BRDA:125,2,0,0
BRDA:134,3,0,0
BRDA:134,4,0,0
BRDA:134,4,1,0
BRDA:173,5,0,0
BRDA:176,6,0,0
BRDA:203,7,0,0
BRDA:226,8,0,0
BRDA:226,8,1,0
BRDA:227,9,0,0
BRDA:227,9,1,0
BRDA:244,10,0,0
BRDA:262,11,0,0
BRDA:278,12,0,0
BRDA:296,13,0,0
BRDA:308,14,0,0
BRDA:333,15,0,0
BRDA:363,16,0,0
BRDA:363,16,1,0
BRDA:382,17,0,0
BRDA:382,17,1,0
BRDA:388,18,0,0
BRDA:411,19,0,0
BRDA:421,20,0,0
BRDA:421,21,0,0
BRDA:421,21,1,0
BRDA:438,22,0,0
BRDA:448,23,0,0
BRDA:456,24,0,0
BRDA:456,24,1,0
BRDA:482,25,0,0
BRDA:494,26,0,0
BRDA:500,27,0,0
BRDA:504,28,0,0
BRDA:512,29,0,0
BRF:37
BRH:0
end_of_record
TN:
SF:src/utils/multiVoiceNotationRenderer.ts
FN:111,(anonymous_0)
FN:122,(anonymous_1)
FN:171,(anonymous_2)
FN:192,(anonymous_3)
FN:241,(anonymous_4)
FN:263,(anonymous_5)
FN:319,(anonymous_6)
FN:365,(anonymous_7)
FN:389,(anonymous_8)
FN:441,(anonymous_9)
FN:465,(anonymous_10)
FN:481,(anonymous_11)
FN:491,(anonymous_12)
FN:545,(anonymous_13)
FN:667,(anonymous_14)
FN:694,(anonymous_15)
FN:718,(anonymous_16)
FN:736,(anonymous_17)
FN:785,(anonymous_18)
FN:841,(anonymous_19)
FN:877,(anonymous_20)
FN:916,(anonymous_21)
FN:918,(anonymous_22)
FN:925,(anonymous_23)
FN:939,(anonymous_24)
FN:950,(anonymous_25)
FN:965,(anonymous_26)
FN:979,(anonymous_27)
FN:1008,(anonymous_28)
FN:1017,(anonymous_29)
FN:1026,(anonymous_30)
FN:1050,(anonymous_31)
FN:1058,(anonymous_32)
FN:1067,(anonymous_33)
FN:1077,(anonymous_34)
FN:1098,(anonymous_35)
FNF:36
FNH:0
FNDA:0,(anonymous_0)
FNDA:0,(anonymous_1)
FNDA:0,(anonymous_2)
FNDA:0,(anonymous_3)
FNDA:0,(anonymous_4)
FNDA:0,(anonymous_5)
FNDA:0,(anonymous_6)
FNDA:0,(anonymous_7)
FNDA:0,(anonymous_8)
FNDA:0,(anonymous_9)
FNDA:0,(anonymous_10)
FNDA:0,(anonymous_11)
FNDA:0,(anonymous_12)
FNDA:0,(anonymous_13)
FNDA:0,(anonymous_14)
FNDA:0,(anonymous_15)
FNDA:0,(anonymous_16)
FNDA:0,(anonymous_17)
FNDA:0,(anonymous_18)
FNDA:0,(anonymous_19)
FNDA:0,(anonymous_20)
FNDA:0,(anonymous_21)
FNDA:0,(anonymous_22)
FNDA:0,(anonymous_23)
FNDA:0,(anonymous_24)
FNDA:0,(anonymous_25)
FNDA:0,(anonymous_26)
FNDA:0,(anonymous_27)
FNDA:0,(anonymous_28)
FNDA:0,(anonymous_29)
FNDA:0,(anonymous_30)
FNDA:0,(anonymous_31)
FNDA:0,(anonymous_32)
FNDA:0,(anonymous_33)
FNDA:0,(anonymous_34)
FNDA:0,(anonymous_35)
DA:8,0
DA:29,0
DA:73,0
DA:104,0
DA:105,0
DA:107,0
DA:109,0
DA:112,0
DA:115,0
DA:116,0
DA:124,0
DA:126,0
DA:127,0
DA:132,0
DA:136,0
DA:137,0
DA:138,0
DA:141,0
DA:142,0
DA:146,0
DA:147,0
DA:149,0
DA:150,0
DA:152,0
DA:156,0
DA:157,0
DA:158,0
DA:166,0
DA:172,0
DA:173,0
DA:177,0
DA:180,0
DA:181,0
DA:182,0
DA:184,0
DA:186,0
DA:187,0
DA:188,0
DA:192,0
DA:194,0
DA:197,0
DA:198,0
DA:199,0
DA:200,0
DA:201,0
DA:204,0
DA:209,0
DA:214,0
DA:218,0
DA:219,0
DA:221,0
DA:224,0
DA:226,0
DA:227,0
DA:228,0
DA:233,0
DA:234,0
DA:242,0
DA:243,0
DA:245,0
DA:246,0
DA:247,0
DA:257,0
DA:264,0
DA:265,0
DA:266,0
DA:272,0
DA:273,0
DA:274,0
DA:278,0
DA:287,0
DA:288,0
DA:292,0
DA:294,0
DA:326,0
DA:327,0
DA:329,0
DA:330,0
DA:333,0
DA:334,0
DA:335,0
DA:336,0
DA:343,0
DA:344,0
DA:348,0
DA:349,0
DA:353,0
DA:355,0
DA:356,0
DA:359,0
DA:366,0
DA:367,0
DA:370,0
DA:374,0
DA:375,0
DA:378,0
DA:382,0
DA:383,0
DA:394,0
DA:395,0
DA:397,0
DA:398,0
DA:399,0
DA:402,0
DA:403,0
DA:406,0
DA:407,0
DA:408,0
DA:414,0
DA:416,0
DA:417,0
DA:418,0
DA:419,0
DA:421,0
DA:426,0
DA:427,0
DA:428,0
DA:429,0
DA:430,0
DA:432,0
DA:435,0
DA:440,0
DA:441,0
DA:442,0
DA:443,0
DA:451,0
DA:452,0
DA:455,0
DA:456,0
DA:457,0
DA:458,0
DA:459,0
DA:461,0
DA:463,0
DA:465,0
DA:466,0
DA:469,0
DA:470,0
DA:475,0
DA:476,0
DA:478,0
DA:479,0
DA:481,0
DA:482,0
DA:483,0
DA:485,0
DA:489,0
DA:491,0
DA:492,0
DA:493,0
DA:495,0
DA:500,0
DA:501,0
DA:507,0
DA:508,0
DA:509,0
DA:513,0
DA:517,0
DA:526,0
DA:527,0
DA:528,0
DA:529,0
DA:531,0
DA:532,0
DA:533,0
DA:539,0
DA:550,0
DA:553,0
DA:554,0
DA:559,0
DA:563,0
DA:564,0
DA:565,0
DA:568,0
DA:569,0
DA:570,0
DA:571,0
DA:572,0
DA:579,0
DA:580,0
DA:584,0
DA:586,0
DA:588,0
DA:589,0
DA:591,0
DA:593,0
DA:594,0
DA:598,0
DA:600,0
DA:601,0
DA:606,0
DA:608,0
DA:611,0
DA:614,0
DA:616,0
DA:619,0
DA:623,0
DA:628,0
DA:629,0
DA:631,0
DA:632,0
DA:633,0
DA:634,0
DA:635,0
DA:636,0
DA:639,0
DA:644,0
DA:645,0
DA:646,0
DA:648,0
DA:649,0
DA:654,0
DA:658,0
DA:661,0
DA:668,0
DA:677,0
DA:680,0
DA:681,0
DA:682,0
DA:683,0
DA:684,0
DA:688,0
DA:695,0
DA:696,0
DA:704,0
DA:705,0
DA:706,0
DA:707,0
DA:708,0
DA:712,0
DA:719,0
DA:729,0
DA:730,0
DA:732,0
DA:736,0
DA:737,0
DA:740,0
DA:747,0
DA:748,0
DA:750,0
DA:755,0
DA:756,0
DA:762,0
DA:763,0
DA:771,0
DA:772,0
DA:779,0
DA:786,0
DA:788,0
DA:789,0
DA:791,0
DA:792,0
DA:793,0
DA:794,0
DA:795,0
DA:798,0
DA:799,0
DA:800,0
DA:801,0
DA:803,0
DA:804,0
DA:808,0
DA:809,0
DA:810,0
DA:812,0
DA:813,0
DA:818,0
DA:819,0
DA:820,0
DA:824,0
DA:825,0
DA:826,0
DA:832,0
DA:842,0
DA:845,0
DA:846,0
DA:847,0
DA:852,0
DA:853,0
DA:861,0
DA:862,0
DA:863,0
DA:871,0
DA:879,0
DA:884,0
DA:886,0
DA:887,0
DA:889,0
DA:890,0
DA:892,0
DA:895,0
DA:896,0
DA:897,0
DA:898,0
DA:903,0
DA:907,0
DA:908,0
DA:910,0
DA:917,0
DA:918,0
DA:919,0
DA:926,0
DA:933,0
DA:941,0
DA:951,0
DA:959,0
DA:966,0
DA:973,0
DA:980,0
DA:998,0
DA:999,0
DA:1000,0
DA:1002,0
DA:1009,0
DA:1010,0
DA:1011,0
DA:1018,0
DA:1019,0
DA:1020,0
DA:1027,0
DA:1044,0
DA:1052,0
DA:1059,0
DA:1061,0
DA:1068,0
DA:1069,0
DA:1071,0
DA:1078,0
DA:1080,0
DA:1081,0
DA:1085,0
DA:1086,0
DA:1088,0
DA:1089,0
DA:1099,0
DA:1101,0
DA:1102,0
DA:1103,0
LF:338
LH:0
BRDA:113,0,0,0
BRDA:122,1,0,0
BRDA:124,2,0,0
BRDA:124,3,0,0
BRDA:124,3,1,0
BRDA:126,4,0,0
BRDA:141,5,0,0
BRDA:147,6,0,0
BRDA:172,7,0,0
BRDA:172,8,0,0
BRDA:172,8,1,0
BRDA:186,9,0,0
BRDA:186,10,0,0
BRDA:186,10,1,0
BRDA:218,11,0,0
BRDA:218,11,1,0
BRDA:218,12,0,0
BRDA:218,12,1,0
BRDA:287,13,0,0
BRDA:333,14,0,0
BRDA:335,15,0,0
BRDA:343,16,0,0
BRDA:348,17,0,0
BRDA:348,18,0,0
BRDA:348,18,1,0
BRDA:367,19,0,0
BRDA:399,20,0,0
BRDA:402,21,0,0
BRDA:402,22,0,0
BRDA:402,22,1,0
BRDA:440,23,0,0
BRDA:440,24,0,0
BRDA:440,24,1,0
BRDA:442,25,0,0
BRDA:443,26,0,0
BRDA:443,26,1,0
BRDA:451,27,0,0
BRDA:459,28,0,0
BRDA:469,29,0,0
BRDA:476,30,0,0
BRDA:479,31,0,0
BRDA:479,31,1,0
BRDA:489,32,0,0
BRDA:507,33,0,0
BRDA:507,33,1,0
BRDA:529,34,0,0
BRDA:553,35,0,0
BRDA:553,36,0,0
BRDA:553,36,1,0
BRDA:579,37,0,0
BRDA:586,38,0,0
BRDA:586,38,1,0
BRDA:589,39,0,0
BRDA:589,39,1,0
BRDA:593,40,0,0
BRDA:608,41,0,0
BRDA:614,42,0,0
BRDA:633,43,0,0
BRDA:633,43,1,0
BRDA:644,44,0,0
BRDA:677,45,0,0
BRDA:677,45,1,0
BRDA:680,46,0,0
BRDA:720,47,0,0
BRDA:720,47,1,0
BRDA:722,48,0,0
BRDA:722,48,1,0
BRDA:725,49,0,0
BRDA:725,49,1,0
BRDA:725,50,0,0
BRDA:725,50,1,0
BRDA:729,51,0,0
BRDA:729,52,0,0
BRDA:729,52,1,0
BRDA:732,53,0,0
BRDA:732,53,1,0
BRDA:733,54,0,0
BRDA:733,54,1,0
BRDA:747,55,0,0
BRDA:755,56,0,0
BRDA:762,57,0,0
BRDA:762,58,0,0
BRDA:762,58,1,0
BRDA:771,59,0,0
BRDA:771,60,0,0
BRDA:771,60,1,0
BRDA:793,61,0,0
BRDA:793,61,1,0
BRDA:793,62,0,0
BRDA:793,62,1,0
BRDA:798,63,0,0
BRDA:799,64,0,0
BRDA:808,65,0,0
BRDA:818,66,0,0
BRDA:825,67,0,0
BRDA:861,68,0,0
BRDA:896,69,0,0
BRDA:896,69,1,0
BRDA:897,70,0,0
BRDA:897,70,1,0
BRDA:898,71,0,0
BRDA:933,72,0,0
BRDA:933,72,1,0
BRDA:959,73,0,0
BRDA:959,73,1,0
BRDA:973,74,0,0
BRDA:973,74,1,0
BRDA:999,75,0,0
BRDA:1002,76,0,0
BRDA:1002,76,1,0
BRDA:1009,77,0,0
BRDA:1018,78,0,0
BRDA:1078,79,0,0
BRDA:1080,80,0,0
BRDA:1086,81,0,0
BRF:115
BRH:0
end_of_record
TN:
SF:src/utils/musicXMLToScoreConverter.ts
FN:34,(anonymous_0)
FN:48,(anonymous_1)
FN:68,(anonymous_2)
FN:77,(anonymous_3)
FN:85,(anonymous_4)
FN:93,(anonymous_5)
FN:101,(anonymous_6)
FN:111,(anonymous_7)
FN:143,(anonymous_8)
FN:161,(anonymous_9)
FN:168,(anonymous_10)
FN:170,(anonymous_11)
FN:189,(anonymous_12)
FN:200,(anonymous_13)
FN:213,(anonymous_14)
FN:227,(anonymous_15)
FN:269,(anonymous_16)
FN:285,(anonymous_17)
FN:305,(anonymous_18)
FN:329,(anonymous_19)
FN:330,(anonymous_20)
FN:331,(anonymous_21)
FN:341,(anonymous_22)
FN:365,(anonymous_23)
FN:374,(anonymous_24)
FN:391,(anonymous_25)
FN:474,(anonymous_26)
FN:498,(anonymous_27)
FN:587,(anonymous_28)
FN:612,(anonymous_29)
FNF:30
FNH:0
FNDA:0,(anonymous_0)
FNDA:0,(anonymous_1)
FNDA:0,(anonymous_2)
FNDA:0,(anonymous_3)
FNDA:0,(anonymous_4)
FNDA:0,(anonymous_5)
FNDA:0,(anonymous_6)
FNDA:0,(anonymous_7)
FNDA:0,(anonymous_8)
FNDA:0,(anonymous_9)
FNDA:0,(anonymous_10)
FNDA:0,(anonymous_11)
FNDA:0,(anonymous_12)
FNDA:0,(anonymous_13)
FNDA:0,(anonymous_14)
FNDA:0,(anonymous_15)
FNDA:0,(anonymous_16)
FNDA:0,(anonymous_17)
FNDA:0,(anonymous_18)
FNDA:0,(anonymous_19)
FNDA:0,(anonymous_20)
FNDA:0,(anonymous_21)
FNDA:0,(anonymous_22)
FNDA:0,(anonymous_23)
FNDA:0,(anonymous_24)
FNDA:0,(anonymous_25)
FNDA:0,(anonymous_26)
FNDA:0,(anonymous_27)
FNDA:0,(anonymous_28)
FNDA:0,(anonymous_29)
DA:18,0
DA:29,0
DA:30,0
DA:31,0
DA:32,0
DA:35,0
DA:36,0
DA:39,0
DA:40,0
DA:41,0
DA:49,0
DA:50,0
DA:51,0
DA:54,0
DA:69,0
DA:70,0
DA:71,0
DA:78,0
DA:79,0
DA:86,0
DA:87,0
DA:94,0
DA:95,0
DA:102,0
DA:103,0
DA:105,0
DA:106,0
DA:109,0
DA:111,0
DA:112,0
DA:113,0
DA:115,0
DA:116,0
DA:117,0
DA:120,0
DA:122,0
DA:123,0
DA:124,0
DA:126,0
DA:137,0
DA:145,0
DA:146,0
DA:149,0
DA:150,0
DA:151,0
DA:152,0
DA:153,0
DA:155,0
DA:162,0
DA:163,0
DA:165,0
DA:166,0
DA:168,0
DA:169,0
DA:170,0
DA:171,0
DA:172,0
DA:173,0
DA:179,0
DA:180,0
DA:183,0
DA:190,0
DA:193,0
DA:194,0
DA:195,0
DA:198,0
DA:200,0
DA:201,0
DA:204,0
DA:207,0
DA:214,0
DA:215,0
DA:227,0
DA:228,0
DA:229,0
DA:231,0
DA:232,0
DA:235,0
DA:236,0
DA:237,0
DA:238,0
DA:239,0
DA:240,0
DA:241,0
DA:242,0
DA:243,0
DA:244,0
DA:248,0
DA:249,0
DA:252,0
DA:270,0
DA:271,0
DA:274,0
DA:275,0
DA:276,0
DA:280,0
DA:281,0
DA:282,0
DA:285,0
DA:286,0
DA:287,0
DA:288,0
DA:289,0
DA:292,0
DA:293,0
DA:294,0
DA:302,0
DA:305,0
DA:306,0
DA:307,0
DA:313,0
DA:317,0
DA:318,0
DA:322,0
DA:323,0
DA:324,0
DA:329,0
DA:330,0
DA:331,0
DA:335,0
DA:342,0
DA:343,0
DA:345,0
DA:346,0
DA:347,0
DA:348,0
DA:349,0
DA:350,0
DA:352,0
DA:353,0
DA:354,0
DA:355,0
DA:359,0
DA:370,0
DA:371,0
DA:372,0
DA:374,0
DA:375,0
DA:376,0
DA:377,0
DA:378,0
DA:379,0
DA:383,0
DA:384,0
DA:385,0
DA:397,0
DA:400,0
DA:401,0
DA:402,0
DA:403,0
DA:405,0
DA:406,0
DA:407,0
DA:409,0
DA:411,0
DA:412,0
DA:413,0
DA:414,0
DA:416,0
DA:419,0
DA:423,0
DA:424,0
DA:427,0
DA:430,0
DA:431,0
DA:432,0
DA:433,0
DA:434,0
DA:438,0
DA:439,0
DA:440,0
DA:444,0
DA:445,0
DA:446,0
DA:451,0
DA:454,0
DA:468,0
DA:475,0
DA:477,0
DA:479,0
DA:481,0
DA:483,0
DA:485,0
DA:487,0
DA:489,0
DA:491,0
DA:517,0
DA:520,0
DA:521,0
DA:522,0
DA:523,0
DA:524,0
DA:525,0
DA:527,0
DA:528,0
DA:534,0
DA:535,0
DA:536,0
DA:537,0
DA:541,0
DA:542,0
DA:543,0
DA:544,0
DA:545,0
DA:550,0
DA:551,0
DA:552,0
DA:553,0
DA:554,0
DA:559,0
DA:560,0
DA:561,0
DA:565,0
DA:566,0
DA:567,0
DA:568,0
DA:570,0
DA:571,0
DA:572,0
DA:573,0
DA:574,0
DA:575,0
DA:576,0
DA:577,0
DA:581,0
DA:588,0
DA:606,0
DA:613,0
DA:614,0
DA:616,0
DA:618,0
LF:231
LH:0
BRDA:40,0,0,0
BRDA:50,1,0,0
BRDA:71,2,0,0
BRDA:71,2,1,0
BRDA:71,2,2,0
BRDA:79,3,0,0
BRDA:79,3,1,0
BRDA:87,4,0,0
BRDA:87,4,1,0
BRDA:95,5,0,0
BRDA:95,5,1,0
BRDA:105,6,0,0
BRDA:113,7,0,0
BRDA:115,8,0,0
BRDA:115,8,1,0
BRDA:131,9,0,0
BRDA:131,9,1,0
BRDA:132,10,0,0
BRDA:132,10,1,0
BRDA:133,11,0,0
BRDA:133,11,1,0
BRDA:146,12,0,0
BRDA:146,12,1,0
BRDA:149,13,0,0
BRDA:150,14,0,0
BRDA:151,15,0,0
BRDA:152,16,0,0
BRDA:153,17,0,0
BRDA:163,18,0,0
BRDA:172,19,0,0
BRDA:179,20,0,0
BRDA:194,21,0,0
BRDA:202,22,0,0
BRDA:202,22,1,0
BRDA:229,23,0,0
BRDA:232,24,0,0
BRDA:235,25,0,0
BRDA:275,26,0,0
BRDA:276,27,0,0
BRDA:276,27,1,0
BRDA:281,28,0,0
BRDA:286,29,0,0
BRDA:286,29,1,0
BRDA:288,30,0,0
BRDA:288,30,1,0
BRDA:292,31,0,0
BRDA:306,32,0,0
BRDA:317,33,0,0
BRDA:323,34,0,0
BRDA:343,35,0,0
BRDA:347,36,0,0
BRDA:347,36,1,0
BRDA:348,37,0,0
BRDA:352,38,0,0
BRDA:352,39,0,0
BRDA:352,39,1,0
BRDA:353,40,0,0
BRDA:353,41,0,0
BRDA:353,41,1,0
BRDA:354,42,0,0
BRDA:354,43,0,0
BRDA:354,43,1,0
BRDA:355,44,0,0
BRDA:355,45,0,0
BRDA:355,45,1,0
BRDA:376,46,0,0
BRDA:378,47,0,0
BRDA:378,47,1,0
BRDA:379,48,0,0
BRDA:383,49,0,0
BRDA:384,50,0,0
BRDA:401,51,0,0
BRDA:401,51,1,0
BRDA:403,52,0,0
BRDA:409,53,0,0
BRDA:409,54,0,0
BRDA:409,54,1,0
BRDA:412,55,0,0
BRDA:412,55,1,0
BRDA:413,56,0,0
BRDA:424,57,0,0
BRDA:427,58,0,0
BRDA:427,58,1,0
BRDA:432,59,0,0
BRDA:433,60,0,0
BRDA:433,60,1,0
BRDA:439,61,0,0
BRDA:461,62,0,0
BRDA:461,62,1,0
BRDA:462,63,0,0
BRDA:462,63,1,0
BRDA:465,64,0,0
BRDA:465,64,1,0
BRDA:465,65,0,0
BRDA:465,65,1,0
BRDA:477,66,0,0
BRDA:477,66,1,0
BRDA:477,66,2,0
BRDA:477,66,3,0
BRDA:477,66,4,0
BRDA:477,66,5,0
BRDA:477,66,6,0
BRDA:521,67,0,0
BRDA:524,68,0,0
BRDA:524,69,0,0
BRDA:524,69,1,0
BRDA:527,70,0,0
BRDA:535,71,0,0
BRDA:536,72,0,0
BRDA:536,72,1,0
BRDA:542,73,0,0
BRDA:544,74,0,0
BRDA:551,75,0,0
BRDA:553,76,0,0
BRDA:560,77,0,0
BRDA:561,78,0,0
BRDA:561,78,1,0
BRDA:566,79,0,0
BRDA:570,80,0,0
BRDA:570,80,1,0
BRDA:572,81,0,0
BRDA:572,81,1,0
BRDA:573,82,0,0
BRDA:574,83,0,0
BRDA:574,83,1,0
BRDA:576,84,0,0
BRDA:606,85,0,0
BRDA:606,85,1,0
BRDA:616,86,0,0
BRDA:616,86,1,0
BRDA:619,87,0,0
BRDA:619,87,1,0
BRDA:622,88,0,0
BRDA:622,88,1,0
BRF:134
BRH:0
end_of_record
TN:
SF:src/utils/secureStorage.ts
FN:15,(anonymous_0)
FN:34,(anonymous_1)
FN:42,(anonymous_2)
FN:70,(anonymous_3)
FN:77,(anonymous_4)
FN:95,(anonymous_5)
FN:124,(anonymous_6)
FN:132,(anonymous_7)
FN:136,(anonymous_8)
FN:146,(anonymous_9)
FN:156,(anonymous_10)
FN:163,(anonymous_11)
FN:167,(anonymous_12)
FN:174,(anonymous_13)
FN:178,(anonymous_14)
FNF:15
FNH:0
FNDA:0,(anonymous_0)
FNDA:0,(anonymous_1)
FNDA:0,(anonymous_2)
FNDA:0,(anonymous_3)
FNDA:0,(anonymous_4)
FNDA:0,(anonymous_5)
FNDA:0,(anonymous_6)
FNDA:0,(anonymous_7)
FNDA:0,(anonymous_8)
FNDA:0,(anonymous_9)
FNDA:0,(anonymous_10)
FNDA:0,(anonymous_11)
FNDA:0,(anonymous_12)
FNDA:0,(anonymous_13)
FNDA:0,(anonymous_14)
DA:10,0
DA:15,0
DA:16,0
DA:17,0
DA:19,0
DA:21,0
DA:22,0
DA:23,0
DA:26,0
DA:34,0
DA:35,0
DA:36,0
DA:37,0
DA:39,0
DA:42,0
DA:43,0
DA:44,0
DA:45,0
DA:46,0
DA:47,0
DA:49,0
DA:51,0
DA:67,0
DA:68,0
DA:71,0
DA:78,0
DA:79,0
DA:81,0
DA:86,0
DA:87,0
DA:89,0
DA:96,0
DA:97,0
DA:99,0
DA:100,0
DA:103,0
DA:104,0
DA:105,0
DA:108,0
DA:109,0
DA:110,0
DA:113,0
DA:116,0
DA:117,0
DA:125,0
DA:126,0
DA:134,0
DA:136,0
DA:137,0
DA:139,0
DA:140,0
DA:141,0
DA:142,0
DA:146,0
DA:152,0
DA:155,0
DA:157,0
DA:164,0
DA:168,0
DA:175,0
DA:179,0
DA:180,0
LF:62
LH:0
BRDA:19,0,0,0
BRDA:77,1,0,0
BRDA:78,2,0,0
BRDA:79,3,0,0
BRDA:79,3,1,0
BRDA:83,4,0,0
BRDA:83,4,1,0
BRDA:95,5,0,0
BRDA:96,6,0,0
BRDA:96,6,1,0
BRDA:99,7,0,0
BRDA:108,8,0,0
BRDA:108,9,0,0
BRDA:108,9,1,0
BRDA:124,10,0,0
BRDA:125,11,0,0
BRDA:125,11,1,0
BRDA:141,12,0,0
BRDA:159,13,0,0
BRDA:159,13,1,0
BRF:20
BRH:0
end_of_record
TN:
SF:src/utils/sheetMusicTypeConverters.ts
FN:142,(anonymous_0)
FN:149,(anonymous_1)
FN:158,convertMeasureForVexFlow
FN:235,(anonymous_3)
FN:253,convertOldSheetMusicToNew
FN:287,(anonymous_5)
FN:289,(anonymous_6)
FNF:7
FNH:0
FNDA:0,(anonymous_0)
FNDA:0,(anonymous_1)
FNDA:0,convertMeasureForVexFlow
FNDA:0,(anonymous_3)
FNDA:0,convertOldSheetMusicToNew
FNDA:0,(anonymous_5)
FNDA:0,(anonymous_6)
DA:10,0
DA:20,0
DA:56,0
DA:92,0
DA:107,0
DA:118,0
DA:130,0
DA:142,0
DA:143,0
DA:149,0
DA:152,0
DA:158,0
DA:173,0
DA:174,0
DA:176,0
DA:177,0
DA:179,0
DA:180,0
DA:182,0
DA:183,0
DA:185,0
DA:186,0
DA:190,0
DA:191,0
DA:193,0
DA:199,0
DA:201,0
DA:202,0
DA:205,0
DA:207,0
DA:208,0
DA:210,0
DA:211,0
DA:213,0
DA:214,0
DA:216,0
DA:217,0
DA:219,0
DA:220,0
DA:222,0
DA:223,0
DA:225,0
DA:226,0
DA:228,0
DA:233,0
DA:235,0
DA:253,0
DA:287,0
DA:289,0
DA:305,0
DA:306,0
DA:309,0
LF:52
LH:0
BRDA:173,0,0,0
BRDA:174,1,0,0
BRDA:174,1,1,0
BRDA:174,1,2,0
BRDA:174,1,3,0
BRDA:174,1,4,0
BRDA:174,1,5,0
BRDA:199,2,0,0
BRDA:201,3,0,0
BRDA:201,3,1,0
BRDA:205,4,0,0
BRDA:205,4,1,0
BRDA:205,4,2,0
BRDA:205,4,3,0
BRDA:205,4,4,0
BRDA:205,4,5,0
BRDA:205,4,6,0
BRDA:205,4,7,0
BRDA:235,5,0,0
BRDA:235,5,1,0
BRDA:242,6,0,0
BRDA:242,6,1,0
BRDA:291,7,0,0
BRDA:291,7,1,0
BRDA:294,8,0,0
BRDA:294,8,1,0
BRDA:297,9,0,0
BRDA:297,9,1,0
BRDA:300,10,0,0
BRDA:300,10,1,0
BRDA:305,11,0,0
BRDA:305,11,1,0
BRDA:318,12,0,0
BRDA:318,12,1,0
BRDA:320,13,0,0
BRDA:320,13,1,0
BRDA:324,14,0,0
BRDA:324,14,1,0
BRDA:325,15,0,0
BRDA:325,15,1,0
BRDA:330,16,0,0
BRDA:330,16,1,0
BRF:42
BRH:0
end_of_record
TN:
SF:src/utils/theme.ts
FNF:0
FNH:0
DA:4,0
LF:1
LH:0
BRF:0
BRH:0
end_of_record
