{"/Users/arbeitandy/src/public/rubato.pezware.com/backend/src/index.ts": {"path":"/Users/arbeitandy/src/public/rubato.pezware.com/backend/src/index.ts","statementMap":{"0":{"start":{"line":1,"column":0},"end":{"line":1,"column":45}},"1":{"start":{"line":2,"column":0},"end":{"line":2,"column":98}},"2":{"start":{"line":3,"column":0},"end":{"line":3,"column":39}},"3":{"start":{"line":5,"column":0},"end":{"line":5,"column":31}},"4":{"start":{"line":6,"column":0},"end":{"line":6,"column":40}},"5":{"start":{"line":7,"column":0},"end":{"line":7,"column":55}},"6":{"start":{"line":8,"column":0},"end":{"line":8,"column":35}},"7":{"start":{"line":9,"column":0},"end":{"line":9,"column":49}},"8":{"start":{"line":10,"column":0},"end":{"line":10,"column":62}},"9":{"start":{"line":14,"column":17},"end":{"line":14,"column":52}},"10":{"start":{"line":16,"column":46},"end":{"line":21,"column":null}},"11":{"start":{"line":25,"column":23},"end":{"line":25,"column":54}},"12":{"start":{"line":28,"column":20},"end":{"line":28,"column":56}},"13":{"start":{"line":30,"column":2},"end":{"line":32,"column":3}},"14":{"start":{"line":31,"column":4},"end":{"line":31,"column":null}},"15":{"start":{"line":34,"column":2},"end":{"line":34,"column":null}},"16":{"start":{"line":43,"column":22},"end":{"line":43,"column":59}},"17":{"start":{"line":44,"column":22},"end":{"line":44,"column":50}},"18":{"start":{"line":45,"column":2},"end":{"line":49,"column":3}},"19":{"start":{"line":46,"column":4},"end":{"line":48,"column":null}},"20":{"start":{"line":47,"column":6},"end":{"line":47,"column":null}},"21":{"start":{"line":50,"column":2},"end":{"line":50,"column":null}},"22":{"start":{"line":54,"column":0},"end":{"line":237,"column":null}},"23":{"start":{"line":56,"column":16},"end":{"line":56,"column":36}},"24":{"start":{"line":59,"column":4},"end":{"line":64,"column":5}},"25":{"start":{"line":60,"column":6},"end":{"line":63,"column":null}},"26":{"start":{"line":67,"column":4},"end":{"line":84,"column":5}},"27":{"start":{"line":68,"column":6},"end":{"line":83,"column":null}},"28":{"start":{"line":87,"column":4},"end":{"line":116,"column":5}},"29":{"start":{"line":88,"column":21},"end":{"line":88,"column":65}},"30":{"start":{"line":89,"column":27},"end":{"line":89,"column":58}},"31":{"start":{"line":92,"column":24},"end":{"line":92,"column":60}},"32":{"start":{"line":93,"column":25},"end":{"line":93,"column":51}},"33":{"start":{"line":95,"column":6},"end":{"line":115,"column":null}},"34":{"start":{"line":119,"column":4},"end":{"line":208,"column":5}},"35":{"start":{"line":121,"column":6},"end":{"line":123,"column":7}},"36":{"start":{"line":122,"column":8},"end":{"line":122,"column":null}},"37":{"start":{"line":125,"column":6},"end":{"line":207,"column":7}},"38":{"start":{"line":127,"column":23},"end":{"line":131,"column":10}},"39":{"start":{"line":134,"column":30},"end":{"line":172,"column":null}},"40":{"start":{"line":138,"column":14},"end":{"line":138,"column":null}},"41":{"start":{"line":139,"column":32},"end":{"line":139,"column":40}},"42":{"start":{"line":140,"column":25},"end":{"line":140,"column":77}},"43":{"start":{"line":143,"column":14},"end":{"line":149,"column":15}},"44":{"start":{"line":144,"column":36},"end":{"line":144,"column":75}},"45":{"start":{"line":145,"column":32},"end":{"line":145,"column":62}},"46":{"start":{"line":146,"column":16},"end":{"line":148,"column":17}},"47":{"start":{"line":147,"column":18},"end":{"line":147,"column":null}},"48":{"start":{"line":153,"column":36},"end":{"line":153,"column":72}},"49":{"start":{"line":154,"column":14},"end":{"line":163,"column":15}},"50":{"start":{"line":155,"column":30},"end":{"line":155,"column":52}},"51":{"start":{"line":156,"column":16},"end":{"line":162,"column":17}},"52":{"start":{"line":157,"column":34},"end":{"line":157,"column":72}},"53":{"start":{"line":159,"column":18},"end":{"line":159,"column":null}},"54":{"start":{"line":165,"column":14},"end":{"line":170,"column":null}},"55":{"start":{"line":176,"column":25},"end":{"line":176,"column":53}},"56":{"start":{"line":177,"column":8},"end":{"line":177,"column":null}},"57":{"start":{"line":180,"column":8},"end":{"line":184,"column":9}},"58":{"start":{"line":181,"column":33},"end":{"line":181,"column":49}},"59":{"start":{"line":182,"column":31},"end":{"line":182,"column":58}},"60":{"start":{"line":183,"column":10},"end":{"line":183,"column":null}},"61":{"start":{"line":186,"column":8},"end":{"line":186,"column":null}},"62":{"start":{"line":188,"column":8},"end":{"line":188,"column":null}},"63":{"start":{"line":189,"column":8},"end":{"line":206,"column":null}},"64":{"start":{"line":211,"column":4},"end":{"line":228,"column":5}},"65":{"start":{"line":212,"column":23},"end":{"line":225,"column":null}},"66":{"start":{"line":227,"column":6},"end":{"line":227,"column":null}},"67":{"start":{"line":231,"column":4},"end":{"line":235,"column":null}}},"fnMap":{"0":{"name":"getCorsHeaders","decl":{"start":{"line":13,"column":9},"end":{"line":13,"column":23}},"loc":{"start":{"line":13,"column":50},"end":{"line":35,"column":1}}},"1":{"name":"addCorsHeaders","decl":{"start":{"line":38,"column":9},"end":{"line":38,"column":23}},"loc":{"start":{"line":41,"column":10},"end":{"line":51,"column":1}}},"2":{"name":"(anonymous_2)","decl":{"start":{"line":46,"column":40},"end":{"line":46,"column":41}},"loc":{"start":{"line":46,"column":57},"end":{"line":48,"column":5}}},"3":{"name":"(anonymous_3)","decl":{"start":{"line":55,"column":2},"end":{"line":55,"column":7}},"loc":{"start":{"line":55,"column":40},"end":{"line":236,"column":3}}},"4":{"name":"(anonymous_4)","decl":{"start":{"line":137,"column":21},"end":{"line":137,"column":26}},"loc":{"start":{"line":137,"column":68},"end":{"line":171,"column":13}}}},"branchMap":{"0":{"loc":{"start":{"line":14,"column":17},"end":{"line":14,"column":52}},"type":"binary-expr","locations":[{"start":{"line":14,"column":17},"end":{"line":14,"column":46}},{"start":{"line":14,"column":50},"end":{"line":14,"column":52}}]},"1":{"loc":{"start":{"line":25,"column":23},"end":{"line":25,"column":54}},"type":"binary-expr","locations":[{"start":{"line":25,"column":23},"end":{"line":25,"column":38}},{"start":{"line":25,"column":42},"end":{"line":25,"column":54}}]},"2":{"loc":{"start":{"line":30,"column":2},"end":{"line":32,"column":3}},"type":"if","locations":[{"start":{"line":30,"column":2},"end":{"line":32,"column":3}}]},"3":{"loc":{"start":{"line":45,"column":2},"end":{"line":49,"column":3}},"type":"if","locations":[{"start":{"line":45,"column":2},"end":{"line":49,"column":3}}]},"4":{"loc":{"start":{"line":59,"column":4},"end":{"line":64,"column":5}},"type":"if","locations":[{"start":{"line":59,"column":4},"end":{"line":64,"column":5}}]},"5":{"loc":{"start":{"line":67,"column":4},"end":{"line":84,"column":5}},"type":"if","locations":[{"start":{"line":67,"column":4},"end":{"line":84,"column":5}}]},"6":{"loc":{"start":{"line":67,"column":8},"end":{"line":67,"column":62}},"type":"binary-expr","locations":[{"start":{"line":67,"column":8},"end":{"line":67,"column":34}},{"start":{"line":67,"column":38},"end":{"line":67,"column":62}}]},"7":{"loc":{"start":{"line":87,"column":4},"end":{"line":116,"column":5}},"type":"if","locations":[{"start":{"line":87,"column":4},"end":{"line":116,"column":5}}]},"8":{"loc":{"start":{"line":88,"column":21},"end":{"line":88,"column":65}},"type":"binary-expr","locations":[{"start":{"line":88,"column":21},"end":{"line":88,"column":50}},{"start":{"line":88,"column":54},"end":{"line":88,"column":65}}]},"9":{"loc":{"start":{"line":89,"column":27},"end":{"line":89,"column":58}},"type":"binary-expr","locations":[{"start":{"line":89,"column":27},"end":{"line":89,"column":42}},{"start":{"line":89,"column":46},"end":{"line":89,"column":58}}]},"10":{"loc":{"start":{"line":119,"column":4},"end":{"line":208,"column":5}},"type":"if","locations":[{"start":{"line":119,"column":4},"end":{"line":208,"column":5}}]},"11":{"loc":{"start":{"line":121,"column":6},"end":{"line":123,"column":7}},"type":"if","locations":[{"start":{"line":121,"column":6},"end":{"line":123,"column":7}}]},"12":{"loc":{"start":{"line":140,"column":25},"end":{"line":140,"column":77}},"type":"binary-expr","locations":[{"start":{"line":140,"column":25},"end":{"line":140,"column":64}},{"start":{"line":140,"column":68},"end":{"line":140,"column":77}}]},"13":{"loc":{"start":{"line":143,"column":14},"end":{"line":149,"column":15}},"type":"if","locations":[{"start":{"line":143,"column":14},"end":{"line":149,"column":15}}]},"14":{"loc":{"start":{"line":146,"column":16},"end":{"line":148,"column":17}},"type":"if","locations":[{"start":{"line":146,"column":16},"end":{"line":148,"column":17}}]},"15":{"loc":{"start":{"line":154,"column":14},"end":{"line":163,"column":15}},"type":"if","locations":[{"start":{"line":154,"column":14},"end":{"line":163,"column":15}}]},"16":{"loc":{"start":{"line":180,"column":8},"end":{"line":184,"column":9}},"type":"if","locations":[{"start":{"line":180,"column":8},"end":{"line":184,"column":9}}]},"17":{"loc":{"start":{"line":180,"column":12},"end":{"line":180,"column":71}},"type":"binary-expr","locations":[{"start":{"line":180,"column":12},"end":{"line":180,"column":45}},{"start":{"line":180,"column":49},"end":{"line":180,"column":71}}]},"18":{"loc":{"start":{"line":193,"column":23},"end":{"line":193,"column":79}},"type":"cond-expr","locations":[{"start":{"line":193,"column":48},"end":{"line":193,"column":61}},{"start":{"line":193,"column":64},"end":{"line":193,"column":79}}]},"19":{"loc":{"start":{"line":195,"column":16},"end":{"line":197,"column":29}},"type":"cond-expr","locations":[{"start":{"line":196,"column":20},"end":{"line":196,"column":31}},{"start":{"line":197,"column":20},"end":{"line":197,"column":29}}]},"20":{"loc":{"start":{"line":195,"column":16},"end":{"line":195,"column":75}},"type":"binary-expr","locations":[{"start":{"line":195,"column":16},"end":{"line":195,"column":49}},{"start":{"line":195,"column":53},"end":{"line":195,"column":75}}]},"21":{"loc":{"start":{"line":211,"column":4},"end":{"line":228,"column":5}},"type":"if","locations":[{"start":{"line":211,"column":4},"end":{"line":228,"column":5}}]},"22":{"loc":{"start":{"line":211,"column":8},"end":{"line":211,"column":63}},"type":"binary-expr","locations":[{"start":{"line":211,"column":8},"end":{"line":211,"column":34}},{"start":{"line":211,"column":38},"end":{"line":211,"column":63}}]},"23":{"loc":{"start":{"line":216,"column":19},"end":{"line":216,"column":59}},"type":"binary-expr","locations":[{"start":{"line":216,"column":19},"end":{"line":216,"column":46}},{"start":{"line":216,"column":50},"end":{"line":216,"column":59}}]},"24":{"loc":{"start":{"line":217,"column":23},"end":{"line":217,"column":51}},"type":"binary-expr","locations":[{"start":{"line":217,"column":23},"end":{"line":217,"column":38}},{"start":{"line":217,"column":42},"end":{"line":217,"column":51}}]},"25":{"loc":{"start":{"line":222,"column":25},"end":{"line":222,"column":65}},"type":"binary-expr","locations":[{"start":{"line":222,"column":25},"end":{"line":222,"column":52}},{"start":{"line":222,"column":56},"end":{"line":222,"column":65}}]},"26":{"loc":{"start":{"line":223,"column":29},"end":{"line":223,"column":57}},"type":"binary-expr","locations":[{"start":{"line":223,"column":29},"end":{"line":223,"column":44}},{"start":{"line":223,"column":48},"end":{"line":223,"column":57}}]}},"s":{"0":1,"1":1,"2":1,"3":1,"4":1,"5":1,"6":1,"7":1,"8":1,"9":32,"10":32,"11":32,"12":32,"13":32,"14":31,"15":32,"16":31,"17":31,"18":31,"19":31,"20":123,"21":31,"22":1,"23":32,"24":32,"25":1,"26":31,"27":5,"28":26,"29":5,"30":5,"31":5,"32":5,"33":5,"34":21,"35":16,"36":14,"37":16,"38":16,"39":16,"40":7,"41":7,"42":7,"43":7,"44":6,"45":6,"46":6,"47":1,"48":6,"49":6,"50":2,"51":2,"52":2,"53":1,"54":6,"55":16,"56":12,"57":12,"58":1,"59":1,"60":1,"61":12,"62":4,"63":4,"64":5,"65":3,"66":3,"67":2},"f":{"0":32,"1":31,"2":123,"3":32,"4":7},"b":{"0":[32,27],"1":[32,4],"2":[31],"3":[31],"4":[1],"5":[5],"6":[31,27],"7":[5],"8":[5,4],"9":[5,3],"10":[16],"11":[14],"12":[7,4],"13":[6],"14":[1],"15":[2],"16":[1],"17":[12,11],"18":[3,1],"19":[2,2],"20":[4,3],"21":[3],"22":[5,5],"23":[3,1],"24":[3,1],"25":[3,1],"26":[3,1]}}
,"/Users/arbeitandy/src/public/rubato.pezware.com/backend/src/version.ts": {"path":"/Users/arbeitandy/src/public/rubato.pezware.com/backend/src/version.ts","statementMap":{"0":{"start":{"line":2,"column":13},"end":{"line":7,"column":null}}},"fnMap":{},"branchMap":{},"s":{"0":0},"f":{},"b":{}}
,"/Users/arbeitandy/src/public/rubato.pezware.com/backend/src/config/cors.ts": {"path":"/Users/arbeitandy/src/public/rubato.pezware.com/backend/src/config/cors.ts","statementMap":{"0":{"start":{"line":26,"column":0},"end":{"line":26,"column":16}},"1":{"start":{"line":73,"column":0},"end":{"line":73,"column":16}},"2":{"start":{"line":6,"column":0},"end":{"line":6,"column":null}},"3":{"start":{"line":31,"column":4},"end":{"line":35,"column":19}},"4":{"start":{"line":37,"column":17},"end":{"line":37,"column":34}},"5":{"start":{"line":38,"column":18},"end":{"line":38,"column":40}},"6":{"start":{"line":41,"column":18},"end":{"line":41,"column":65}},"7":{"start":{"line":41,"column":43},"end":{"line":41,"column":64}},"8":{"start":{"line":42,"column":19},"end":{"line":42,"column":65}},"9":{"start":{"line":42,"column":44},"end":{"line":42,"column":64}},"10":{"start":{"line":45,"column":2},"end":{"line":47,"column":3}},"11":{"start":{"line":46,"column":4},"end":{"line":46,"column":null}},"12":{"start":{"line":48,"column":2},"end":{"line":50,"column":3}},"13":{"start":{"line":49,"column":4},"end":{"line":49,"column":null}},"14":{"start":{"line":52,"column":2},"end":{"line":63,"column":null}},"15":{"start":{"line":54,"column":35},"end":{"line":54,"column":59}},"16":{"start":{"line":60,"column":10},"end":{"line":60,"column":78}},"17":{"start":{"line":67,"column":13},"end":{"line":67,"column":null}},"18":{"start":{"line":78,"column":17},"end":{"line":78,"column":70}},"19":{"start":{"line":79,"column":17},"end":{"line":79,"column":34}},"20":{"start":{"line":80,"column":2},"end":{"line":80,"column":null}}},"fnMap":{"0":{"name":"getCorsConfig","decl":{"start":{"line":26,"column":16},"end":{"line":26,"column":29}},"loc":{"start":{"line":27,"column":44},"end":{"line":64,"column":1}}},"1":{"name":"(anonymous_1)","decl":{"start":{"line":41,"column":33},"end":{"line":41,"column":39}},"loc":{"start":{"line":41,"column":43},"end":{"line":41,"column":64}}},"2":{"name":"(anonymous_2)","decl":{"start":{"line":42,"column":34},"end":{"line":42,"column":40}},"loc":{"start":{"line":42,"column":44},"end":{"line":42,"column":64}}},"3":{"name":"(anonymous_3)","decl":{"start":{"line":54,"column":30},"end":{"line":54,"column":31}},"loc":{"start":{"line":54,"column":35},"end":{"line":54,"column":59}}},"4":{"name":"(anonymous_4)","decl":{"start":{"line":59,"column":8},"end":{"line":59,"column":9}},"loc":{"start":{"line":60,"column":10},"end":{"line":60,"column":78}}},"5":{"name":"isOriginAllowed","decl":{"start":{"line":73,"column":16},"end":{"line":73,"column":31}},"loc":{"start":{"line":75,"column":43},"end":{"line":81,"column":1}}}},"branchMap":{"0":{"loc":{"start":{"line":31,"column":4},"end":{"line":35,"column":19}},"type":"cond-expr","locations":[{"start":{"line":32,"column":8},"end":{"line":32,"column":20}},{"start":{"line":33,"column":8},"end":{"line":35,"column":19}}]},"1":{"loc":{"start":{"line":33,"column":8},"end":{"line":35,"column":19}},"type":"cond-expr","locations":[{"start":{"line":34,"column":10},"end":{"line":34,"column":17}},{"start":{"line":35,"column":10},"end":{"line":35,"column":19}}]},"2":{"loc":{"start":{"line":45,"column":2},"end":{"line":47,"column":3}},"type":"if","locations":[{"start":{"line":45,"column":2},"end":{"line":47,"column":3}}]},"3":{"loc":{"start":{"line":48,"column":2},"end":{"line":50,"column":3}},"type":"if","locations":[{"start":{"line":48,"column":2},"end":{"line":50,"column":3}}]},"4":{"loc":{"start":{"line":60,"column":10},"end":{"line":60,"column":78}},"type":"binary-expr","locations":[{"start":{"line":60,"column":10},"end":{"line":60,"column":42}},{"start":{"line":60,"column":46},"end":{"line":60,"column":78}}]},"5":{"loc":{"start":{"line":78,"column":17},"end":{"line":78,"column":70}},"type":"cond-expr","locations":[{"start":{"line":78,"column":48},"end":{"line":78,"column":60}},{"start":{"line":78,"column":63},"end":{"line":78,"column":70}}]}},"s":{"0":1,"1":1,"2":1,"3":13,"4":13,"5":13,"6":13,"7":39,"8":13,"9":39,"10":13,"11":12,"12":13,"13":12,"14":13,"15":34,"16":34,"17":1,"18":5,"19":5,"20":5},"f":{"0":13,"1":39,"2":39,"3":34,"4":34,"5":5},"b":{"0":[8,5],"1":[3,2],"2":[12],"3":[12],"4":[34,29],"5":[4,1]}}
,"/Users/arbeitandy/src/public/rubato.pezware.com/backend/src/middleware/logging.ts": {"path":"/Users/arbeitandy/src/public/rubato.pezware.com/backend/src/middleware/logging.ts","statementMap":{"0":{"start":{"line":1,"column":0},"end":{"line":1,"column":7}},"1":{"start":{"line":2,"column":2},"end":{"line":2,"column":null}},"2":{"start":{"line":3,"column":2},"end":{"line":3,"column":null}},"3":{"start":{"line":4,"column":2},"end":{"line":4,"column":null}},"4":{"start":{"line":5,"column":2},"end":{"line":5,"column":null}},"5":{"start":{"line":7,"column":2},"end":{"line":30,"column":3}},"6":{"start":{"line":11,"column":4},"end":{"line":29,"column":5}},"7":{"start":{"line":12,"column":28},"end":{"line":12,"column":43}},"8":{"start":{"line":13,"column":19},"end":{"line":13,"column":45}},"9":{"start":{"line":14,"column":6},"end":{"line":14,"column":null}},"10":{"start":{"line":17,"column":6},"end":{"line":26,"column":7}},"11":{"start":{"line":18,"column":23},"end":{"line":18,"column":39}},"12":{"start":{"line":19,"column":8},"end":{"line":23,"column":null}},"13":{"start":{"line":25,"column":8},"end":{"line":25,"column":null}},"14":{"start":{"line":28,"column":6},"end":{"line":28,"column":null}},"15":{"start":{"line":31,"column":2},"end":{"line":31,"column":null}}},"fnMap":{"0":{"name":"logRequest","decl":{"start":{"line":1,"column":22},"end":{"line":1,"column":32}},"loc":{"start":{"line":1,"column":49},"end":{"line":32,"column":1}}}},"branchMap":{"0":{"loc":{"start":{"line":7,"column":2},"end":{"line":30,"column":3}},"type":"if","locations":[{"start":{"line":7,"column":2},"end":{"line":30,"column":3}}]},"1":{"loc":{"start":{"line":8,"column":4},"end":{"line":9,"column":69}},"type":"binary-expr","locations":[{"start":{"line":8,"column":4},"end":{"line":8,"column":29}},{"start":{"line":9,"column":4},"end":{"line":9,"column":69}}]}},"s":{"0":1,"1":17,"2":17,"3":17,"4":17,"5":17,"6":7,"7":7,"8":6,"9":6,"10":6,"11":6,"12":5,"13":1,"14":1,"15":17},"f":{"0":17},"b":{"0":[7],"1":[17,8]}}
,"/Users/arbeitandy/src/public/rubato.pezware.com/backend/src/resolvers/auth.ts": {"path":"/Users/arbeitandy/src/public/rubato.pezware.com/backend/src/resolvers/auth.ts","statementMap":{"0":{"start":{"line":2,"column":0},"end":{"line":2,"column":46}},"1":{"start":{"line":3,"column":0},"end":{"line":3,"column":46}},"2":{"start":{"line":4,"column":0},"end":{"line":4,"column":48}},"3":{"start":{"line":5,"column":0},"end":{"line":5,"column":44}},"4":{"start":{"line":7,"column":13},"end":{"line":109,"column":null}},"5":{"start":{"line":10,"column":6},"end":{"line":12,"column":7}},"6":{"start":{"line":11,"column":8},"end":{"line":11,"column":null}},"7":{"start":{"line":14,"column":6},"end":{"line":34,"column":7}},"8":{"start":{"line":15,"column":28},"end":{"line":17,"column":null}},"9":{"start":{"line":19,"column":29},"end":{"line":19,"column":58}},"10":{"start":{"line":22,"column":26},"end":{"line":22,"column":66}},"11":{"start":{"line":25,"column":8},"end":{"line":25,"column":null}},"12":{"start":{"line":27,"column":8},"end":{"line":30,"column":null}},"13":{"start":{"line":32,"column":8},"end":{"line":32,"column":null}},"14":{"start":{"line":33,"column":8},"end":{"line":33,"column":null}},"15":{"start":{"line":38,"column":6},"end":{"line":71,"column":7}},"16":{"start":{"line":39,"column":28},"end":{"line":41,"column":null}},"17":{"start":{"line":43,"column":28},"end":{"line":43,"column":59}},"18":{"start":{"line":46,"column":22},"end":{"line":46,"column":62}},"19":{"start":{"line":48,"column":8},"end":{"line":50,"column":9}},"20":{"start":{"line":49,"column":10},"end":{"line":49,"column":null}},"21":{"start":{"line":53,"column":19},"end":{"line":53,"column":58}},"22":{"start":{"line":54,"column":8},"end":{"line":56,"column":9}},"23":{"start":{"line":55,"column":10},"end":{"line":55,"column":null}},"24":{"start":{"line":60,"column":10},"end":{"line":60,"column":48}},"25":{"start":{"line":62,"column":8},"end":{"line":67,"column":null}},"26":{"start":{"line":69,"column":8},"end":{"line":69,"column":null}},"27":{"start":{"line":70,"column":8},"end":{"line":70,"column":null}},"28":{"start":{"line":75,"column":26},"end":{"line":77,"column":null}},"29":{"start":{"line":79,"column":26},"end":{"line":79,"column":57}},"30":{"start":{"line":82,"column":21},"end":{"line":82,"column":71}},"31":{"start":{"line":83,"column":19},"end":{"line":83,"column":56}},"32":{"start":{"line":85,"column":6},"end":{"line":87,"column":7}},"33":{"start":{"line":86,"column":8},"end":{"line":86,"column":null}},"34":{"start":{"line":90,"column":21},"end":{"line":90,"column":59}},"35":{"start":{"line":92,"column":6},"end":{"line":97,"column":null}},"36":{"start":{"line":103,"column":6},"end":{"line":106,"column":null}}},"fnMap":{"0":{"name":"(anonymous_0)","decl":{"start":{"line":9,"column":22},"end":{"line":9,"column":27}},"loc":{"start":{"line":9,"column":54},"end":{"line":35,"column":5}}},"1":{"name":"(anonymous_1)","decl":{"start":{"line":37,"column":21},"end":{"line":37,"column":26}},"loc":{"start":{"line":37,"column":53},"end":{"line":72,"column":5}}},"2":{"name":"(anonymous_2)","decl":{"start":{"line":74,"column":18},"end":{"line":74,"column":23}},"loc":{"start":{"line":74,"column":57},"end":{"line":98,"column":5}}},"3":{"name":"(anonymous_3)","decl":{"start":{"line":100,"column":12},"end":{"line":100,"column":17}},"loc":{"start":{"line":100,"column":47},"end":{"line":107,"column":5}}}},"branchMap":{"0":{"loc":{"start":{"line":10,"column":6},"end":{"line":12,"column":7}},"type":"if","locations":[{"start":{"line":10,"column":6},"end":{"line":12,"column":7}}]},"1":{"loc":{"start":{"line":48,"column":8},"end":{"line":50,"column":9}},"type":"if","locations":[{"start":{"line":48,"column":8},"end":{"line":50,"column":9}}]},"2":{"loc":{"start":{"line":54,"column":8},"end":{"line":56,"column":9}},"type":"if","locations":[{"start":{"line":54,"column":8},"end":{"line":56,"column":9}}]},"3":{"loc":{"start":{"line":85,"column":6},"end":{"line":87,"column":7}},"type":"if","locations":[{"start":{"line":85,"column":6},"end":{"line":87,"column":7}}]}},"s":{"0":1,"1":1,"2":1,"3":1,"4":1,"5":2,"6":1,"7":1,"8":1,"9":1,"10":1,"11":1,"12":1,"13":0,"14":0,"15":2,"16":2,"17":2,"18":2,"19":2,"20":1,"21":1,"22":1,"23":1,"24":1,"25":1,"26":1,"27":1,"28":0,"29":0,"30":0,"31":0,"32":0,"33":0,"34":0,"35":0,"36":0},"f":{"0":2,"1":2,"2":0,"3":0},"b":{"0":[1],"1":[1],"2":[1],"3":[0]}}
,"/Users/arbeitandy/src/public/rubato.pezware.com/backend/src/resolvers/index.ts": {"path":"/Users/arbeitandy/src/public/rubato.pezware.com/backend/src/resolvers/index.ts","statementMap":{"0":{"start":{"line":1,"column":0},"end":{"line":1,"column":38}},"1":{"start":{"line":2,"column":0},"end":{"line":2,"column":38}},"2":{"start":{"line":3,"column":0},"end":{"line":3,"column":50}},"3":{"start":{"line":4,"column":0},"end":{"line":4,"column":46}},"4":{"start":{"line":5,"column":0},"end":{"line":5,"column":43}},"5":{"start":{"line":8,"column":13},"end":{"line":23,"column":null}}},"fnMap":{},"branchMap":{},"s":{"0":1,"1":1,"2":1,"3":1,"4":1,"5":1},"f":{},"b":{}}
,"/Users/arbeitandy/src/public/rubato.pezware.com/backend/src/resolvers/practice.ts": {"path":"/Users/arbeitandy/src/public/rubato.pezware.com/backend/src/resolvers/practice.ts","statementMap":{"0":{"start":{"line":7,"column":13},"end":{"line":85,"column":null}},"1":{"start":{"line":11,"column":6},"end":{"line":11,"column":null}},"2":{"start":{"line":20,"column":6},"end":{"line":29,"column":null}},"3":{"start":{"line":36,"column":6},"end":{"line":36,"column":null}},"4":{"start":{"line":45,"column":6},"end":{"line":45,"column":null}},"5":{"start":{"line":54,"column":6},"end":{"line":54,"column":null}},"6":{"start":{"line":59,"column":6},"end":{"line":59,"column":null}},"7":{"start":{"line":64,"column":6},"end":{"line":64,"column":null}},"8":{"start":{"line":72,"column":6},"end":{"line":72,"column":null}},"9":{"start":{"line":77,"column":6},"end":{"line":77,"column":null}},"10":{"start":{"line":82,"column":6},"end":{"line":82,"column":null}}},"fnMap":{"0":{"name":"(anonymous_0)","decl":{"start":{"line":9,"column":21},"end":{"line":9,"column":26}},"loc":{"start":{"line":9,"column":62},"end":{"line":12,"column":5}}},"1":{"name":"(anonymous_1)","decl":{"start":{"line":14,"column":24},"end":{"line":14,"column":29}},"loc":{"start":{"line":18,"column":8},"end":{"line":30,"column":5}}},"2":{"name":"(anonymous_2)","decl":{"start":{"line":34,"column":26},"end":{"line":34,"column":31}},"loc":{"start":{"line":34,"column":73},"end":{"line":37,"column":5}}},"3":{"name":"(anonymous_3)","decl":{"start":{"line":39,"column":26},"end":{"line":39,"column":31}},"loc":{"start":{"line":43,"column":8},"end":{"line":46,"column":5}}},"4":{"name":"(anonymous_4)","decl":{"start":{"line":48,"column":27},"end":{"line":48,"column":32}},"loc":{"start":{"line":52,"column":8},"end":{"line":55,"column":5}}},"5":{"name":"(anonymous_5)","decl":{"start":{"line":57,"column":29},"end":{"line":57,"column":34}},"loc":{"start":{"line":57,"column":76},"end":{"line":60,"column":5}}},"6":{"name":"(anonymous_6)","decl":{"start":{"line":62,"column":23},"end":{"line":62,"column":28}},"loc":{"start":{"line":62,"column":70},"end":{"line":65,"column":5}}},"7":{"name":"(anonymous_7)","decl":{"start":{"line":69,"column":10},"end":{"line":69,"column":15}},"loc":{"start":{"line":69,"column":45},"end":{"line":73,"column":5}}},"8":{"name":"(anonymous_8)","decl":{"start":{"line":75,"column":16},"end":{"line":75,"column":21}},"loc":{"start":{"line":75,"column":51},"end":{"line":78,"column":5}}},"9":{"name":"(anonymous_9)","decl":{"start":{"line":80,"column":10},"end":{"line":80,"column":15}},"loc":{"start":{"line":80,"column":45},"end":{"line":83,"column":5}}}},"branchMap":{"0":{"loc":{"start":{"line":16,"column":41},"end":{"line":16,"column":52}},"type":"default-arg","locations":[{"start":{"line":16,"column":51},"end":{"line":16,"column":52}}]},"1":{"loc":{"start":{"line":16,"column":61},"end":{"line":16,"column":72}},"type":"default-arg","locations":[{"start":{"line":16,"column":70},"end":{"line":16,"column":72}}]}},"s":{"0":2,"1":1,"2":10,"3":2,"4":1,"5":1,"6":1,"7":1,"8":1,"9":1,"10":1},"f":{"0":1,"1":10,"2":2,"3":1,"4":1,"5":1,"6":1,"7":1,"8":1,"9":1},"b":{"0":[6],"1":[6]}}
,"/Users/arbeitandy/src/public/rubato.pezware.com/backend/src/resolvers/scalars.ts": {"path":"/Users/arbeitandy/src/public/rubato.pezware.com/backend/src/resolvers/scalars.ts","statementMap":{"0":{"start":{"line":1,"column":0},"end":{"line":1,"column":77}},"1":{"start":{"line":3,"column":13},"end":{"line":44,"column":null}},"2":{"start":{"line":8,"column":6},"end":{"line":10,"column":7}},"3":{"start":{"line":9,"column":8},"end":{"line":9,"column":null}},"4":{"start":{"line":11,"column":6},"end":{"line":11,"column":null}},"5":{"start":{"line":14,"column":6},"end":{"line":14,"column":null}},"6":{"start":{"line":17,"column":6},"end":{"line":19,"column":7}},"7":{"start":{"line":18,"column":8},"end":{"line":18,"column":null}},"8":{"start":{"line":20,"column":6},"end":{"line":20,"column":null}},"9":{"start":{"line":28,"column":6},"end":{"line":28,"column":null}},"10":{"start":{"line":31,"column":6},"end":{"line":31,"column":null}},"11":{"start":{"line":34,"column":6},"end":{"line":41,"column":7}},"12":{"start":{"line":36,"column":10},"end":{"line":36,"column":null}},"13":{"start":{"line":38,"column":10},"end":{"line":38,"column":null}},"14":{"start":{"line":40,"column":10},"end":{"line":40,"column":null}},"15":{"start":{"line":47,"column":41},"end":{"line":47,"column":60}},"16":{"start":{"line":48,"column":2},"end":{"line":50,"column":null}},"17":{"start":{"line":49,"column":4},"end":{"line":49,"column":null}},"18":{"start":{"line":51,"column":2},"end":{"line":51,"column":null}},"19":{"start":{"line":55,"column":2},"end":{"line":68,"column":3}},"20":{"start":{"line":58,"column":6},"end":{"line":58,"column":null}},"21":{"start":{"line":61,"column":6},"end":{"line":61,"column":null}},"22":{"start":{"line":63,"column":6},"end":{"line":63,"column":null}},"23":{"start":{"line":65,"column":6},"end":{"line":65,"column":null}},"24":{"start":{"line":67,"column":6},"end":{"line":67,"column":null}}},"fnMap":{"0":{"name":"(anonymous_0)","decl":{"start":{"line":7,"column":4},"end":{"line":7,"column":13}},"loc":{"start":{"line":7,"column":28},"end":{"line":12,"column":5}}},"1":{"name":"(anonymous_1)","decl":{"start":{"line":13,"column":4},"end":{"line":13,"column":14}},"loc":{"start":{"line":13,"column":29},"end":{"line":15,"column":5}}},"2":{"name":"(anonymous_2)","decl":{"start":{"line":16,"column":4},"end":{"line":16,"column":16}},"loc":{"start":{"line":16,"column":20},"end":{"line":21,"column":5}}},"3":{"name":"(anonymous_3)","decl":{"start":{"line":27,"column":4},"end":{"line":27,"column":13}},"loc":{"start":{"line":27,"column":28},"end":{"line":29,"column":5}}},"4":{"name":"(anonymous_4)","decl":{"start":{"line":30,"column":4},"end":{"line":30,"column":14}},"loc":{"start":{"line":30,"column":29},"end":{"line":32,"column":5}}},"5":{"name":"(anonymous_5)","decl":{"start":{"line":33,"column":4},"end":{"line":33,"column":16}},"loc":{"start":{"line":33,"column":20},"end":{"line":42,"column":5}}},"6":{"name":"parseObject","decl":{"start":{"line":46,"column":9},"end":{"line":46,"column":20}},"loc":{"start":{"line":46,"column":41},"end":{"line":52,"column":1}}},"7":{"name":"(anonymous_7)","decl":{"start":{"line":48,"column":21},"end":{"line":48,"column":26}},"loc":{"start":{"line":48,"column":29},"end":{"line":50,"column":3}}},"8":{"name":"parseValue","decl":{"start":{"line":54,"column":9},"end":{"line":54,"column":19}},"loc":{"start":{"line":54,"column":34},"end":{"line":69,"column":1}}}},"branchMap":{"0":{"loc":{"start":{"line":8,"column":6},"end":{"line":10,"column":7}},"type":"if","locations":[{"start":{"line":8,"column":6},"end":{"line":10,"column":7}}]},"1":{"loc":{"start":{"line":17,"column":6},"end":{"line":19,"column":7}},"type":"if","locations":[{"start":{"line":17,"column":6},"end":{"line":19,"column":7}}]},"2":{"loc":{"start":{"line":34,"column":6},"end":{"line":41,"column":7}},"type":"switch","locations":[{"start":{"line":35,"column":8},"end":{"line":36,"column":null}},{"start":{"line":37,"column":8},"end":{"line":38,"column":null}},{"start":{"line":39,"column":8},"end":{"line":40,"column":null}}]},"3":{"loc":{"start":{"line":55,"column":2},"end":{"line":68,"column":3}},"type":"switch","locations":[{"start":{"line":56,"column":4},"end":{"line":56,"column":21}},{"start":{"line":57,"column":4},"end":{"line":58,"column":null}},{"start":{"line":59,"column":4},"end":{"line":59,"column":18}},{"start":{"line":60,"column":4},"end":{"line":61,"column":null}},{"start":{"line":62,"column":4},"end":{"line":63,"column":null}},{"start":{"line":64,"column":4},"end":{"line":65,"column":null}},{"start":{"line":66,"column":4},"end":{"line":67,"column":null}}]}},"s":{"0":1,"1":1,"2":0,"3":0,"4":0,"5":0,"6":0,"7":0,"8":0,"9":0,"10":0,"11":0,"12":0,"13":0,"14":0,"15":0,"16":0,"17":0,"18":0,"19":0,"20":0,"21":0,"22":0,"23":0,"24":0},"f":{"0":0,"1":0,"2":0,"3":0,"4":0,"5":0,"6":0,"7":0,"8":0},"b":{"0":[0],"1":[0],"2":[0,0,0],"3":[0,0,0,0,0,0,0]}}
,"/Users/arbeitandy/src/public/rubato.pezware.com/backend/src/resolvers/sheetMusic.ts": {"path":"/Users/arbeitandy/src/public/rubato.pezware.com/backend/src/resolvers/sheetMusic.ts","statementMap":{"0":{"start":{"line":6,"column":13},"end":{"line":48,"column":null}},"1":{"start":{"line":10,"column":6},"end":{"line":10,"column":null}},"2":{"start":{"line":19,"column":6},"end":{"line":28,"column":null}},"3":{"start":{"line":41,"column":6},"end":{"line":41,"column":null}}},"fnMap":{"0":{"name":"(anonymous_0)","decl":{"start":{"line":8,"column":16},"end":{"line":8,"column":21}},"loc":{"start":{"line":8,"column":57},"end":{"line":11,"column":5}}},"1":{"name":"(anonymous_1)","decl":{"start":{"line":13,"column":20},"end":{"line":13,"column":25}},"loc":{"start":{"line":17,"column":8},"end":{"line":29,"column":5}}},"2":{"name":"(anonymous_2)","decl":{"start":{"line":31,"column":22},"end":{"line":31,"column":27}},"loc":{"start":{"line":39,"column":8},"end":{"line":42,"column":5}}}},"branchMap":{"0":{"loc":{"start":{"line":15,"column":33},"end":{"line":15,"column":44}},"type":"default-arg","locations":[{"start":{"line":15,"column":43},"end":{"line":15,"column":44}}]},"1":{"loc":{"start":{"line":15,"column":53},"end":{"line":15,"column":64}},"type":"default-arg","locations":[{"start":{"line":15,"column":62},"end":{"line":15,"column":64}}]}},"s":{"0":2,"1":6,"2":19,"3":24},"f":{"0":6,"1":19,"2":24},"b":{"0":[14],"1":[14]}}
,"/Users/arbeitandy/src/public/rubato.pezware.com/backend/src/resolvers/user.ts": {"path":"/Users/arbeitandy/src/public/rubato.pezware.com/backend/src/resolvers/user.ts","statementMap":{"0":{"start":{"line":6,"column":0},"end":{"line":6,"column":46}},"1":{"start":{"line":8,"column":39},"end":{"line":22,"column":null}},"2":{"start":{"line":10,"column":4},"end":{"line":12,"column":5}},"3":{"start":{"line":11,"column":6},"end":{"line":11,"column":null}},"4":{"start":{"line":14,"column":24},"end":{"line":14,"column":55}},"5":{"start":{"line":15,"column":4},"end":{"line":15,"column":null}},"6":{"start":{"line":19,"column":24},"end":{"line":19,"column":55}},"7":{"start":{"line":20,"column":4},"end":{"line":20,"column":null}},"8":{"start":{"line":24,"column":45},"end":{"line":47,"column":null}},"9":{"start":{"line":26,"column":4},"end":{"line":28,"column":5}},"10":{"start":{"line":27,"column":6},"end":{"line":27,"column":null}},"11":{"start":{"line":30,"column":24},"end":{"line":30,"column":55}},"12":{"start":{"line":31,"column":4},"end":{"line":31,"column":null}},"13":{"start":{"line":35,"column":4},"end":{"line":37,"column":5}},"14":{"start":{"line":36,"column":6},"end":{"line":36,"column":null}},"15":{"start":{"line":39,"column":24},"end":{"line":39,"column":55}},"16":{"start":{"line":40,"column":4},"end":{"line":40,"column":null}},"17":{"start":{"line":42,"column":4},"end":{"line":45,"column":null}},"18":{"start":{"line":49,"column":28},"end":{"line":73,"column":null}},"19":{"start":{"line":52,"column":4},"end":{"line":54,"column":null}},"20":{"start":{"line":59,"column":4},"end":{"line":66,"column":null}},"21":{"start":{"line":70,"column":24},"end":{"line":70,"column":55}},"22":{"start":{"line":71,"column":4},"end":{"line":71,"column":null}},"23":{"start":{"line":75,"column":13},"end":{"line":79,"column":null}}},"fnMap":{"0":{"name":"(anonymous_0)","decl":{"start":{"line":9,"column":6},"end":{"line":9,"column":11}},"loc":{"start":{"line":9,"column":40},"end":{"line":16,"column":3}}},"1":{"name":"(anonymous_1)","decl":{"start":{"line":18,"column":8},"end":{"line":18,"column":13}},"loc":{"start":{"line":18,"column":43},"end":{"line":21,"column":3}}},"2":{"name":"(anonymous_2)","decl":{"start":{"line":25,"column":14},"end":{"line":25,"column":19}},"loc":{"start":{"line":25,"column":52},"end":{"line":32,"column":3}}},"3":{"name":"(anonymous_3)","decl":{"start":{"line":34,"column":17},"end":{"line":34,"column":22}},"loc":{"start":{"line":34,"column":51},"end":{"line":46,"column":3}}},"4":{"name":"(anonymous_4)","decl":{"start":{"line":50,"column":21},"end":{"line":50,"column":27}},"loc":{"start":{"line":50,"column":30},"end":{"line":55,"column":3}}},"5":{"name":"(anonymous_5)","decl":{"start":{"line":57,"column":15},"end":{"line":57,"column":20}},"loc":{"start":{"line":57,"column":49},"end":{"line":67,"column":3}}},"6":{"name":"(anonymous_6)","decl":{"start":{"line":69,"column":9},"end":{"line":69,"column":14}},"loc":{"start":{"line":69,"column":42},"end":{"line":72,"column":3}}}},"branchMap":{"0":{"loc":{"start":{"line":10,"column":4},"end":{"line":12,"column":5}},"type":"if","locations":[{"start":{"line":10,"column":4},"end":{"line":12,"column":5}}]},"1":{"loc":{"start":{"line":26,"column":4},"end":{"line":28,"column":5}},"type":"if","locations":[{"start":{"line":26,"column":4},"end":{"line":28,"column":5}}]},"2":{"loc":{"start":{"line":35,"column":4},"end":{"line":37,"column":5}},"type":"if","locations":[{"start":{"line":35,"column":4},"end":{"line":37,"column":5}}]},"3":{"loc":{"start":{"line":52,"column":12},"end":{"line":52,"column":62}},"type":"binary-expr","locations":[{"start":{"line":52,"column":12},"end":{"line":52,"column":51}},{"start":{"line":52,"column":55},"end":{"line":52,"column":62}}]},"4":{"loc":{"start":{"line":60,"column":6},"end":{"line":65,"column":null}},"type":"binary-expr","locations":[{"start":{"line":60,"column":6},"end":{"line":60,"column":24}},{"start":{"line":60,"column":28},"end":{"line":65,"column":null}}]}},"s":{"0":1,"1":1,"2":2,"3":1,"4":1,"5":1,"6":0,"7":0,"8":1,"9":0,"10":0,"11":0,"12":0,"13":0,"14":0,"15":0,"16":0,"17":0,"18":1,"19":2,"20":0,"21":0,"22":0,"23":1},"f":{"0":2,"1":0,"2":0,"3":0,"4":2,"5":0,"6":0},"b":{"0":[1],"1":[0],"2":[0],"3":[2,0],"4":[0,0]}}
,"/Users/arbeitandy/src/public/rubato.pezware.com/backend/src/schema/index.ts": {"path":"/Users/arbeitandy/src/public/rubato.pezware.com/backend/src/schema/index.ts","statementMap":{"0":{"start":{"line":1,"column":13},"end":{"line":306,"column":null}}},"fnMap":{},"branchMap":{},"s":{"0":1},"f":{},"b":{}}
,"/Users/arbeitandy/src/public/rubato.pezware.com/backend/src/services/auth.ts": {"path":"/Users/arbeitandy/src/public/rubato.pezware.com/backend/src/services/auth.ts","statementMap":{"0":{"start":{"line":2,"column":0},"end":{"line":2,"column":null}},"1":{"start":{"line":11,"column":36},"end":{"line":11,"column":39}},"2":{"start":{"line":12,"column":39},"end":{"line":12,"column":52}},"3":{"start":{"line":15,"column":12},"end":{"line":15,"column":37}},"4":{"start":{"line":16,"column":12},"end":{"line":16,"column":29}},"5":{"start":{"line":20,"column":18},"end":{"line":20,"column":42}},"6":{"start":{"line":21,"column":16},"end":{"line":21,"column":51}},"7":{"start":{"line":24,"column":4},"end":{"line":26,"column":null}},"8":{"start":{"line":28,"column":4},"end":{"line":28,"column":null}},"9":{"start":{"line":32,"column":16},"end":{"line":32,"column":51}},"10":{"start":{"line":33,"column":18},"end":{"line":33,"column":50}},"11":{"start":{"line":35,"column":4},"end":{"line":37,"column":5}},"12":{"start":{"line":36,"column":6},"end":{"line":36,"column":null}},"13":{"start":{"line":40,"column":4},"end":{"line":40,"column":null}},"14":{"start":{"line":42,"column":4},"end":{"line":42,"column":null}},"15":{"start":{"line":48,"column":40},"end":{"line":51,"column":6}},"16":{"start":{"line":53,"column":4},"end":{"line":53,"column":null}},"17":{"start":{"line":57,"column":20},"end":{"line":57,"column":60}},"18":{"start":{"line":58,"column":4},"end":{"line":58,"column":null}},"19":{"start":{"line":10,"column":0},"end":{"line":10,"column":13}}},"fnMap":{"0":{"name":"(anonymous_0)","decl":{"start":{"line":14,"column":2},"end":{"line":14,"column":null}},"loc":{"start":{"line":16,"column":29},"end":{"line":17,"column":6}}},"1":{"name":"(anonymous_1)","decl":{"start":{"line":19,"column":2},"end":{"line":19,"column":7}},"loc":{"start":{"line":19,"column":37},"end":{"line":29,"column":3}}},"2":{"name":"(anonymous_2)","decl":{"start":{"line":31,"column":2},"end":{"line":31,"column":7}},"loc":{"start":{"line":31,"column":37},"end":{"line":43,"column":3}}},"3":{"name":"(anonymous_3)","decl":{"start":{"line":45,"column":2},"end":{"line":45,"column":7}},"loc":{"start":{"line":46,"column":14},"end":{"line":54,"column":3}}},"4":{"name":"(anonymous_4)","decl":{"start":{"line":56,"column":2},"end":{"line":56,"column":7}},"loc":{"start":{"line":56,"column":40},"end":{"line":59,"column":3}}}},"branchMap":{"0":{"loc":{"start":{"line":35,"column":4},"end":{"line":37,"column":5}},"type":"if","locations":[{"start":{"line":35,"column":4},"end":{"line":37,"column":5}}]}},"s":{"0":2,"1":9,"2":9,"3":9,"4":9,"5":3,"6":3,"7":3,"8":3,"9":4,"10":4,"11":4,"12":2,"13":2,"14":2,"15":3,"16":3,"17":2,"18":1,"19":2},"f":{"0":9,"1":3,"2":4,"3":3,"4":2},"b":{"0":[2]}}
,"/Users/arbeitandy/src/public/rubato.pezware.com/backend/src/services/email.ts": {"path":"/Users/arbeitandy/src/public/rubato.pezware.com/backend/src/services/email.ts","statementMap":{"0":{"start":{"line":2,"column":0},"end":{"line":2,"column":null}},"1":{"start":{"line":6,"column":0},"end":{"line":6,"column":63}},"2":{"start":{"line":9,"column":22},"end":{"line":9,"column":30}},"3":{"start":{"line":12,"column":21},"end":{"line":12,"column":44}},"4":{"start":{"line":15,"column":4},"end":{"line":18,"column":5}},"5":{"start":{"line":16,"column":6},"end":{"line":16,"column":null}},"6":{"start":{"line":17,"column":6},"end":{"line":17,"column":12}},"7":{"start":{"line":21,"column":4},"end":{"line":25,"column":5}},"8":{"start":{"line":22,"column":6},"end":{"line":22,"column":null}},"9":{"start":{"line":24,"column":6},"end":{"line":24,"column":null}},"10":{"start":{"line":31,"column":6},"end":{"line":31,"column":68}},"11":{"start":{"line":33,"column":19},"end":{"line":33,"column":36}},"12":{"start":{"line":34,"column":17},"end":{"line":34,"column":46}},"13":{"start":{"line":35,"column":17},"end":{"line":35,"column":46}},"14":{"start":{"line":37,"column":21},"end":{"line":50,"column":6}},"15":{"start":{"line":52,"column":4},"end":{"line":55,"column":5}},"16":{"start":{"line":53,"column":20},"end":{"line":53,"column":41}},"17":{"start":{"line":54,"column":6},"end":{"line":54,"column":null}},"18":{"start":{"line":61,"column":6},"end":{"line":61,"column":68}},"19":{"start":{"line":63,"column":19},"end":{"line":63,"column":36}},"20":{"start":{"line":64,"column":16},"end":{"line":64,"column":41}},"21":{"start":{"line":68,"column":6},"end":{"line":68,"column":75}},"22":{"start":{"line":70,"column":4},"end":{"line":70,"column":null}},"23":{"start":{"line":75,"column":4},"end":{"line":75,"column":null}},"24":{"start":{"line":80,"column":4},"end":{"line":80,"column":null}},"25":{"start":{"line":8,"column":0},"end":{"line":8,"column":13}}},"fnMap":{"0":{"name":"(anonymous_0)","decl":{"start":{"line":9,"column":2},"end":{"line":9,"column":22}},"loc":{"start":{"line":9,"column":30},"end":{"line":9,"column":34}}},"1":{"name":"(anonymous_1)","decl":{"start":{"line":11,"column":2},"end":{"line":11,"column":7}},"loc":{"start":{"line":11,"column":55},"end":{"line":26,"column":3}}},"2":{"name":"(anonymous_2)","decl":{"start":{"line":28,"column":10},"end":{"line":28,"column":15}},"loc":{"start":{"line":28,"column":61},"end":{"line":56,"column":3}}},"3":{"name":"(anonymous_3)","decl":{"start":{"line":58,"column":10},"end":{"line":58,"column":21}},"loc":{"start":{"line":58,"column":35},"end":{"line":71,"column":3}}},"4":{"name":"(anonymous_4)","decl":{"start":{"line":73,"column":10},"end":{"line":73,"column":24}},"loc":{"start":{"line":73,"column":41},"end":{"line":76,"column":3}}},"5":{"name":"(anonymous_5)","decl":{"start":{"line":78,"column":10},"end":{"line":78,"column":24}},"loc":{"start":{"line":78,"column":41},"end":{"line":81,"column":3}}}},"branchMap":{"0":{"loc":{"start":{"line":15,"column":4},"end":{"line":18,"column":5}},"type":"if","locations":[{"start":{"line":15,"column":4},"end":{"line":18,"column":5}}]},"1":{"loc":{"start":{"line":21,"column":4},"end":{"line":25,"column":5}},"type":"if","locations":[{"start":{"line":21,"column":4},"end":{"line":25,"column":5}},{"start":{"line":23,"column":11},"end":{"line":25,"column":5}}]},"2":{"loc":{"start":{"line":31,"column":6},"end":{"line":31,"column":68}},"type":"cond-expr","locations":[{"start":{"line":31,"column":46},"end":{"line":31,"column":58}},{"start":{"line":31,"column":61},"end":{"line":31,"column":68}}]},"3":{"loc":{"start":{"line":52,"column":4},"end":{"line":55,"column":5}},"type":"if","locations":[{"start":{"line":52,"column":4},"end":{"line":55,"column":5}}]},"4":{"loc":{"start":{"line":61,"column":6},"end":{"line":61,"column":68}},"type":"cond-expr","locations":[{"start":{"line":61,"column":46},"end":{"line":61,"column":58}},{"start":{"line":61,"column":61},"end":{"line":61,"column":68}}]},"5":{"loc":{"start":{"line":68,"column":6},"end":{"line":68,"column":75}},"type":"binary-expr","locations":[{"start":{"line":68,"column":6},"end":{"line":68,"column":22}},{"start":{"line":68,"column":26},"end":{"line":68,"column":48}},{"start":{"line":68,"column":52},"end":{"line":68,"column":75}}]}},"s":{"0":1,"1":1,"2":1,"3":1,"4":1,"5":1,"6":1,"7":0,"8":0,"9":0,"10":0,"11":0,"12":0,"13":0,"14":0,"15":0,"16":0,"17":0,"18":1,"19":1,"20":1,"21":1,"22":1,"23":0,"24":0,"25":1},"f":{"0":1,"1":1,"2":0,"3":1,"4":0,"5":0},"b":{"0":[1],"1":[0,0],"2":[0,0],"3":[0],"4":[0,1],"5":[1,0,0]}}
,"/Users/arbeitandy/src/public/rubato.pezware.com/backend/src/services/user.ts": {"path":"/Users/arbeitandy/src/public/rubato.pezware.com/backend/src/services/user.ts","statementMap":{"0":{"start":{"line":2,"column":0},"end":{"line":2,"column":31}},"1":{"start":{"line":7,"column":22},"end":{"line":7,"column":36}},"2":{"start":{"line":10,"column":19},"end":{"line":13,"column":14}},"3":{"start":{"line":15,"column":4},"end":{"line":17,"column":5}},"4":{"start":{"line":16,"column":6},"end":{"line":16,"column":null}},"5":{"start":{"line":20,"column":24},"end":{"line":23,"column":14}},"6":{"start":{"line":25,"column":24},"end":{"line":27,"column":36}},"7":{"start":{"line":29,"column":4},"end":{"line":29,"column":null}},"8":{"start":{"line":33,"column":19},"end":{"line":36,"column":14}},"9":{"start":{"line":38,"column":4},"end":{"line":40,"column":5}},"10":{"start":{"line":39,"column":6},"end":{"line":39,"column":null}},"11":{"start":{"line":43,"column":24},"end":{"line":46,"column":14}},"12":{"start":{"line":48,"column":24},"end":{"line":50,"column":36}},"13":{"start":{"line":52,"column":4},"end":{"line":52,"column":null}},"14":{"start":{"line":59,"column":15},"end":{"line":59,"column":33}},"15":{"start":{"line":60,"column":16},"end":{"line":60,"column":40}},"16":{"start":{"line":63,"column":4},"end":{"line":68,"column":null}},"17":{"start":{"line":71,"column":24},"end":{"line":71,"column":52}},"18":{"start":{"line":72,"column":4},"end":{"line":77,"column":null}},"19":{"start":{"line":79,"column":4},"end":{"line":88,"column":null}},"20":{"start":{"line":92,"column":17},"end":{"line":92,"column":43}},"21":{"start":{"line":93,"column":4},"end":{"line":95,"column":5}},"22":{"start":{"line":94,"column":6},"end":{"line":94,"column":null}},"23":{"start":{"line":97,"column":30},"end":{"line":97,"column":32}},"24":{"start":{"line":98,"column":38},"end":{"line":98,"column":40}},"25":{"start":{"line":100,"column":4},"end":{"line":103,"column":5}},"26":{"start":{"line":101,"column":6},"end":{"line":101,"column":null}},"27":{"start":{"line":102,"column":6},"end":{"line":102,"column":null}},"28":{"start":{"line":105,"column":4},"end":{"line":108,"column":5}},"29":{"start":{"line":106,"column":6},"end":{"line":106,"column":null}},"30":{"start":{"line":107,"column":6},"end":{"line":107,"column":null}},"31":{"start":{"line":110,"column":4},"end":{"line":119,"column":5}},"32":{"start":{"line":111,"column":6},"end":{"line":111,"column":null}},"33":{"start":{"line":112,"column":6},"end":{"line":112,"column":null}},"34":{"start":{"line":113,"column":6},"end":{"line":113,"column":null}},"35":{"start":{"line":115,"column":6},"end":{"line":118,"column":null}},"36":{"start":{"line":122,"column":4},"end":{"line":132,"column":5}},"37":{"start":{"line":123,"column":27},"end":{"line":123,"column":43}},"38":{"start":{"line":124,"column":23},"end":{"line":124,"column":64}},"39":{"start":{"line":126,"column":6},"end":{"line":131,"column":null}},"40":{"start":{"line":134,"column":4},"end":{"line":134,"column":null}},"41":{"start":{"line":139,"column":4},"end":{"line":139,"column":null}},"42":{"start":{"line":144,"column":24},"end":{"line":156,"column":14}},"43":{"start":{"line":159,"column":23},"end":{"line":169,"column":12}},"44":{"start":{"line":171,"column":28},"end":{"line":172,"column":null}},"45":{"start":{"line":172,"column":34},"end":{"line":172,"column":59}},"46":{"start":{"line":175,"column":4},"end":{"line":181,"column":null}},"47":{"start":{"line":188,"column":4},"end":{"line":197,"column":null}},"48":{"start":{"line":201,"column":4},"end":{"line":206,"column":null}},"49":{"start":{"line":210,"column":4},"end":{"line":215,"column":null}},"50":{"start":{"line":219,"column":4},"end":{"line":219,"column":null}},"51":{"start":{"line":219,"column":28},"end":{"line":219,"column":null}},"52":{"start":{"line":221,"column":22},"end":{"line":221,"column":23}},"53":{"start":{"line":222,"column":18},"end":{"line":222,"column":56}},"54":{"start":{"line":225,"column":4},"end":{"line":231,"column":5}},"55":{"start":{"line":226,"column":24},"end":{"line":226,"column":34}},"56":{"start":{"line":227,"column":6},"end":{"line":227,"column":null}},"57":{"start":{"line":228,"column":6},"end":{"line":230,"column":7}},"58":{"start":{"line":229,"column":8},"end":{"line":229,"column":null}},"59":{"start":{"line":233,"column":4},"end":{"line":245,"column":5}},"60":{"start":{"line":233,"column":17},"end":{"line":233,"column":18}},"61":{"start":{"line":234,"column":22},"end":{"line":234,"column":44}},"62":{"start":{"line":235,"column":23},"end":{"line":235,"column":41}},"63":{"start":{"line":236,"column":23},"end":{"line":237,"column":null}},"64":{"start":{"line":240,"column":6},"end":{"line":244,"column":7}},"65":{"start":{"line":241,"column":8},"end":{"line":241,"column":null}},"66":{"start":{"line":243,"column":8},"end":{"line":243,"column":13}},"67":{"start":{"line":247,"column":4},"end":{"line":247,"column":null}},"68":{"start":{"line":6,"column":0},"end":{"line":6,"column":13}}},"fnMap":{"0":{"name":"(anonymous_0)","decl":{"start":{"line":7,"column":2},"end":{"line":7,"column":22}},"loc":{"start":{"line":7,"column":36},"end":{"line":7,"column":40}}},"1":{"name":"(anonymous_1)","decl":{"start":{"line":9,"column":2},"end":{"line":9,"column":7}},"loc":{"start":{"line":9,"column":30},"end":{"line":30,"column":3}}},"2":{"name":"(anonymous_2)","decl":{"start":{"line":32,"column":2},"end":{"line":32,"column":7}},"loc":{"start":{"line":32,"column":36},"end":{"line":53,"column":3}}},"3":{"name":"(anonymous_3)","decl":{"start":{"line":55,"column":2},"end":{"line":55,"column":7}},"loc":{"start":{"line":58,"column":3},"end":{"line":89,"column":3}}},"4":{"name":"(anonymous_4)","decl":{"start":{"line":91,"column":2},"end":{"line":91,"column":7}},"loc":{"start":{"line":91,"column":53},"end":{"line":135,"column":3}}},"5":{"name":"(anonymous_5)","decl":{"start":{"line":137,"column":2},"end":{"line":137,"column":7}},"loc":{"start":{"line":137,"column":29},"end":{"line":140,"column":3}}},"6":{"name":"(anonymous_6)","decl":{"start":{"line":142,"column":2},"end":{"line":142,"column":7}},"loc":{"start":{"line":142,"column":35},"end":{"line":182,"column":3}}},"7":{"name":"(anonymous_7)","decl":{"start":{"line":172,"column":29},"end":{"line":172,"column":30}},"loc":{"start":{"line":172,"column":34},"end":{"line":172,"column":59}}},"8":{"name":"(anonymous_8)","decl":{"start":{"line":184,"column":10},"end":{"line":184,"column":19}},"loc":{"start":{"line":186,"column":32},"end":{"line":198,"column":3}}},"9":{"name":"(anonymous_9)","decl":{"start":{"line":200,"column":10},"end":{"line":200,"column":31}},"loc":{"start":{"line":200,"column":31},"end":{"line":207,"column":3}}},"10":{"name":"(anonymous_10)","decl":{"start":{"line":209,"column":10},"end":{"line":209,"column":25}},"loc":{"start":{"line":209,"column":25},"end":{"line":216,"column":3}}},"11":{"name":"(anonymous_11)","decl":{"start":{"line":218,"column":10},"end":{"line":218,"column":34}},"loc":{"start":{"line":218,"column":50},"end":{"line":248,"column":3}}}},"branchMap":{"0":{"loc":{"start":{"line":15,"column":4},"end":{"line":17,"column":5}},"type":"if","locations":[{"start":{"line":15,"column":4},"end":{"line":17,"column":5}}]},"1":{"loc":{"start":{"line":25,"column":24},"end":{"line":27,"column":36}},"type":"cond-expr","locations":[{"start":{"line":26,"column":8},"end":{"line":26,"column":53}},{"start":{"line":27,"column":8},"end":{"line":27,"column":36}}]},"2":{"loc":{"start":{"line":38,"column":4},"end":{"line":40,"column":5}},"type":"if","locations":[{"start":{"line":38,"column":4},"end":{"line":40,"column":5}}]},"3":{"loc":{"start":{"line":48,"column":24},"end":{"line":50,"column":36}},"type":"cond-expr","locations":[{"start":{"line":49,"column":8},"end":{"line":49,"column":53}},{"start":{"line":50,"column":8},"end":{"line":50,"column":36}}]},"4":{"loc":{"start":{"line":67,"column":28},"end":{"line":67,"column":52}},"type":"binary-expr","locations":[{"start":{"line":67,"column":28},"end":{"line":67,"column":44}},{"start":{"line":67,"column":48},"end":{"line":67,"column":52}}]},"5":{"loc":{"start":{"line":93,"column":4},"end":{"line":95,"column":5}},"type":"if","locations":[{"start":{"line":93,"column":4},"end":{"line":95,"column":5}}]},"6":{"loc":{"start":{"line":100,"column":4},"end":{"line":103,"column":5}},"type":"if","locations":[{"start":{"line":100,"column":4},"end":{"line":103,"column":5}}]},"7":{"loc":{"start":{"line":105,"column":4},"end":{"line":108,"column":5}},"type":"if","locations":[{"start":{"line":105,"column":4},"end":{"line":108,"column":5}}]},"8":{"loc":{"start":{"line":110,"column":4},"end":{"line":119,"column":5}},"type":"if","locations":[{"start":{"line":110,"column":4},"end":{"line":119,"column":5}}]},"9":{"loc":{"start":{"line":122,"column":4},"end":{"line":132,"column":5}},"type":"if","locations":[{"start":{"line":122,"column":4},"end":{"line":132,"column":5}}]},"10":{"loc":{"start":{"line":176,"column":37},"end":{"line":176,"column":76}},"type":"binary-expr","locations":[{"start":{"line":176,"column":37},"end":{"line":176,"column":71}},{"start":{"line":176,"column":75},"end":{"line":176,"column":76}}]},"11":{"loc":{"start":{"line":180,"column":21},"end":{"line":180,"column":62}},"type":"binary-expr","locations":[{"start":{"line":180,"column":21},"end":{"line":180,"column":57}},{"start":{"line":180,"column":61},"end":{"line":180,"column":62}}]},"12":{"loc":{"start":{"line":219,"column":4},"end":{"line":219,"column":null}},"type":"if","locations":[{"start":{"line":219,"column":4},"end":{"line":219,"column":null}}]},"13":{"loc":{"start":{"line":225,"column":4},"end":{"line":231,"column":5}},"type":"if","locations":[{"start":{"line":225,"column":4},"end":{"line":231,"column":5}}]},"14":{"loc":{"start":{"line":228,"column":6},"end":{"line":230,"column":7}},"type":"if","locations":[{"start":{"line":228,"column":6},"end":{"line":230,"column":7}}]},"15":{"loc":{"start":{"line":240,"column":6},"end":{"line":244,"column":7}},"type":"if","locations":[{"start":{"line":240,"column":6},"end":{"line":244,"column":7}},{"start":{"line":242,"column":13},"end":{"line":244,"column":7}}]}},"s":{"0":2,"1":14,"2":11,"3":11,"4":2,"5":9,"6":9,"7":9,"8":1,"9":1,"10":1,"11":0,"12":0,"13":0,"14":3,"15":3,"16":3,"17":3,"18":3,"19":3,"20":4,"21":4,"22":1,"23":3,"24":3,"25":3,"26":1,"27":1,"28":3,"29":1,"30":1,"31":3,"32":2,"33":2,"34":2,"35":2,"36":3,"37":1,"38":1,"39":1,"40":3,"41":0,"42":2,"43":2,"44":2,"45":2,"46":2,"47":9,"48":4,"49":12,"50":2,"51":1,"52":1,"53":1,"54":1,"55":1,"56":1,"57":1,"58":1,"59":0,"60":0,"61":0,"62":0,"63":0,"64":0,"65":0,"66":0,"67":0,"68":2},"f":{"0":14,"1":11,"2":1,"3":3,"4":4,"5":0,"6":2,"7":2,"8":9,"9":4,"10":12,"11":2},"b":{"0":[2],"1":[8,1],"2":[1],"3":[0,0],"4":[3,2],"5":[1],"6":[1],"7":[1],"8":[2],"9":[1],"10":[2,1],"11":[2,1],"12":[1],"13":[1],"14":[1],"15":[0,0]}}
,"/Users/arbeitandy/src/public/rubato.pezware.com/backend/src/templates/email/compiled-templates.ts": {"path":"/Users/arbeitandy/src/public/rubato.pezware.com/backend/src/templates/email/compiled-templates.ts","statementMap":{"0":{"start":{"line":4,"column":13},"end":{"line":87,"column":null}},"1":{"start":{"line":89,"column":13},"end":{"line":102,"column":null}}},"fnMap":{},"branchMap":{},"s":{"0":1,"1":1},"f":{},"b":{}}
,"/Users/arbeitandy/src/public/rubato.pezware.com/backend/src/utils/auth.ts": {"path":"/Users/arbeitandy/src/public/rubato.pezware.com/backend/src/utils/auth.ts","statementMap":{"0":{"start":{"line":20,"column":0},"end":{"line":20,"column":16}},"1":{"start":{"line":25,"column":0},"end":{"line":25,"column":7}},"2":{"start":{"line":44,"column":0},"end":{"line":44,"column":7}},"3":{"start":{"line":62,"column":0},"end":{"line":62,"column":7}},"4":{"start":{"line":78,"column":0},"end":{"line":78,"column":7}},"5":{"start":{"line":98,"column":0},"end":{"line":98,"column":16}},"6":{"start":{"line":103,"column":0},"end":{"line":103,"column":16}},"7":{"start":{"line":1,"column":0},"end":{"line":1,"column":35}},"8":{"start":{"line":2,"column":0},"end":{"line":2,"column":31}},"9":{"start":{"line":21,"column":2},"end":{"line":21,"column":null}},"10":{"start":{"line":30,"column":18},"end":{"line":34,"column":null}},"11":{"start":{"line":37,"column":2},"end":{"line":40,"column":null}},"12":{"start":{"line":48,"column":2},"end":{"line":58,"column":null}},"13":{"start":{"line":66,"column":2},"end":{"line":74,"column":3}},"14":{"start":{"line":67,"column":20},"end":{"line":69,"column":20}},"15":{"start":{"line":71,"column":4},"end":{"line":71,"column":null}},"16":{"start":{"line":73,"column":4},"end":{"line":73,"column":null}},"17":{"start":{"line":82,"column":2},"end":{"line":94,"column":3}},"18":{"start":{"line":83,"column":20},"end":{"line":85,"column":39}},"19":{"start":{"line":87,"column":4},"end":{"line":89,"column":5}},"20":{"start":{"line":88,"column":6},"end":{"line":88,"column":null}},"21":{"start":{"line":91,"column":4},"end":{"line":91,"column":null}},"22":{"start":{"line":93,"column":4},"end":{"line":93,"column":null}},"23":{"start":{"line":99,"column":2},"end":{"line":99,"column":null}},"24":{"start":{"line":104,"column":21},"end":{"line":104,"column":49}},"25":{"start":{"line":105,"column":2},"end":{"line":105,"column":null}}},"fnMap":{"0":{"name":"generateMagicLinkToken","decl":{"start":{"line":20,"column":16},"end":{"line":20,"column":38}},"loc":{"start":{"line":20,"column":38},"end":{"line":22,"column":1}}},"1":{"name":"createJWT","decl":{"start":{"line":25,"column":22},"end":{"line":25,"column":31}},"loc":{"start":{"line":28,"column":36},"end":{"line":41,"column":1}}},"2":{"name":"createRefreshToken","decl":{"start":{"line":44,"column":22},"end":{"line":44,"column":40}},"loc":{"start":{"line":46,"column":16},"end":{"line":59,"column":1}}},"3":{"name":"verifyJWT","decl":{"start":{"line":62,"column":22},"end":{"line":62,"column":31}},"loc":{"start":{"line":64,"column":16},"end":{"line":75,"column":1}}},"4":{"name":"verifyRefreshToken","decl":{"start":{"line":78,"column":22},"end":{"line":78,"column":40}},"loc":{"start":{"line":80,"column":16},"end":{"line":95,"column":1}}},"5":{"name":"hashEmail","decl":{"start":{"line":98,"column":16},"end":{"line":98,"column":25}},"loc":{"start":{"line":98,"column":39},"end":{"line":100,"column":1}}},"6":{"name":"isValidEmail","decl":{"start":{"line":103,"column":16},"end":{"line":103,"column":28}},"loc":{"start":{"line":103,"column":42},"end":{"line":106,"column":1}}}},"branchMap":{"0":{"loc":{"start":{"line":28,"column":2},"end":{"line":28,"column":36}},"type":"default-arg","locations":[{"start":{"line":28,"column":31},"end":{"line":28,"column":36}}]},"1":{"loc":{"start":{"line":87,"column":4},"end":{"line":89,"column":5}},"type":"if","locations":[{"start":{"line":87,"column":4},"end":{"line":89,"column":5}}]}},"s":{"0":2,"1":2,"2":2,"3":2,"4":2,"5":2,"6":2,"7":2,"8":2,"9":3,"10":3,"11":3,"12":3,"13":0,"14":0,"15":0,"16":0,"17":2,"18":2,"19":1,"20":0,"21":1,"22":1,"23":0,"24":2,"25":2},"f":{"0":3,"1":3,"2":3,"3":0,"4":2,"5":0,"6":2},"b":{"0":[3],"1":[0]}}
,"/Users/arbeitandy/src/public/rubato.pezware.com/backend/src/utils/rateLimiter.ts": {"path":"/Users/arbeitandy/src/public/rubato.pezware.com/backend/src/utils/rateLimiter.ts","statementMap":{"0":{"start":{"line":7,"column":0},"end":{"line":7,"column":16}},"1":{"start":{"line":13,"column":2},"end":{"line":18,"column":null}},"2":{"start":{"line":16,"column":6},"end":{"line":16,"column":null}},"3":{"start":{"line":23,"column":44},"end":{"line":23,"column":53}},"4":{"start":{"line":24,"column":30},"end":{"line":24,"column":35}},"5":{"start":{"line":25,"column":33},"end":{"line":25,"column":36}},"6":{"start":{"line":28,"column":16},"end":{"line":28,"column":36}},"7":{"start":{"line":29,"column":23},"end":{"line":29,"column":64}},"8":{"start":{"line":31,"column":16},"end":{"line":31,"column":26}},"9":{"start":{"line":32,"column":21},"end":{"line":32,"column":56}},"10":{"start":{"line":35,"column":26},"end":{"line":35,"column":77}},"11":{"start":{"line":35,"column":50},"end":{"line":35,"column":76}},"12":{"start":{"line":37,"column":4},"end":{"line":41,"column":5}},"13":{"start":{"line":38,"column":6},"end":{"line":40,"column":null}},"14":{"start":{"line":43,"column":4},"end":{"line":43,"column":null}},"15":{"start":{"line":44,"column":4},"end":{"line":44,"column":null}},"16":{"start":{"line":46,"column":4},"end":{"line":48,"column":null}},"17":{"start":{"line":22,"column":0},"end":{"line":22,"column":13}}},"fnMap":{"0":{"name":"createRateLimiter","decl":{"start":{"line":7,"column":16},"end":{"line":7,"column":33}},"loc":{"start":{"line":9,"column":22},"end":{"line":19,"column":1}}},"1":{"name":"(anonymous_1)","decl":{"start":{"line":14,"column":4},"end":{"line":14,"column":9}},"loc":{"start":{"line":14,"column":20},"end":{"line":17,"column":5}}},"2":{"name":"(anonymous_2)","decl":{"start":{"line":27,"column":2},"end":{"line":27,"column":7}},"loc":{"start":{"line":27,"column":30},"end":{"line":49,"column":3}}},"3":{"name":"(anonymous_3)","decl":{"start":{"line":35,"column":42},"end":{"line":35,"column":46}},"loc":{"start":{"line":35,"column":50},"end":{"line":35,"column":76}}}},"branchMap":{"0":{"loc":{"start":{"line":29,"column":23},"end":{"line":29,"column":64}},"type":"binary-expr","locations":[{"start":{"line":29,"column":23},"end":{"line":29,"column":49}},{"start":{"line":29,"column":53},"end":{"line":29,"column":64}}]},"1":{"loc":{"start":{"line":32,"column":21},"end":{"line":32,"column":56}},"type":"binary-expr","locations":[{"start":{"line":32,"column":21},"end":{"line":32,"column":50}},{"start":{"line":32,"column":54},"end":{"line":32,"column":56}}]},"2":{"loc":{"start":{"line":37,"column":4},"end":{"line":41,"column":5}},"type":"if","locations":[{"start":{"line":37,"column":4},"end":{"line":41,"column":5}}]}},"s":{"0":1,"1":8,"2":5,"3":12,"4":12,"5":12,"6":637,"7":637,"8":637,"9":637,"10":637,"11":33483,"12":637,"13":7,"14":630,"15":630,"16":630,"17":1},"f":{"0":8,"1":5,"2":637,"3":33483},"b":{"0":[637,2],"1":[637,14],"2":[7]}}
}
