TN:
SF:src/index.ts
FN:13,getCorsHeaders
FN:38,addCorsHeaders
FN:46,(anonymous_2)
FN:55,(anonymous_3)
FN:137,(anonymous_4)
FNF:5
FNH:5
FNDA:32,getCorsHeaders
FNDA:31,addCorsHeaders
FNDA:123,(anonymous_2)
FNDA:32,(anonymous_3)
FNDA:7,(anonymous_4)
DA:1,1
DA:2,1
DA:3,1
DA:5,1
DA:6,1
DA:7,1
DA:8,1
DA:9,1
DA:10,1
DA:14,32
DA:16,32
DA:25,32
DA:28,32
DA:30,32
DA:31,31
DA:34,32
DA:43,31
DA:44,31
DA:45,31
DA:46,31
DA:47,123
DA:50,31
DA:54,1
DA:56,32
DA:59,32
DA:60,1
DA:67,31
DA:68,5
DA:87,26
DA:88,5
DA:89,5
DA:92,5
DA:93,5
DA:95,5
DA:119,21
DA:121,16
DA:122,14
DA:125,16
DA:127,16
DA:134,16
DA:138,7
DA:139,7
DA:140,7
DA:143,7
DA:144,6
DA:145,6
DA:146,6
DA:147,1
DA:153,6
DA:154,6
DA:155,2
DA:156,2
DA:157,2
DA:159,1
DA:165,6
DA:176,16
DA:177,12
DA:180,12
DA:181,1
DA:182,1
DA:183,1
DA:186,12
DA:188,4
DA:189,4
DA:211,5
DA:212,3
DA:227,3
DA:231,2
LF:68
LH:68
BRDA:14,0,0,32
BRDA:14,0,1,27
BRDA:25,1,0,32
BRDA:25,1,1,4
BRDA:30,2,0,31
BRDA:45,3,0,31
BRDA:59,4,0,1
BRDA:67,5,0,5
BRDA:67,6,0,31
BRDA:67,6,1,27
BRDA:87,7,0,5
BRDA:88,8,0,5
BRDA:88,8,1,4
BRDA:89,9,0,5
BRDA:89,9,1,3
BRDA:119,10,0,16
BRDA:121,11,0,14
BRDA:140,12,0,7
BRDA:140,12,1,4
BRDA:143,13,0,6
BRDA:146,14,0,1
BRDA:154,15,0,2
BRDA:180,16,0,1
BRDA:180,17,0,12
BRDA:180,17,1,11
BRDA:193,18,0,3
BRDA:193,18,1,1
BRDA:195,19,0,2
BRDA:195,19,1,2
BRDA:195,20,0,4
BRDA:195,20,1,3
BRDA:211,21,0,3
BRDA:211,22,0,5
BRDA:211,22,1,5
BRDA:216,23,0,3
BRDA:216,23,1,1
BRDA:217,24,0,3
BRDA:217,24,1,1
BRDA:222,25,0,3
BRDA:222,25,1,1
BRDA:223,26,0,3
BRDA:223,26,1,1
BRF:42
BRH:42
end_of_record
TN:
SF:src/version.ts
FNF:0
FNH:0
DA:2,0
LF:1
LH:0
BRF:0
BRH:0
end_of_record
TN:
SF:src/config/cors.ts
FN:26,getCorsConfig
FN:41,(anonymous_1)
FN:42,(anonymous_2)
FN:54,(anonymous_3)
FN:59,(anonymous_4)
FN:73,isOriginAllowed
FNF:6
FNH:6
FNDA:13,getCorsConfig
FNDA:39,(anonymous_1)
FNDA:39,(anonymous_2)
FNDA:34,(anonymous_3)
FNDA:34,(anonymous_4)
FNDA:5,isOriginAllowed
DA:6,1
DA:26,1
DA:31,13
DA:37,13
DA:38,13
DA:41,39
DA:42,39
DA:45,13
DA:46,12
DA:48,13
DA:49,12
DA:52,13
DA:54,34
DA:60,34
DA:67,1
DA:73,1
DA:78,5
DA:79,5
DA:80,5
LF:19
LH:19
BRDA:31,0,0,8
BRDA:31,0,1,5
BRDA:33,1,0,3
BRDA:33,1,1,2
BRDA:45,2,0,12
BRDA:48,3,0,12
BRDA:60,4,0,34
BRDA:60,4,1,29
BRDA:78,5,0,4
BRDA:78,5,1,1
BRF:10
BRH:10
end_of_record
TN:
SF:src/middleware/logging.ts
FN:1,logRequest
FNF:1
FNH:1
FNDA:17,logRequest
DA:1,1
DA:2,17
DA:3,17
DA:4,17
DA:5,17
DA:7,17
DA:11,7
DA:12,7
DA:13,6
DA:14,6
DA:17,6
DA:18,6
DA:19,5
DA:25,1
DA:28,1
DA:31,17
LF:16
LH:16
BRDA:7,0,0,7
BRDA:8,1,0,17
BRDA:8,1,1,8
BRF:3
BRH:3
end_of_record
TN:
SF:src/resolvers/auth.ts
FN:9,(anonymous_0)
FN:37,(anonymous_1)
FN:74,(anonymous_2)
FN:100,(anonymous_3)
FNF:4
FNH:2
FNDA:2,(anonymous_0)
FNDA:2,(anonymous_1)
FNDA:0,(anonymous_2)
FNDA:0,(anonymous_3)
DA:2,1
DA:3,1
DA:4,1
DA:5,1
DA:7,1
DA:10,2
DA:11,1
DA:14,1
DA:15,1
DA:19,1
DA:22,1
DA:25,1
DA:27,1
DA:32,0
DA:33,0
DA:38,2
DA:39,2
DA:43,2
DA:46,2
DA:48,2
DA:49,1
DA:53,1
DA:54,1
DA:55,1
DA:60,1
DA:62,1
DA:69,1
DA:70,1
DA:75,0
DA:79,0
DA:82,0
DA:83,0
DA:85,0
DA:86,0
DA:90,0
DA:92,0
DA:103,0
LF:37
LH:26
BRDA:10,0,0,1
BRDA:48,1,0,1
BRDA:54,2,0,1
BRDA:85,3,0,0
BRF:4
BRH:3
end_of_record
TN:
SF:src/resolvers/index.ts
FNF:0
FNH:0
DA:1,1
DA:2,1
DA:3,1
DA:4,1
DA:5,1
DA:8,1
LF:6
LH:6
BRF:0
BRH:0
end_of_record
TN:
SF:src/resolvers/practice.ts
FN:9,(anonymous_0)
FN:14,(anonymous_1)
FN:34,(anonymous_2)
FN:39,(anonymous_3)
FN:48,(anonymous_4)
FN:57,(anonymous_5)
FN:62,(anonymous_6)
FN:69,(anonymous_7)
FN:75,(anonymous_8)
FN:80,(anonymous_9)
FNF:10
FNH:10
FNDA:1,(anonymous_0)
FNDA:10,(anonymous_1)
FNDA:2,(anonymous_2)
FNDA:1,(anonymous_3)
FNDA:1,(anonymous_4)
FNDA:1,(anonymous_5)
FNDA:1,(anonymous_6)
FNDA:1,(anonymous_7)
FNDA:1,(anonymous_8)
FNDA:1,(anonymous_9)
DA:7,2
DA:11,1
DA:20,10
DA:36,2
DA:45,1
DA:54,1
DA:59,1
DA:64,1
DA:72,1
DA:77,1
DA:82,1
LF:11
LH:11
BRDA:16,0,0,6
BRDA:16,1,0,6
BRF:2
BRH:2
end_of_record
TN:
SF:src/resolvers/scalars.ts
FN:7,(anonymous_0)
FN:13,(anonymous_1)
FN:16,(anonymous_2)
FN:27,(anonymous_3)
FN:30,(anonymous_4)
FN:33,(anonymous_5)
FN:46,parseObject
FN:48,(anonymous_7)
FN:54,parseValue
FNF:9
FNH:0
FNDA:0,(anonymous_0)
FNDA:0,(anonymous_1)
FNDA:0,(anonymous_2)
FNDA:0,(anonymous_3)
FNDA:0,(anonymous_4)
FNDA:0,(anonymous_5)
FNDA:0,parseObject
FNDA:0,(anonymous_7)
FNDA:0,parseValue
DA:1,1
DA:3,1
DA:8,0
DA:9,0
DA:11,0
DA:14,0
DA:17,0
DA:18,0
DA:20,0
DA:28,0
DA:31,0
DA:34,0
DA:36,0
DA:38,0
DA:40,0
DA:47,0
DA:48,0
DA:49,0
DA:51,0
DA:55,0
DA:58,0
DA:61,0
DA:63,0
DA:65,0
DA:67,0
LF:25
LH:2
BRDA:8,0,0,0
BRDA:17,1,0,0
BRDA:34,2,0,0
BRDA:34,2,1,0
BRDA:34,2,2,0
BRDA:55,3,0,0
BRDA:55,3,1,0
BRDA:55,3,2,0
BRDA:55,3,3,0
BRDA:55,3,4,0
BRDA:55,3,5,0
BRDA:55,3,6,0
BRF:12
BRH:0
end_of_record
TN:
SF:src/resolvers/sheetMusic.ts
FN:8,(anonymous_0)
FN:13,(anonymous_1)
FN:31,(anonymous_2)
FNF:3
FNH:3
FNDA:6,(anonymous_0)
FNDA:19,(anonymous_1)
FNDA:24,(anonymous_2)
DA:6,2
DA:10,6
DA:19,19
DA:41,24
LF:4
LH:4
BRDA:15,0,0,14
BRDA:15,1,0,14
BRF:2
BRH:2
end_of_record
TN:
SF:src/resolvers/user.ts
FN:9,(anonymous_0)
FN:18,(anonymous_1)
FN:25,(anonymous_2)
FN:34,(anonymous_3)
FN:50,(anonymous_4)
FN:57,(anonymous_5)
FN:69,(anonymous_6)
FNF:7
FNH:2
FNDA:2,(anonymous_0)
FNDA:0,(anonymous_1)
FNDA:0,(anonymous_2)
FNDA:0,(anonymous_3)
FNDA:2,(anonymous_4)
FNDA:0,(anonymous_5)
FNDA:0,(anonymous_6)
DA:6,1
DA:8,1
DA:10,2
DA:11,1
DA:14,1
DA:15,1
DA:19,0
DA:20,0
DA:24,1
DA:26,0
DA:27,0
DA:30,0
DA:31,0
DA:35,0
DA:36,0
DA:39,0
DA:40,0
DA:42,0
DA:49,1
DA:52,2
DA:59,0
DA:70,0
DA:71,0
DA:75,1
LF:24
LH:10
BRDA:10,0,0,1
BRDA:26,1,0,0
BRDA:35,2,0,0
BRDA:52,3,0,2
BRDA:52,3,1,0
BRDA:60,4,0,0
BRDA:60,4,1,0
BRF:7
BRH:2
end_of_record
TN:
SF:src/schema/index.ts
FNF:0
FNH:0
DA:1,1
LF:1
LH:1
BRF:0
BRH:0
end_of_record
TN:
SF:src/services/auth.ts
FN:14,(anonymous_0)
FN:19,(anonymous_1)
FN:31,(anonymous_2)
FN:45,(anonymous_3)
FN:56,(anonymous_4)
FNF:5
FNH:5
FNDA:9,(anonymous_0)
FNDA:3,(anonymous_1)
FNDA:4,(anonymous_2)
FNDA:3,(anonymous_3)
FNDA:2,(anonymous_4)
DA:2,2
DA:10,2
DA:11,9
DA:12,9
DA:15,9
DA:16,9
DA:20,3
DA:21,3
DA:24,3
DA:28,3
DA:32,4
DA:33,4
DA:35,4
DA:36,2
DA:40,2
DA:42,2
DA:48,3
DA:53,3
DA:57,2
DA:58,1
LF:20
LH:20
BRDA:35,0,0,2
BRF:1
BRH:1
end_of_record
TN:
SF:src/services/email.ts
FN:9,(anonymous_0)
FN:11,(anonymous_1)
FN:28,(anonymous_2)
FN:58,(anonymous_3)
FN:73,(anonymous_4)
FN:78,(anonymous_5)
FNF:6
FNH:3
FNDA:1,(anonymous_0)
FNDA:1,(anonymous_1)
FNDA:0,(anonymous_2)
FNDA:1,(anonymous_3)
FNDA:0,(anonymous_4)
FNDA:0,(anonymous_5)
DA:2,1
DA:6,1
DA:8,1
DA:9,1
DA:12,1
DA:15,1
DA:16,1
DA:17,1
DA:21,0
DA:22,0
DA:24,0
DA:31,0
DA:33,0
DA:34,0
DA:35,0
DA:37,0
DA:52,0
DA:53,0
DA:54,0
DA:61,1
DA:63,1
DA:64,1
DA:68,1
DA:70,1
DA:75,0
DA:80,0
LF:26
LH:13
BRDA:15,0,0,1
BRDA:21,1,0,0
BRDA:21,1,1,0
BRDA:31,2,0,0
BRDA:31,2,1,0
BRDA:52,3,0,0
BRDA:61,4,0,0
BRDA:61,4,1,1
BRDA:68,5,0,1
BRDA:68,5,1,0
BRDA:68,5,2,0
BRF:11
BRH:3
end_of_record
TN:
SF:src/services/user.ts
FN:7,(anonymous_0)
FN:9,(anonymous_1)
FN:32,(anonymous_2)
FN:55,(anonymous_3)
FN:91,(anonymous_4)
FN:137,(anonymous_5)
FN:142,(anonymous_6)
FN:172,(anonymous_7)
FN:184,(anonymous_8)
FN:200,(anonymous_9)
FN:209,(anonymous_10)
FN:218,(anonymous_11)
FNF:12
FNH:11
FNDA:14,(anonymous_0)
FNDA:11,(anonymous_1)
FNDA:1,(anonymous_2)
FNDA:3,(anonymous_3)
FNDA:4,(anonymous_4)
FNDA:0,(anonymous_5)
FNDA:2,(anonymous_6)
FNDA:2,(anonymous_7)
FNDA:9,(anonymous_8)
FNDA:4,(anonymous_9)
FNDA:12,(anonymous_10)
FNDA:2,(anonymous_11)
DA:2,2
DA:6,2
DA:7,14
DA:10,11
DA:15,11
DA:16,2
DA:20,9
DA:25,9
DA:29,9
DA:33,1
DA:38,1
DA:39,1
DA:43,0
DA:48,0
DA:52,0
DA:59,3
DA:60,3
DA:63,3
DA:71,3
DA:72,3
DA:79,3
DA:92,4
DA:93,4
DA:94,1
DA:97,3
DA:98,3
DA:100,3
DA:101,1
DA:102,1
DA:105,3
DA:106,1
DA:107,1
DA:110,3
DA:111,2
DA:112,2
DA:113,2
DA:115,2
DA:122,3
DA:123,1
DA:124,1
DA:126,1
DA:134,3
DA:139,0
DA:144,2
DA:159,2
DA:171,2
DA:172,2
DA:175,2
DA:188,9
DA:201,4
DA:210,12
DA:219,2
DA:221,1
DA:222,1
DA:225,1
DA:226,1
DA:227,1
DA:228,1
DA:229,1
DA:233,0
DA:234,0
DA:235,0
DA:236,0
DA:240,0
DA:241,0
DA:243,0
DA:247,0
LF:67
LH:55
BRDA:15,0,0,2
BRDA:25,1,0,8
BRDA:25,1,1,1
BRDA:38,2,0,1
BRDA:48,3,0,0
BRDA:48,3,1,0
BRDA:67,4,0,3
BRDA:67,4,1,2
BRDA:93,5,0,1
BRDA:100,6,0,1
BRDA:105,7,0,1
BRDA:110,8,0,2
BRDA:122,9,0,1
BRDA:176,10,0,2
BRDA:176,10,1,1
BRDA:180,11,0,2
BRDA:180,11,1,1
BRDA:219,12,0,1
BRDA:225,13,0,1
BRDA:228,14,0,1
BRDA:240,15,0,0
BRDA:240,15,1,0
BRF:22
BRH:18
end_of_record
TN:
SF:src/templates/email/compiled-templates.ts
FNF:0
FNH:0
DA:4,1
DA:89,1
LF:2
LH:2
BRF:0
BRH:0
end_of_record
TN:
SF:src/utils/auth.ts
FN:20,generateMagicLinkToken
FN:25,createJWT
FN:44,createRefreshToken
FN:62,verifyJWT
FN:78,verifyRefreshToken
FN:98,hashEmail
FN:103,isValidEmail
FNF:7
FNH:5
FNDA:3,generateMagicLinkToken
FNDA:3,createJWT
FNDA:3,createRefreshToken
FNDA:0,verifyJWT
FNDA:2,verifyRefreshToken
FNDA:0,hashEmail
FNDA:2,isValidEmail
DA:1,2
DA:2,2
DA:20,2
DA:21,3
DA:25,2
DA:30,3
DA:37,3
DA:44,2
DA:48,3
DA:62,2
DA:66,0
DA:67,0
DA:71,0
DA:73,0
DA:78,2
DA:82,2
DA:83,2
DA:87,1
DA:88,0
DA:91,1
DA:93,1
DA:98,2
DA:99,0
DA:103,2
DA:104,2
DA:105,2
LF:26
LH:20
BRDA:28,0,0,3
BRDA:87,1,0,0
BRF:2
BRH:1
end_of_record
TN:
SF:src/utils/rateLimiter.ts
FN:7,createRateLimiter
FN:14,(anonymous_1)
FN:27,(anonymous_2)
FN:35,(anonymous_3)
FNF:4
FNH:4
FNDA:8,createRateLimiter
FNDA:5,(anonymous_1)
FNDA:637,(anonymous_2)
FNDA:33483,(anonymous_3)
DA:7,1
DA:13,8
DA:16,5
DA:22,1
DA:23,12
DA:24,12
DA:25,12
DA:28,637
DA:29,637
DA:31,637
DA:32,637
DA:35,33483
DA:37,637
DA:38,7
DA:43,630
DA:44,630
DA:46,630
LF:17
LH:17
BRDA:29,0,0,637
BRDA:29,0,1,2
BRDA:32,1,0,637
BRDA:32,1,1,14
BRDA:37,2,0,7
BRF:5
BRH:5
end_of_record
